104.10.12 12:20 B C:\Documents and Settings\-\Documenti\Web\mioweb5\_vti_pvt\botinfs.cnf --> ftp.muscas.it /_vti_pvt botinfs.cnf
104.10.12 12:20 B C:\Documents and Settings\-\Documenti\Web\mioweb5\_vti_pvt\bots.cnf --> ftp.muscas.it /_vti_pvt bots.cnf
104.10.12 12:20 B C:\Documents and Settings\-\Documenti\Web\mioweb5\_vti_pvt\deptodoc.btr --> ftp.muscas.it /_vti_pvt deptodoc.btr
104.10.12 12:20 B C:\Documents and Settings\-\Documenti\Web\mioweb5\_vti_pvt\doctodep.btr --> ftp.muscas.it /_vti_pvt doctodep.btr
104.10.12 12:20 B C:\Documents and Settings\-\Documenti\Web\mioweb5\_vti_pvt\linkinfo.cnf --> ftp.muscas.it /_vti_pvt linkinfo.cnf
104.10.12 12:20 B C:\Documents and Settings\-\Documenti\Web\mioweb5\_vti_pvt\service.cnf --> ftp.muscas.it /_vti_pvt service.cnf
104.10.12 12:20 B C:\Documents and Settings\-\Documenti\Web\mioweb5\_vti_pvt\service.lck --> ftp.muscas.it /_vti_pvt service.lck
104.10.12 12:20 B C:\Documents and Settings\-\Documenti\Web\mioweb5\_vti_pvt\services.cnf --> ftp.muscas.it /_vti_pvt services.cnf
104.10.25 14:42 B C:\Documents and Settings\-\Documenti\Web\mioweb5\_vti_pvt\botinfs.cnf --> ftp.interfree.it /_vti_pvt botinfs.cnf
104.10.25 14:42 B C:\Documents and Settings\-\Documenti\Web\mioweb5\_vti_pvt\bots.cnf --> ftp.interfree.it /_vti_pvt bots.cnf
104.10.25 14:42 B C:\Documents and Settings\-\Documenti\Web\mioweb5\_vti_pvt\deptodoc.btr --> ftp.interfree.it /_vti_pvt deptodoc.btr
104.10.25 14:42 B C:\Documents and Settings\-\Documenti\Web\mioweb5\_vti_pvt\doctodep.btr --> ftp.interfree.it /_vti_pvt doctodep.btr
104.10.25 14:42 B C:\Documents and Settings\-\Documenti\Web\mioweb5\_vti_pvt\linkinfo.cnf --> ftp.interfree.it /_vti_pvt linkinfo.cnf
104.10.25 14:42 B C:\Documents and Settings\-\Documenti\Web\mioweb5\_vti_pvt\service.cnf --> ftp.interfree.it /_vti_pvt service.cnf
104.10.25 14:42 B C:\Documents and Settings\-\Documenti\Web\mioweb5\_vti_pvt\service.lck --> ftp.interfree.it /_vti_pvt service.lck
104.10.25 14:42 B C:\Documents and Settings\-\Documenti\Web\mioweb5\_vti_pvt\services.cnf --> ftp.interfree.it /_vti_pvt services.cnf
104.10.25 14:42 B C:\Documents and Settings\-\Documenti\Web\mioweb5\_vti_pvt\structure.cnf --> ftp.interfree.it /_vti_pvt structure.cnf
104.10.25 14:42 B C:\Documents and Settings\-\Documenti\Web\mioweb5\_vti_pvt\WS_FTP.LOG --> ftp.interfree.it /_vti_pvt WS_FTP.LOG
104.10.25 14:44 B C:\Documents and Settings\-\Documenti\Web\mioweb5\_vti_pvt\botinfs.cnf --> ftp.interfree.it /_vti_pvt botinfs.cnf
104.10.25 14:44 B C:\Documents and Settings\-\Documenti\Web\mioweb5\_vti_pvt\bots.cnf --> ftp.interfree.it /_vti_pvt bots.cnf
104.10.25 14:44 B C:\Documents and Settings\-\Documenti\Web\mioweb5\_vti_pvt\deptodoc.btr --> ftp.interfree.it /_vti_pvt deptodoc.btr
104.10.25 14:44 B C:\Documents and Settings\-\Documenti\Web\mioweb5\_vti_pvt\doctodep.btr --> ftp.interfree.it /_vti_pvt doctodep.btr
104.10.25 14:44 B C:\Documents and Settings\-\Documenti\Web\mioweb5\_vti_pvt\linkinfo.cnf --> ftp.interfree.it /_vti_pvt linkinfo.cnf
104.10.25 14:44 B C:\Documents and Settings\-\Documenti\Web\mioweb5\_vti_pvt\service.cnf --> ftp.interfree.it /_vti_pvt service.cnf
104.10.25 14:44 B C:\Documents and Settings\-\Documenti\Web\mioweb5\_vti_pvt\service.lck --> ftp.interfree.it /_vti_pvt service.lck
104.10.25 14:44 B C:\Documents and Settings\-\Documenti\Web\mioweb5\_vti_pvt\services.cnf --> ftp.interfree.it /_vti_pvt services.cnf
104.10.25 14:44 B C:\Documents and Settings\-\Documenti\Web\mioweb5\_vti_pvt\structure.cnf --> ftp.interfree.it /_vti_pvt structure.cnf
104.10.25 14:44 B C:\Documents and Settings\-\Documenti\Web\mioweb5\_vti_pvt\WS_FTP.LOG --> ftp.interfree.it /_vti_pvt WS_FTP.LOG
104.10.25 19:47 B C:\Documents and Settings\-\Documenti\Web\mioweb5\_vti_pvt\botinfs.cnf --> ftp.interfree.it /_vti_pvt botinfs.cnf
104.10.25 19:47 B C:\Documents and Settings\-\Documenti\Web\mioweb5\_vti_pvt\bots.cnf --> ftp.interfree.it /_vti_pvt bots.cnf
104.10.25 19:47 B C:\Documents and Settings\-\Documenti\Web\mioweb5\_vti_pvt\deptodoc.btr --> ftp.interfree.it /_vti_pvt deptodoc.btr
104.10.25 19:47 B C:\Documents and Settings\-\Documenti\Web\mioweb5\_vti_pvt\doctodep.btr --> ftp.interfree.it /_vti_pvt doctodep.btr
104.10.25 19:47 B C:\Documents and Settings\-\Documenti\Web\mioweb5\_vti_pvt\linkinfo.cnf --> ftp.interfree.it /_vti_pvt linkinfo.cnf
104.10.25 19:47 B C:\Documents and Settings\-\Documenti\Web\mioweb5\_vti_pvt\service.cnf --> ftp.interfree.it /_vti_pvt service.cnf
104.10.25 19:47 B C:\Documents and Settings\-\Documenti\Web\mioweb5\_vti_pvt\service.lck --> ftp.interfree.it /_vti_pvt service.lck
104.10.25 19:47 B C:\Documents and Settings\-\Documenti\Web\mioweb5\_vti_pvt\services.cnf --> ftp.interfree.it /_vti_pvt services.cnf
104.10.25 19:47 B C:\Documents and Settings\-\Documenti\Web\mioweb5\_vti_pvt\structure.cnf --> ftp.interfree.it /_vti_pvt structure.cnf
104.10.25 19:47 B C:\Documents and Settings\-\Documenti\Web\mioweb5\_vti_pvt\WS_FTP.LOG --> ftp.interfree.it /_vti_pvt WS_FTP.LOG
104.10.28 01:09 B C:\Documents and Settings\-\Documenti\Web\mioweb5\_vti_pvt\botinfs.cnf --> ftp.muscas.it /_vti_pvt botinfs.cnf
104.10.28 01:09 B C:\Documents and Settings\-\Documenti\Web\mioweb5\_vti_pvt\bots.cnf --> ftp.muscas.it /_vti_pvt bots.cnf
104.10.28 01:09 B C:\Documents and Settings\-\Documenti\Web\mioweb5\_vti_pvt\deptodoc.btr --> ftp.muscas.it /_vti_pvt deptodoc.btr
104.10.28 01:09 B C:\Documents and Settings\-\Documenti\Web\mioweb5\_vti_pvt\doctodep.btr --> ftp.muscas.it /_vti_pvt doctodep.btr
104.10.28 01:09 B C:\Documents and Settings\-\Documenti\Web\mioweb5\_vti_pvt\linkinfo.cnf --> ftp.muscas.it /_vti_pvt linkinfo.cnf
104.10.28 01:09 B C:\Documents and Settings\-\Documenti\Web\mioweb5\_vti_pvt\service.cnf --> ftp.muscas.it /_vti_pvt service.cnf
104.10.28 01:09 B C:\Documents and Settings\-\Documenti\Web\mioweb5\_vti_pvt\service.lck --> ftp.muscas.it /_vti_pvt service.lck
104.10.28 01:09 B C:\Documents and Settings\-\Documenti\Web\mioweb5\_vti_pvt\services.cnf --> ftp.muscas.it /_vti_pvt services.cnf
104.10.28 01:09 B C:\Documents and Settings\-\Documenti\Web\mioweb5\_vti_pvt\structure.cnf --> ftp.muscas.it /_vti_pvt structure.cnf
104.10.28 01:09 B C:\Documents and Settings\-\Documenti\Web\mioweb5\_vti_pvt\WS_FTP.LOG --> ftp.muscas.it /_vti_pvt WS_FTP.LOG
104.10.29 10:02 B C:\Documents and Settings\-\Documenti\Web\mioweb5\_vti_pvt\botinfs.cnf --> ftp.muscas.it /_vti_pvt botinfs.cnf
104.10.29 10:02 B C:\Documents and Settings\-\Documenti\Web\mioweb5\_vti_pvt\bots.cnf --> ftp.muscas.it /_vti_pvt bots.cnf
104.10.29 10:02 B C:\Documents and Settings\-\Documenti\Web\mioweb5\_vti_pvt\deptodoc.btr --> ftp.muscas.it /_vti_pvt deptodoc.btr
104.10.29 10:02 B C:\Documents and Settings\-\Documenti\Web\mioweb5\_vti_pvt\doctodep.btr --> ftp.muscas.it /_vti_pvt doctodep.btr
104.10.29 10:02 B C:\Documents and Settings\-\Documenti\Web\mioweb5\_vti_pvt\linkinfo.cnf --> ftp.muscas.it /_vti_pvt linkinfo.cnf
104.10.29 10:02 B C:\Documents and Settings\-\Documenti\Web\mioweb5\_vti_pvt\service.cnf --> ftp.muscas.it /_vti_pvt service.cnf
104.10.29 10:02 B C:\Documents and Settings\-\Documenti\Web\mioweb5\_vti_pvt\service.lck --> ftp.muscas.it /_vti_pvt service.lck
104.10.29 10:02 B C:\Documents and Settings\-\Documenti\Web\mioweb5\_vti_pvt\services.cnf --> ftp.muscas.it /_vti_pvt services.cnf
104.10.29 10:02 B C:\Documents and Settings\-\Documenti\Web\mioweb5\_vti_pvt\structure.cnf --> ftp.muscas.it /_vti_pvt structure.cnf
104.10.29 10:02 B C:\Documents and Settings\-\Documenti\Web\mioweb5\_vti_pvt\WS_FTP.LOG --> ftp.muscas.it /_vti_pvt WS_FTP.LOG
105.02.08 23:09 B C:\Documents and Settings\-\Documenti\Web\mioweb5\_vti_pvt\botinfs.cnf --> ftp.muscas.it /_vti_pvt botinfs.cnf
105.02.08 23:09 B C:\Documents and Settings\-\Documenti\Web\mioweb5\_vti_pvt\bots.cnf --> ftp.muscas.it /_vti_pvt bots.cnf
105.02.08 23:09 B C:\Documents and Settings\-\Documenti\Web\mioweb5\_vti_pvt\deptodoc.btr --> ftp.muscas.it /_vti_pvt deptodoc.btr
105.02.08 23:09 B C:\Documents and Settings\-\Documenti\Web\mioweb5\_vti_pvt\doctodep.btr --> ftp.muscas.it /_vti_pvt doctodep.btr
105.02.08 23:09 B C:\Documents and Settings\-\Documenti\Web\mioweb5\_vti_pvt\linkinfo.cnf --> ftp.muscas.it /_vti_pvt linkinfo.cnf
105.02.08 23:09 B C:\Documents and Settings\-\Documenti\Web\mioweb5\_vti_pvt\service.cnf --> ftp.muscas.it /_vti_pvt service.cnf
105.02.08 23:09 B C:\Documents and Settings\-\Documenti\Web\mioweb5\_vti_pvt\service.lck --> ftp.muscas.it /_vti_pvt service.lck
105.02.08 23:09 B C:\Documents and Settings\-\Documenti\Web\mioweb5\_vti_pvt\services.cnf --> ftp.muscas.it /_vti_pvt services.cnf
105.02.08 23:09 B C:\Documents and Settings\-\Documenti\Web\mioweb5\_vti_pvt\structure.cnf --> ftp.muscas.it /_vti_pvt structure.cnf
105.02.08 23:09 B C:\Documents and Settings\-\Documenti\Web\mioweb5\_vti_pvt\WS_FTP.LOG --> ftp.muscas.it /_vti_pvt WS_FTP.LOG
105.02.16 14:59 B C:\Documents and Settings\-\Documenti\Web\mioweb5\_vti_pvt\botinfs.cnf --> ftp.muscas.it /_vti_pvt botinfs.cnf
105.02.16 14:59 B C:\Documents and Settings\-\Documenti\Web\mioweb5\_vti_pvt\bots.cnf --> ftp.muscas.it /_vti_pvt bots.cnf
105.02.16 14:59 B C:\Documents and Settings\-\Documenti\Web\mioweb5\_vti_pvt\deptodoc.btr --> ftp.muscas.it /_vti_pvt deptodoc.btr
105.02.16 14:59 B C:\Documents and Settings\-\Documenti\Web\mioweb5\_vti_pvt\doctodep.btr --> ftp.muscas.it /_vti_pvt doctodep.btr
105.02.16 14:59 B C:\Documents and Settings\-\Documenti\Web\mioweb5\_vti_pvt\linkinfo.cnf --> ftp.muscas.it /_vti_pvt linkinfo.cnf
105.02.16 14:59 B C:\Documents and Settings\-\Documenti\Web\mioweb5\_vti_pvt\service.cnf --> ftp.muscas.it /_vti_pvt service.cnf
105.02.16 14:59 B C:\Documents and Settings\-\Documenti\Web\mioweb5\_vti_pvt\service.lck --> ftp.muscas.it /_vti_pvt service.lck
105.02.16 14:59 B C:\Documents and Settings\-\Documenti\Web\mioweb5\_vti_pvt\services.cnf --> ftp.muscas.it /_vti_pvt services.cnf
105.02.16 14:59 B C:\Documents and Settings\-\Documenti\Web\mioweb5\_vti_pvt\structure.cnf --> ftp.muscas.it /_vti_pvt structure.cnf
105.02.16 14:59 B C:\Documents and Settings\-\Documenti\Web\mioweb5\_vti_pvt\WS_FTP.LOG --> ftp.muscas.it /_vti_pvt WS_FTP.LOG
105.03.14 11:41 B C:\Documents and Settings\-\Documenti\Web\mioweb5\_vti_pvt\botinfs.cnf --> ftp.muscas.it /_vti_pvt botinfs.cnf
105.03.14 11:41 B C:\Documents and Settings\-\Documenti\Web\mioweb5\_vti_pvt\bots.cnf --> ftp.muscas.it /_vti_pvt bots.cnf
105.03.14 11:41 B C:\Documents and Settings\-\Documenti\Web\mioweb5\_vti_pvt\deptodoc.btr --> ftp.muscas.it /_vti_pvt deptodoc.btr
105.03.14 11:41 B C:\Documents and Settings\-\Documenti\Web\mioweb5\_vti_pvt\doctodep.btr --> ftp.muscas.it /_vti_pvt doctodep.btr
105.03.14 11:41 B C:\Documents and Settings\-\Documenti\Web\mioweb5\_vti_pvt\linkinfo.cnf --> ftp.muscas.it /_vti_pvt linkinfo.cnf
105.03.14 11:41 B C:\Documents and Settings\-\Documenti\Web\mioweb5\_vti_pvt\service.cnf --> ftp.muscas.it /_vti_pvt service.cnf
105.03.14 11:41 B C:\Documents and Settings\-\Documenti\Web\mioweb5\_vti_pvt\service.lck --> ftp.muscas.it /_vti_pvt service.lck
105.03.14 11:41 B C:\Documents and Settings\-\Documenti\Web\mioweb5\_vti_pvt\services.cnf --> ftp.muscas.it /_vti_pvt services.cnf
105.03.14 11:41 B C:\Documents and Settings\-\Documenti\Web\mioweb5\_vti_pvt\structure.cnf --> ftp.muscas.it /_vti_pvt structure.cnf
105.03.14 11:41 B C:\Documents and Settings\-\Documenti\Web\mioweb5\_vti_pvt\WS_FTP.LOG --> ftp.muscas.it /_vti_pvt WS_FTP.LOG
105.03.14 15:16 B C:\Documents and Settings\-\Documenti\Web\mioweb5\_vti_pvt\_x_todo.htm --> ftp.muscas.it /_vti_pvt _x_todo.htm
105.03.14 15:16 B C:\Documents and Settings\-\Documenti\Web\mioweb5\_vti_pvt\_x_todoh.htm --> ftp.muscas.it /_vti_pvt _x_todoh.htm
105.03.14 15:16 B C:\Documents and Settings\-\Documenti\Web\mioweb5\_vti_pvt\botinfs.cnf --> ftp.muscas.it /_vti_pvt botinfs.cnf
105.03.14 15:16 B C:\Documents and Settings\-\Documenti\Web\mioweb5\_vti_pvt\bots.cnf --> ftp.muscas.it /_vti_pvt bots.cnf
105.03.14 15:16 B C:\Documents and Settings\-\Documenti\Web\mioweb5\_vti_pvt\deptodoc.btr --> ftp.muscas.it /_vti_pvt deptodoc.btr
105.03.14 15:16 B C:\Documents and Settings\-\Documenti\Web\mioweb5\_vti_pvt\doctodep.btr --> ftp.muscas.it /_vti_pvt doctodep.btr
105.03.14 15:16 B C:\Documents and Settings\-\Documenti\Web\mioweb5\_vti_pvt\linkinfo.cnf --> ftp.muscas.it /_vti_pvt linkinfo.cnf
105.03.14 15:16 B C:\Documents and Settings\-\Documenti\Web\mioweb5\_vti_pvt\service.cnf --> ftp.muscas.it /_vti_pvt service.cnf
105.03.14 15:16 B C:\Documents and Settings\-\Documenti\Web\mioweb5\_vti_pvt\service.lck --> ftp.muscas.it /_vti_pvt service.lck
105.03.14 15:16 B C:\Documents and Settings\-\Documenti\Web\mioweb5\_vti_pvt\services.cnf --> ftp.muscas.it /_vti_pvt services.cnf
105.03.14 15:16 B C:\Documents and Settings\-\Documenti\Web\mioweb5\_vti_pvt\structure.cnf --> ftp.muscas.it /_vti_pvt structure.cnf
105.03.14 15:16 B C:\Documents and Settings\-\Documenti\Web\mioweb5\_vti_pvt\WS_FTP.LOG --> ftp.muscas.it /_vti_pvt WS_FTP.LOG
105.03.15 21:49 B C:\Documents and Settings\-\Documenti\Web\mioweb5\_vti_pvt\_x_todo.htm --> ftp.muscas.it /_vti_pvt _x_todo.htm
105.03.15 21:49 B C:\Documents and Settings\-\Documenti\Web\mioweb5\_vti_pvt\_x_todoh.htm --> ftp.muscas.it /_vti_pvt _x_todoh.htm
105.03.15 21:49 B C:\Documents and Settings\-\Documenti\Web\mioweb5\_vti_pvt\botinfs.cnf --> ftp.muscas.it /_vti_pvt botinfs.cnf
105.03.15 21:49 B C:\Documents and Settings\-\Documenti\Web\mioweb5\_vti_pvt\bots.cnf --> ftp.muscas.it /_vti_pvt bots.cnf
105.03.15 21:49 B C:\Documents and Settings\-\Documenti\Web\mioweb5\_vti_pvt\deptodoc.btr --> ftp.muscas.it /_vti_pvt deptodoc.btr
105.03.15 21:49 B C:\Documents and Settings\-\Documenti\Web\mioweb5\_vti_pvt\doctodep.btr --> ftp.muscas.it /_vti_pvt doctodep.btr
105.03.15 21:49 B C:\Documents and Settings\-\Documenti\Web\mioweb5\_vti_pvt\linkinfo.cnf --> ftp.muscas.it /_vti_pvt linkinfo.cnf
105.03.15 21:49 B C:\Documents and Settings\-\Documenti\Web\mioweb5\_vti_pvt\service.cnf --> ftp.muscas.it /_vti_pvt service.cnf
105.03.15 21:49 B C:\Documents and Settings\-\Documenti\Web\mioweb5\_vti_pvt\service.lck --> ftp.muscas.it /_vti_pvt service.lck
105.03.15 21:49 B C:\Documents and Settings\-\Documenti\Web\mioweb5\_vti_pvt\services.cnf --> ftp.muscas.it /_vti_pvt services.cnf
105.03.15 21:49 B C:\Documents and Settings\-\Documenti\Web\mioweb5\_vti_pvt\structure.cnf --> ftp.muscas.it /_vti_pvt structure.cnf
105.03.15 21:49 B C:\Documents and Settings\-\Documenti\Web\mioweb5\_vti_pvt\WS_FTP.LOG --> ftp.muscas.it /_vti_pvt WS_FTP.LOG
105.03.15 22:00 B C:\Documents and Settings\-\Documenti\Web\mioweb5\_vti_pvt\_x_todo.htm --> ftp.muscas.it /_vti_pvt _x_todo.htm
105.03.15 22:00 B C:\Documents and Settings\-\Documenti\Web\mioweb5\_vti_pvt\_x_todoh.htm --> ftp.muscas.it /_vti_pvt _x_todoh.htm
105.03.15 22:00 B C:\Documents and Settings\-\Documenti\Web\mioweb5\_vti_pvt\botinfs.cnf --> ftp.muscas.it /_vti_pvt botinfs.cnf
105.03.15 22:00 B C:\Documents and Settings\-\Documenti\Web\mioweb5\_vti_pvt\bots.cnf --> ftp.muscas.it /_vti_pvt bots.cnf
105.03.15 22:00 B C:\Documents and Settings\-\Documenti\Web\mioweb5\_vti_pvt\deptodoc.btr --> ftp.muscas.it /_vti_pvt deptodoc.btr
105.03.15 22:00 B C:\Documents and Settings\-\Documenti\Web\mioweb5\_vti_pvt\doctodep.btr --> ftp.muscas.it /_vti_pvt doctodep.btr
105.03.15 22:00 B C:\Documents and Settings\-\Documenti\Web\mioweb5\_vti_pvt\linkinfo.cnf --> ftp.muscas.it /_vti_pvt linkinfo.cnf
105.03.15 22:00 B C:\Documents and Settings\-\Documenti\Web\mioweb5\_vti_pvt\service.cnf --> ftp.muscas.it /_vti_pvt service.cnf
105.03.15 22:00 B C:\Documents and Settings\-\Documenti\Web\mioweb5\_vti_pvt\service.lck --> ftp.muscas.it /_vti_pvt service.lck
105.03.15 22:00 B C:\Documents and Settings\-\Documenti\Web\mioweb5\_vti_pvt\services.cnf --> ftp.muscas.it /_vti_pvt services.cnf
105.03.15 22:00 B C:\Documents and Settings\-\Documenti\Web\mioweb5\_vti_pvt\structure.cnf --> ftp.muscas.it /_vti_pvt structure.cnf
105.03.15 22:00 B C:\Documents and Settings\-\Documenti\Web\mioweb5\_vti_pvt\WS_FTP.LOG --> ftp.muscas.it /_vti_pvt WS_FTP.LOG
105.03.15 22:43 B C:\Documents and Settings\-\Documenti\Web\mioweb5\_vti_pvt\_x_todo.htm --> ftp.muscas.it /_vti_pvt _x_todo.htm
105.03.15 22:43 B C:\Documents and Settings\-\Documenti\Web\mioweb5\_vti_pvt\_x_todoh.htm --> ftp.muscas.it /_vti_pvt _x_todoh.htm
105.03.15 22:43 B C:\Documents and Settings\-\Documenti\Web\mioweb5\_vti_pvt\botinfs.cnf --> ftp.muscas.it /_vti_pvt botinfs.cnf
105.03.15 22:43 B C:\Documents and Settings\-\Documenti\Web\mioweb5\_vti_pvt\bots.cnf --> ftp.muscas.it /_vti_pvt bots.cnf
105.03.15 22:43 B C:\Documents and Settings\-\Documenti\Web\mioweb5\_vti_pvt\deptodoc.btr --> ftp.muscas.it /_vti_pvt deptodoc.btr
105.03.15 22:43 B C:\Documents and Settings\-\Documenti\Web\mioweb5\_vti_pvt\doctodep.btr --> ftp.muscas.it /_vti_pvt doctodep.btr
105.03.15 22:43 B C:\Documents and Settings\-\Documenti\Web\mioweb5\_vti_pvt\linkinfo.cnf --> ftp.muscas.it /_vti_pvt linkinfo.cnf
105.03.15 22:43 B C:\Documents and Settings\-\Documenti\Web\mioweb5\_vti_pvt\service.cnf --> ftp.muscas.it /_vti_pvt service.cnf
105.03.15 22:43 B C:\Documents and Settings\-\Documenti\Web\mioweb5\_vti_pvt\service.lck --> ftp.muscas.it /_vti_pvt service.lck
105.03.15 22:43 B C:\Documents and Settings\-\Documenti\Web\mioweb5\_vti_pvt\services.cnf --> ftp.muscas.it /_vti_pvt services.cnf
105.03.15 22:43 B C:\Documents and Settings\-\Documenti\Web\mioweb5\_vti_pvt\structure.cnf --> ftp.muscas.it /_vti_pvt structure.cnf
105.03.15 22:43 B C:\Documents and Settings\-\Documenti\Web\mioweb5\_vti_pvt\WS_FTP.LOG --> ftp.muscas.it /_vti_pvt WS_FTP.LOG
107.09.05 18:45 B C:\Documents and Settings\-\Documenti\Web\mioweb5\_vti_pvt\_x_todo.htm --> ftp.interfree.it /_vti_pvt _x_todo.htm
107.09.05 18:45 B C:\Documents and Settings\-\Documenti\Web\mioweb5\_vti_pvt\_x_todoh.htm --> ftp.interfree.it /_vti_pvt _x_todoh.htm
107.09.05 18:45 B C:\Documents and Settings\-\Documenti\Web\mioweb5\_vti_pvt\botinfs.cnf --> ftp.interfree.it /_vti_pvt botinfs.cnf
107.09.05 18:45 B C:\Documents and Settings\-\Documenti\Web\mioweb5\_vti_pvt\bots.cnf --> ftp.interfree.it /_vti_pvt bots.cnf
107.09.05 18:45 B C:\Documents and Settings\-\Documenti\Web\mioweb5\_vti_pvt\deptodoc.btr --> ftp.interfree.it /_vti_pvt deptodoc.btr
107.09.05 18:45 B C:\Documents and Settings\-\Documenti\Web\mioweb5\_vti_pvt\doctodep.btr --> ftp.interfree.it /_vti_pvt doctodep.btr
107.09.05 18:45 B C:\Documents and Settings\-\Documenti\Web\mioweb5\_vti_pvt\linkinfo.cnf --> ftp.interfree.it /_vti_pvt linkinfo.cnf
107.09.05 18:45 B C:\Documents and Settings\-\Documenti\Web\mioweb5\_vti_pvt\service.cnf --> ftp.interfree.it /_vti_pvt service.cnf
107.09.05 18:45 B C:\Documents and Settings\-\Documenti\Web\mioweb5\_vti_pvt\service.lck --> ftp.interfree.it /_vti_pvt service.lck
107.09.05 18:45 B C:\Documents and Settings\-\Documenti\Web\mioweb5\_vti_pvt\services.cnf --> ftp.interfree.it /_vti_pvt services.cnf
107.09.05 18:45 B C:\Documents and Settings\-\Documenti\Web\mioweb5\_vti_pvt\structure.cnf --> ftp.interfree.it /_vti_pvt structure.cnf
107.09.05 18:45 B C:\Documents and Settings\-\Documenti\Web\mioweb5\_vti_pvt\WS_FTP.LOG --> ftp.interfree.it /_vti_pvt WS_FTP.LOG
107.09.12 02:04 B C:\Documents and Settings\-\Documenti\Web\mioweb5\_vti_pvt\_x_todo.htm --> ftp.interfree.it /_vti_pvt _x_todo.htm
107.09.12 02:04 B C:\Documents and Settings\-\Documenti\Web\mioweb5\_vti_pvt\_x_todoh.htm --> ftp.interfree.it /_vti_pvt _x_todoh.htm
107.09.12 02:04 B C:\Documents and Settings\-\Documenti\Web\mioweb5\_vti_pvt\botinfs.cnf --> ftp.interfree.it /_vti_pvt botinfs.cnf
107.09.12 02:04 B C:\Documents and Settings\-\Documenti\Web\mioweb5\_vti_pvt\bots.cnf --> ftp.interfree.it /_vti_pvt bots.cnf
107.09.12 02:04 B C:\Documents and Settings\-\Documenti\Web\mioweb5\_vti_pvt\deptodoc.btr --> ftp.interfree.it /_vti_pvt deptodoc.btr
107.09.12 02:04 B C:\Documents and Settings\-\Documenti\Web\mioweb5\_vti_pvt\doctodep.btr --> ftp.interfree.it /_vti_pvt doctodep.btr
107.09.12 02:04 B C:\Documents and Settings\-\Documenti\Web\mioweb5\_vti_pvt\linkinfo.cnf --> ftp.interfree.it /_vti_pvt linkinfo.cnf
107.09.12 02:04 B C:\Documents and Settings\-\Documenti\Web\mioweb5\_vti_pvt\service.cnf --> ftp.interfree.it /_vti_pvt service.cnf
107.09.12 02:04 B C:\Documents and Settings\-\Documenti\Web\mioweb5\_vti_pvt\service.lck --> ftp.interfree.it /_vti_pvt service.lck
107.09.12 02:04 B C:\Documents and Settings\-\Documenti\Web\mioweb5\_vti_pvt\services.cnf --> ftp.interfree.it /_vti_pvt services.cnf
107.09.12 02:04 B C:\Documents and Settings\-\Documenti\Web\mioweb5\_vti_pvt\structure.cnf --> ftp.interfree.it /_vti_pvt structure.cnf
107.09.12 02:04 B C:\Documents and Settings\-\Documenti\Web\mioweb5\_vti_pvt\WS_FTP.LOG --> ftp.interfree.it /_vti_pvt WS_FTP.LOG
107.09.16 19:53 B C:\Documents and Settings\-\Documenti\Web\mioweb5\_vti_pvt\_x_todo.htm --> ftp.interfree.it /_vti_pvt _x_todo.htm
107.09.16 19:53 B C:\Documents and Settings\-\Documenti\Web\mioweb5\_vti_pvt\_x_todoh.htm --> ftp.interfree.it /_vti_pvt _x_todoh.htm
107.09.16 19:53 B C:\Documents and Settings\-\Documenti\Web\mioweb5\_vti_pvt\botinfs.cnf --> ftp.interfree.it /_vti_pvt botinfs.cnf
107.09.16 19:53 B C:\Documents and Settings\-\Documenti\Web\mioweb5\_vti_pvt\bots.cnf --> ftp.interfree.it /_vti_pvt bots.cnf
107.09.16 19:53 B C:\Documents and Settings\-\Documenti\Web\mioweb5\_vti_pvt\deptodoc.btr --> ftp.interfree.it /_vti_pvt deptodoc.btr
107.09.16 19:53 B C:\Documents and Settings\-\Documenti\Web\mioweb5\_vti_pvt\doctodep.btr --> ftp.interfree.it /_vti_pvt doctodep.btr
107.09.16 19:53 B C:\Documents and Settings\-\Documenti\Web\mioweb5\_vti_pvt\linkinfo.cnf --> ftp.interfree.it /_vti_pvt linkinfo.cnf
107.09.16 19:53 B C:\Documents and Settings\-\Documenti\Web\mioweb5\_vti_pvt\service.cnf --> ftp.interfree.it /_vti_pvt service.cnf
107.09.16 19:53 B C:\Documents and Settings\-\Documenti\Web\mioweb5\_vti_pvt\service.lck --> ftp.interfree.it /_vti_pvt service.lck
107.09.16 19:53 B C:\Documents and Settings\-\Documenti\Web\mioweb5\_vti_pvt\services.cnf --> ftp.interfree.it /_vti_pvt services.cnf
107.09.16 19:53 B C:\Documents and Settings\-\Documenti\Web\mioweb5\_vti_pvt\structure.cnf --> ftp.interfree.it /_vti_pvt structure.cnf
107.09.16 19:53 B C:\Documents and Settings\-\Documenti\Web\mioweb5\_vti_pvt\WS_FTP.LOG --> ftp.interfree.it /_vti_pvt WS_FTP.LOG
108.02.03 16:10 B C:\Documents and Settings\-\Documenti\Web\mioweb5\_vti_pvt\_x_todo.htm --> ftp.interfree.it /_vti_pvt _x_todo.htm
108.02.03 16:10 B C:\Documents and Settings\-\Documenti\Web\mioweb5\_vti_pvt\_x_todoh.htm --> ftp.interfree.it /_vti_pvt _x_todoh.htm
108.02.03 16:10 B C:\Documents and Settings\-\Documenti\Web\mioweb5\_vti_pvt\botinfs.cnf --> ftp.interfree.it /_vti_pvt botinfs.cnf
108.02.03 16:10 B C:\Documents and Settings\-\Documenti\Web\mioweb5\_vti_pvt\bots.cnf --> ftp.interfree.it /_vti_pvt bots.cnf
108.02.03 16:10 B C:\Documents and Settings\-\Documenti\Web\mioweb5\_vti_pvt\deptodoc.btr --> ftp.interfree.it /_vti_pvt deptodoc.btr
108.02.03 16:10 B C:\Documents and Settings\-\Documenti\Web\mioweb5\_vti_pvt\doctodep.btr --> ftp.interfree.it /_vti_pvt doctodep.btr
108.02.03 16:10 B C:\Documents and Settings\-\Documenti\Web\mioweb5\_vti_pvt\linkinfo.cnf --> ftp.interfree.it /_vti_pvt linkinfo.cnf
108.02.03 16:10 B C:\Documents and Settings\-\Documenti\Web\mioweb5\_vti_pvt\service.cnf --> ftp.interfree.it /_vti_pvt service.cnf
108.02.03 16:10 B C:\Documents and Settings\-\Documenti\Web\mioweb5\_vti_pvt\service.lck --> ftp.interfree.it /_vti_pvt service.lck
108.02.03 16:10 B C:\Documents and Settings\-\Documenti\Web\mioweb5\_vti_pvt\services.cnf --> ftp.interfree.it /_vti_pvt services.cnf
108.02.03 16:10 B C:\Documents and Settings\-\Documenti\Web\mioweb5\_vti_pvt\structure.cnf --> ftp.interfree.it /_vti_pvt structure.cnf
108.02.03 16:10 B C:\Documents and Settings\-\Documenti\Web\mioweb5\_vti_pvt\WS_FTP.LOG --> ftp.interfree.it /_vti_pvt WS_FTP.LOG
108.02.03 19:46 B C:\Documents and Settings\-\Documenti\Web\mioweb5\_vti_pvt\_x_todo.htm --> ftp.interfree.it /_vti_pvt _x_todo.htm
108.02.03 19:46 B C:\Documents and Settings\-\Documenti\Web\mioweb5\_vti_pvt\_x_todoh.htm --> ftp.interfree.it /_vti_pvt _x_todoh.htm
108.02.03 19:46 B C:\Documents and Settings\-\Documenti\Web\mioweb5\_vti_pvt\botinfs.cnf --> ftp.interfree.it /_vti_pvt botinfs.cnf
108.02.03 19:46 B C:\Documents and Settings\-\Documenti\Web\mioweb5\_vti_pvt\bots.cnf --> ftp.interfree.it /_vti_pvt bots.cnf
108.02.03 19:46 B C:\Documents and Settings\-\Documenti\Web\mioweb5\_vti_pvt\deptodoc.btr --> ftp.interfree.it /_vti_pvt deptodoc.btr
108.02.03 19:46 B C:\Documents and Settings\-\Documenti\Web\mioweb5\_vti_pvt\doctodep.btr --> ftp.interfree.it /_vti_pvt doctodep.btr
108.02.03 19:46 B C:\Documents and Settings\-\Documenti\Web\mioweb5\_vti_pvt\linkinfo.cnf --> ftp.interfree.it /_vti_pvt linkinfo.cnf
108.02.03 19:46 B C:\Documents and Settings\-\Documenti\Web\mioweb5\_vti_pvt\service.cnf --> ftp.interfree.it /_vti_pvt service.cnf
108.02.03 19:46 B C:\Documents and Settings\-\Documenti\Web\mioweb5\_vti_pvt\service.lck --> ftp.interfree.it /_vti_pvt service.lck
108.02.03 19:46 B C:\Documents and Settings\-\Documenti\Web\mioweb5\_vti_pvt\services.cnf --> ftp.interfree.it /_vti_pvt services.cnf
108.02.03 19:46 B C:\Documents and Settings\-\Documenti\Web\mioweb5\_vti_pvt\structure.cnf --> ftp.interfree.it /_vti_pvt structure.cnf
108.02.03 19:46 B C:\Documents and Settings\-\Documenti\Web\mioweb5\_vti_pvt\WS_FTP.LOG --> ftp.interfree.it /_vti_pvt WS_FTP.LOG
108.02.04 12:43 B C:\Documents and Settings\-\Documenti\Web\mioweb5\_vti_pvt\_x_todo.htm --> ftp.interfree.it /_vti_pvt _x_todo.htm
108.02.04 12:43 B C:\Documents and Settings\-\Documenti\Web\mioweb5\_vti_pvt\_x_todoh.htm --> ftp.interfree.it /_vti_pvt _x_todoh.htm
108.02.04 12:43 B C:\Documents and Settings\-\Documenti\Web\mioweb5\_vti_pvt\botinfs.cnf --> ftp.interfree.it /_vti_pvt botinfs.cnf
108.02.04 12:43 B C:\Documents and Settings\-\Documenti\Web\mioweb5\_vti_pvt\bots.cnf --> ftp.interfree.it /_vti_pvt bots.cnf
108.02.04 12:43 B C:\Documents and Settings\-\Documenti\Web\mioweb5\_vti_pvt\deptodoc.btr --> ftp.interfree.it /_vti_pvt deptodoc.btr
108.02.04 12:43 B C:\Documents and Settings\-\Documenti\Web\mioweb5\_vti_pvt\doctodep.btr --> ftp.interfree.it /_vti_pvt doctodep.btr
108.02.04 12:43 B C:\Documents and Settings\-\Documenti\Web\mioweb5\_vti_pvt\linkinfo.cnf --> ftp.interfree.it /_vti_pvt linkinfo.cnf
108.02.04 12:43 B C:\Documents and Settings\-\Documenti\Web\mioweb5\_vti_pvt\service.cnf --> ftp.interfree.it /_vti_pvt service.cnf
108.02.04 12:43 B C:\Documents and Settings\-\Documenti\Web\mioweb5\_vti_pvt\service.lck --> ftp.interfree.it /_vti_pvt service.lck
108.02.04 12:43 B C:\Documents and Settings\-\Documenti\Web\mioweb5\_vti_pvt\services.cnf --> ftp.interfree.it /_vti_pvt services.cnf
108.02.04 12:43 B C:\Documents and Settings\-\Documenti\Web\mioweb5\_vti_pvt\structure.cnf --> ftp.interfree.it /_vti_pvt structure.cnf
108.02.04 12:43 B C:\Documents and Settings\-\Documenti\Web\mioweb5\_vti_pvt\WS_FTP.LOG --> ftp.interfree.it /_vti_pvt WS_FTP.LOG
108.02.04 12:58 B C:\Documents and Settings\-\Documenti\Web\mioweb5\_vti_pvt\_x_todo.htm --> ftp.interfree.it /_vti_pvt _x_todo.htm
108.02.04 12:58 B C:\Documents and Settings\-\Documenti\Web\mioweb5\_vti_pvt\_x_todoh.htm --> ftp.interfree.it /_vti_pvt _x_todoh.htm
108.02.04 12:58 B C:\Documents and Settings\-\Documenti\Web\mioweb5\_vti_pvt\botinfs.cnf --> ftp.interfree.it /_vti_pvt botinfs.cnf
108.02.04 12:58 B C:\Documents and Settings\-\Documenti\Web\mioweb5\_vti_pvt\bots.cnf --> ftp.interfree.it /_vti_pvt bots.cnf
108.02.04 12:58 B C:\Documents and Settings\-\Documenti\Web\mioweb5\_vti_pvt\deptodoc.btr --> ftp.interfree.it /_vti_pvt deptodoc.btr
108.02.04 12:58 B C:\Documents and Settings\-\Documenti\Web\mioweb5\_vti_pvt\doctodep.btr --> ftp.interfree.it /_vti_pvt doctodep.btr
108.02.04 12:59 B C:\Documents and Settings\-\Documenti\Web\mioweb5\_vti_pvt\linkinfo.cnf --> ftp.interfree.it /_vti_pvt linkinfo.cnf
108.02.04 12:59 B C:\Documents and Settings\-\Documenti\Web\mioweb5\_vti_pvt\service.cnf --> ftp.interfree.it /_vti_pvt service.cnf
108.02.04 12:59 B C:\Documents and Settings\-\Documenti\Web\mioweb5\_vti_pvt\service.lck --> ftp.interfree.it /_vti_pvt service.lck
108.02.04 12:59 B C:\Documents and Settings\-\Documenti\Web\mioweb5\_vti_pvt\services.cnf --> ftp.interfree.it /_vti_pvt services.cnf
108.02.04 12:59 B C:\Documents and Settings\-\Documenti\Web\mioweb5\_vti_pvt\structure.cnf --> ftp.interfree.it /_vti_pvt structure.cnf
108.02.04 12:59 B C:\Documents and Settings\-\Documenti\Web\mioweb5\_vti_pvt\WS_FTP.LOG --> ftp.interfree.it /_vti_pvt WS_FTP.LOG
108.02.04 13:51 B C:\Documents and Settings\-\Documenti\Web\mioweb5\_vti_pvt\_x_todo.htm --> ftp.interfree.it /_vti_pvt _x_todo.htm
108.02.04 13:51 B C:\Documents and Settings\-\Documenti\Web\mioweb5\_vti_pvt\_x_todoh.htm --> ftp.interfree.it /_vti_pvt _x_todoh.htm
108.02.04 13:51 B C:\Documents and Settings\-\Documenti\Web\mioweb5\_vti_pvt\botinfs.cnf --> ftp.interfree.it /_vti_pvt botinfs.cnf
108.02.04 13:51 B C:\Documents and Settings\-\Documenti\Web\mioweb5\_vti_pvt\bots.cnf --> ftp.interfree.it /_vti_pvt bots.cnf
108.02.04 13:51 B C:\Documents and Settings\-\Documenti\Web\mioweb5\_vti_pvt\deptodoc.btr --> ftp.interfree.it /_vti_pvt deptodoc.btr
108.02.04 13:51 B C:\Documents and Settings\-\Documenti\Web\mioweb5\_vti_pvt\doctodep.btr --> ftp.interfree.it /_vti_pvt doctodep.btr
108.02.04 13:51 B C:\Documents and Settings\-\Documenti\Web\mioweb5\_vti_pvt\linkinfo.cnf --> ftp.interfree.it /_vti_pvt linkinfo.cnf
108.02.04 13:51 B C:\Documents and Settings\-\Documenti\Web\mioweb5\_vti_pvt\service.cnf --> ftp.interfree.it /_vti_pvt service.cnf
108.02.04 13:51 B C:\Documents and Settings\-\Documenti\Web\mioweb5\_vti_pvt\service.lck --> ftp.interfree.it /_vti_pvt service.lck
108.02.04 13:51 B C:\Documents and Settings\-\Documenti\Web\mioweb5\_vti_pvt\services.cnf --> ftp.interfree.it /_vti_pvt services.cnf
108.02.04 13:51 B C:\Documents and Settings\-\Documenti\Web\mioweb5\_vti_pvt\structure.cnf --> ftp.interfree.it /_vti_pvt structure.cnf
108.02.04 13:51 B C:\Documents and Settings\-\Documenti\Web\mioweb5\_vti_pvt\WS_FTP.LOG --> ftp.interfree.it /_vti_pvt WS_FTP.LOG
108.02.04 15:38 B C:\Documents and Settings\-\Documenti\Web\mioweb5\_vti_pvt\_x_todo.htm --> ftp.interfree.it /_vti_pvt _x_todo.htm
108.02.04 15:38 B C:\Documents and Settings\-\Documenti\Web\mioweb5\_vti_pvt\_x_todoh.htm --> ftp.interfree.it /_vti_pvt _x_todoh.htm
108.02.04 15:38 B C:\Documents and Settings\-\Documenti\Web\mioweb5\_vti_pvt\botinfs.cnf --> ftp.interfree.it /_vti_pvt botinfs.cnf
108.02.04 15:38 B C:\Documents and Settings\-\Documenti\Web\mioweb5\_vti_pvt\bots.cnf --> ftp.interfree.it /_vti_pvt bots.cnf
108.02.04 15:38 B C:\Documents and Settings\-\Documenti\Web\mioweb5\_vti_pvt\deptodoc.btr --> ftp.interfree.it /_vti_pvt deptodoc.btr
108.02.04 15:38 B C:\Documents and Settings\-\Documenti\Web\mioweb5\_vti_pvt\doctodep.btr --> ftp.interfree.it /_vti_pvt doctodep.btr
108.02.04 15:38 B C:\Documents and Settings\-\Documenti\Web\mioweb5\_vti_pvt\linkinfo.cnf --> ftp.interfree.it /_vti_pvt linkinfo.cnf
108.02.04 15:38 B C:\Documents and Settings\-\Documenti\Web\mioweb5\_vti_pvt\service.cnf --> ftp.interfree.it /_vti_pvt service.cnf
108.02.04 15:38 B C:\Documents and Settings\-\Documenti\Web\mioweb5\_vti_pvt\service.lck --> ftp.interfree.it /_vti_pvt service.lck
108.02.04 15:38 B C:\Documents and Settings\-\Documenti\Web\mioweb5\_vti_pvt\services.cnf --> ftp.interfree.it /_vti_pvt services.cnf
108.02.04 15:38 B C:\Documents and Settings\-\Documenti\Web\mioweb5\_vti_pvt\structure.cnf --> ftp.interfree.it /_vti_pvt structure.cnf
108.02.04 15:38 B C:\Documents and Settings\-\Documenti\Web\mioweb5\_vti_pvt\WS_FTP.LOG --> ftp.interfree.it /_vti_pvt WS_FTP.LOG
108.02.04 16:17 B C:\Documents and Settings\-\Documenti\Web\mioweb5\_vti_pvt\_x_todo.htm --> ftp.interfree.it /_vti_pvt _x_todo.htm
108.02.04 16:17 B C:\Documents and Settings\-\Documenti\Web\mioweb5\_vti_pvt\_x_todoh.htm --> ftp.interfree.it /_vti_pvt _x_todoh.htm
108.02.04 16:17 B C:\Documents and Settings\-\Documenti\Web\mioweb5\_vti_pvt\botinfs.cnf --> ftp.interfree.it /_vti_pvt botinfs.cnf
108.02.04 16:17 B C:\Documents and Settings\-\Documenti\Web\mioweb5\_vti_pvt\bots.cnf --> ftp.interfree.it /_vti_pvt bots.cnf
108.02.04 16:17 B C:\Documents and Settings\-\Documenti\Web\mioweb5\_vti_pvt\deptodoc.btr --> ftp.interfree.it /_vti_pvt deptodoc.btr
108.02.04 16:17 B C:\Documents and Settings\-\Documenti\Web\mioweb5\_vti_pvt\doctodep.btr --> ftp.interfree.it /_vti_pvt doctodep.btr
108.02.04 16:17 B C:\Documents and Settings\-\Documenti\Web\mioweb5\_vti_pvt\linkinfo.cnf --> ftp.interfree.it /_vti_pvt linkinfo.cnf
108.02.04 16:17 B C:\Documents and Settings\-\Documenti\Web\mioweb5\_vti_pvt\service.cnf --> ftp.interfree.it /_vti_pvt service.cnf
108.02.04 16:17 B C:\Documents and Settings\-\Documenti\Web\mioweb5\_vti_pvt\service.lck --> ftp.interfree.it /_vti_pvt service.lck
108.02.04 16:17 B C:\Documents and Settings\-\Documenti\Web\mioweb5\_vti_pvt\services.cnf --> ftp.interfree.it /_vti_pvt services.cnf
108.02.04 16:18 B C:\Documents and Settings\-\Documenti\Web\mioweb5\_vti_pvt\structure.cnf --> ftp.interfree.it /_vti_pvt structure.cnf
108.02.04 16:18 B C:\Documents and Settings\-\Documenti\Web\mioweb5\_vti_pvt\WS_FTP.LOG --> ftp.interfree.it /_vti_pvt WS_FTP.LOG
108.02.04 23:16 B C:\Documents and Settings\-\Documenti\Web\mioweb5\_vti_pvt\_x_todo.htm --> ftp.interfree.it /_vti_pvt _x_todo.htm
108.02.04 23:16 B C:\Documents and Settings\-\Documenti\Web\mioweb5\_vti_pvt\_x_todoh.htm --> ftp.interfree.it /_vti_pvt _x_todoh.htm
108.02.04 23:16 B C:\Documents and Settings\-\Documenti\Web\mioweb5\_vti_pvt\botinfs.cnf --> ftp.interfree.it /_vti_pvt botinfs.cnf
108.02.04 23:16 B C:\Documents and Settings\-\Documenti\Web\mioweb5\_vti_pvt\bots.cnf --> ftp.interfree.it /_vti_pvt bots.cnf
108.02.04 23:16 B C:\Documents and Settings\-\Documenti\Web\mioweb5\_vti_pvt\deptodoc.btr --> ftp.interfree.it /_vti_pvt deptodoc.btr
108.02.04 23:16 B C:\Documents and Settings\-\Documenti\Web\mioweb5\_vti_pvt\doctodep.btr --> ftp.interfree.it /_vti_pvt doctodep.btr
108.02.04 23:16 B C:\Documents and Settings\-\Documenti\Web\mioweb5\_vti_pvt\linkinfo.cnf --> ftp.interfree.it /_vti_pvt linkinfo.cnf
108.02.04 23:16 B C:\Documents and Settings\-\Documenti\Web\mioweb5\_vti_pvt\service.cnf --> ftp.interfree.it /_vti_pvt service.cnf
108.02.04 23:16 B C:\Documents and Settings\-\Documenti\Web\mioweb5\_vti_pvt\service.lck --> ftp.interfree.it /_vti_pvt service.lck
108.02.04 23:16 B C:\Documents and Settings\-\Documenti\Web\mioweb5\_vti_pvt\services.cnf --> ftp.interfree.it /_vti_pvt services.cnf
108.02.04 23:16 B C:\Documents and Settings\-\Documenti\Web\mioweb5\_vti_pvt\structure.cnf --> ftp.interfree.it /_vti_pvt structure.cnf
108.02.04 23:16 B C:\Documents and Settings\-\Documenti\Web\mioweb5\_vti_pvt\WS_FTP.LOG --> ftp.interfree.it /_vti_pvt WS_FTP.LOG
108.02.07 15:53 B C:\Documents and Settings\-\Documenti\Web\mioweb5\_vti_pvt\_x_todo.htm --> ftp.interfree.it /_vti_pvt _x_todo.htm
108.02.07 15:53 B C:\Documents and Settings\-\Documenti\Web\mioweb5\_vti_pvt\_x_todoh.htm --> ftp.interfree.it /_vti_pvt _x_todoh.htm
108.02.07 15:53 B C:\Documents and Settings\-\Documenti\Web\mioweb5\_vti_pvt\botinfs.cnf --> ftp.interfree.it /_vti_pvt botinfs.cnf
108.02.07 15:53 B C:\Documents and Settings\-\Documenti\Web\mioweb5\_vti_pvt\bots.cnf --> ftp.interfree.it /_vti_pvt bots.cnf
108.02.07 15:53 B C:\Documents and Settings\-\Documenti\Web\mioweb5\_vti_pvt\deptodoc.btr --> ftp.interfree.it /_vti_pvt deptodoc.btr
108.02.07 15:53 B C:\Documents and Settings\-\Documenti\Web\mioweb5\_vti_pvt\doctodep.btr --> ftp.interfree.it /_vti_pvt doctodep.btr
108.02.07 15:53 B C:\Documents and Settings\-\Documenti\Web\mioweb5\_vti_pvt\linkinfo.cnf --> ftp.interfree.it /_vti_pvt linkinfo.cnf
108.02.07 15:53 B C:\Documents and Settings\-\Documenti\Web\mioweb5\_vti_pvt\service.cnf --> ftp.interfree.it /_vti_pvt service.cnf
108.02.07 15:53 B C:\Documents and Settings\-\Documenti\Web\mioweb5\_vti_pvt\service.lck --> ftp.interfree.it /_vti_pvt service.lck
108.02.07 15:53 B C:\Documents and Settings\-\Documenti\Web\mioweb5\_vti_pvt\services.cnf --> ftp.interfree.it /_vti_pvt services.cnf
108.02.07 15:53 B C:\Documents and Settings\-\Documenti\Web\mioweb5\_vti_pvt\structure.cnf --> ftp.interfree.it /_vti_pvt structure.cnf
108.02.07 15:53 B C:\Documents and Settings\-\Documenti\Web\mioweb5\_vti_pvt\WS_FTP.LOG --> ftp.interfree.it /_vti_pvt WS_FTP.LOG
108.02.07 20:09 B C:\Documents and Settings\-\Documenti\Web\mioweb5\_vti_pvt\_x_todo.htm --> ftp.interfree.it /_derived/_vti_cnf/_vti_pvt _x_todo.htm
108.02.07 20:09 B C:\Documents and Settings\-\Documenti\Web\mioweb5\_vti_pvt\_x_todoh.htm --> ftp.interfree.it /_derived/_vti_cnf/_vti_pvt _x_todoh.htm
108.02.07 20:09 B C:\Documents and Settings\-\Documenti\Web\mioweb5\_vti_pvt\botinfs.cnf --> ftp.interfree.it /_derived/_vti_cnf/_vti_pvt botinfs.cnf
108.02.07 20:09 B C:\Documents and Settings\-\Documenti\Web\mioweb5\_vti_pvt\bots.cnf --> ftp.interfree.it /_derived/_vti_cnf/_vti_pvt bots.cnf
108.02.07 20:09 B C:\Documents and Settings\-\Documenti\Web\mioweb5\_vti_pvt\deptodoc.btr --> ftp.interfree.it /_derived/_vti_cnf/_vti_pvt deptodoc.btr
108.02.07 20:09 B C:\Documents and Settings\-\Documenti\Web\mioweb5\_vti_pvt\doctodep.btr --> ftp.interfree.it /_derived/_vti_cnf/_vti_pvt doctodep.btr
108.02.07 20:09 B C:\Documents and Settings\-\Documenti\Web\mioweb5\_vti_pvt\linkinfo.cnf --> ftp.interfree.it /_derived/_vti_cnf/_vti_pvt linkinfo.cnf
108.02.07 20:09 B C:\Documents and Settings\-\Documenti\Web\mioweb5\_vti_pvt\service.cnf --> ftp.interfree.it /_derived/_vti_cnf/_vti_pvt service.cnf
108.02.07 20:09 B C:\Documents and Settings\-\Documenti\Web\mioweb5\_vti_pvt\service.lck --> ftp.interfree.it /_derived/_vti_cnf/_vti_pvt service.lck
108.02.07 20:09 B C:\Documents and Settings\-\Documenti\Web\mioweb5\_vti_pvt\services.cnf --> ftp.interfree.it /_derived/_vti_cnf/_vti_pvt services.cnf
108.02.07 20:09 B C:\Documents and Settings\-\Documenti\Web\mioweb5\_vti_pvt\structure.cnf --> ftp.interfree.it /_derived/_vti_cnf/_vti_pvt structure.cnf
108.02.07 20:09 B C:\Documents and Settings\-\Documenti\Web\mioweb5\_vti_pvt\WS_FTP.LOG --> ftp.interfree.it /_derived/_vti_cnf/_vti_pvt WS_FTP.LOG
108.02.19 12:51 B C:\Documents and Settings\-\Documenti\Web\mioweb5\_vti_pvt\_x_todo.htm --> ftp.interfree.it /_vti_pvt _x_todo.htm
108.02.19 12:51 B C:\Documents and Settings\-\Documenti\Web\mioweb5\_vti_pvt\_x_todoh.htm --> ftp.interfree.it /_vti_pvt _x_todoh.htm
108.02.19 12:51 B C:\Documents and Settings\-\Documenti\Web\mioweb5\_vti_pvt\botinfs.cnf --> ftp.interfree.it /_vti_pvt botinfs.cnf
108.02.19 12:51 B C:\Documents and Settings\-\Documenti\Web\mioweb5\_vti_pvt\bots.cnf --> ftp.interfree.it /_vti_pvt bots.cnf
108.02.19 12:51 B C:\Documents and Settings\-\Documenti\Web\mioweb5\_vti_pvt\deptodoc.btr --> ftp.interfree.it /_vti_pvt deptodoc.btr
108.02.19 12:51 B C:\Documents and Settings\-\Documenti\Web\mioweb5\_vti_pvt\doctodep.btr --> ftp.interfree.it /_vti_pvt doctodep.btr
108.02.19 12:51 B C:\Documents and Settings\-\Documenti\Web\mioweb5\_vti_pvt\linkinfo.cnf --> ftp.interfree.it /_vti_pvt linkinfo.cnf
108.02.19 12:51 B C:\Documents and Settings\-\Documenti\Web\mioweb5\_vti_pvt\service.cnf --> ftp.interfree.it /_vti_pvt service.cnf
108.02.19 12:51 B C:\Documents and Settings\-\Documenti\Web\mioweb5\_vti_pvt\service.lck --> ftp.interfree.it /_vti_pvt service.lck
108.02.19 12:51 B C:\Documents and Settings\-\Documenti\Web\mioweb5\_vti_pvt\services.cnf --> ftp.interfree.it /_vti_pvt services.cnf
108.02.19 12:51 B C:\Documents and Settings\-\Documenti\Web\mioweb5\_vti_pvt\structure.cnf --> ftp.interfree.it /_vti_pvt structure.cnf
108.02.19 12:51 B C:\Documents and Settings\-\Documenti\Web\mioweb5\_vti_pvt\WS_FTP.LOG --> ftp.interfree.it /_vti_pvt WS_FTP.LOG
108.03.02 17:10 B C:\Documents and Settings\-\Documenti\Web\mioweb5\_vti_pvt\_x_todo.htm --> ftp.interfree.it /_vti_pvt _x_todo.htm
108.03.02 17:10 B C:\Documents and Settings\-\Documenti\Web\mioweb5\_vti_pvt\_x_todoh.htm --> ftp.interfree.it /_vti_pvt _x_todoh.htm
108.03.02 17:10 B C:\Documents and Settings\-\Documenti\Web\mioweb5\_vti_pvt\botinfs.cnf --> ftp.interfree.it /_vti_pvt botinfs.cnf
108.03.02 17:10 B C:\Documents and Settings\-\Documenti\Web\mioweb5\_vti_pvt\bots.cnf --> ftp.interfree.it /_vti_pvt bots.cnf
108.03.02 17:10 B C:\Documents and Settings\-\Documenti\Web\mioweb5\_vti_pvt\deptodoc.btr --> ftp.interfree.it /_vti_pvt deptodoc.btr
108.03.02 17:10 B C:\Documents and Settings\-\Documenti\Web\mioweb5\_vti_pvt\doctodep.btr --> ftp.interfree.it /_vti_pvt doctodep.btr
108.03.02 17:10 B C:\Documents and Settings\-\Documenti\Web\mioweb5\_vti_pvt\linkinfo.cnf --> ftp.interfree.it /_vti_pvt linkinfo.cnf
108.03.02 17:10 B C:\Documents and Settings\-\Documenti\Web\mioweb5\_vti_pvt\service.cnf --> ftp.interfree.it /_vti_pvt service.cnf
108.03.02 17:10 B C:\Documents and Settings\-\Documenti\Web\mioweb5\_vti_pvt\service.lck --> ftp.interfree.it /_vti_pvt service.lck
108.03.02 17:10 B C:\Documents and Settings\-\Documenti\Web\mioweb5\_vti_pvt\services.cnf --> ftp.interfree.it /_vti_pvt services.cnf
108.03.02 17:10 B C:\Documents and Settings\-\Documenti\Web\mioweb5\_vti_pvt\structure.cnf --> ftp.interfree.it /_vti_pvt structure.cnf
108.03.02 17:10 B C:\Documents and Settings\-\Documenti\Web\mioweb5\_vti_pvt\WS_FTP.LOG --> ftp.interfree.it /_vti_pvt WS_FTP.LOG
108.04.19 17:46 B C:\Documents and Settings\-\Documenti\Web\mioweb5\_vti_pvt\_x_todo.htm --> ftp.interfree.it /_vti_pvt _x_todo.htm
108.04.19 17:46 B C:\Documents and Settings\-\Documenti\Web\mioweb5\_vti_pvt\_x_todoh.htm --> ftp.interfree.it /_vti_pvt _x_todoh.htm
108.04.19 17:46 B C:\Documents and Settings\-\Documenti\Web\mioweb5\_vti_pvt\botinfs.cnf --> ftp.interfree.it /_vti_pvt botinfs.cnf
108.04.19 17:46 B C:\Documents and Settings\-\Documenti\Web\mioweb5\_vti_pvt\bots.cnf --> ftp.interfree.it /_vti_pvt bots.cnf
108.04.19 17:46 B C:\Documents and Settings\-\Documenti\Web\mioweb5\_vti_pvt\deptodoc.btr --> ftp.interfree.it /_vti_pvt deptodoc.btr
108.04.19 17:46 B C:\Documents and Settings\-\Documenti\Web\mioweb5\_vti_pvt\doctodep.btr --> ftp.interfree.it /_vti_pvt doctodep.btr
108.04.19 17:46 B C:\Documents and Settings\-\Documenti\Web\mioweb5\_vti_pvt\linkinfo.cnf --> ftp.interfree.it /_vti_pvt linkinfo.cnf
108.04.19 17:46 B C:\Documents and Settings\-\Documenti\Web\mioweb5\_vti_pvt\service.cnf --> ftp.interfree.it /_vti_pvt service.cnf
108.04.19 17:46 B C:\Documents and Settings\-\Documenti\Web\mioweb5\_vti_pvt\service.lck --> ftp.interfree.it /_vti_pvt service.lck
108.04.19 17:46 B C:\Documents and Settings\-\Documenti\Web\mioweb5\_vti_pvt\services.cnf --> ftp.interfree.it /_vti_pvt services.cnf
108.04.19 17:46 B C:\Documents and Settings\-\Documenti\Web\mioweb5\_vti_pvt\structure.cnf --> ftp.interfree.it /_vti_pvt structure.cnf
108.04.19 17:46 B C:\Documents and Settings\-\Documenti\Web\mioweb5\_vti_pvt\WS_FTP.LOG --> ftp.interfree.it /_vti_pvt WS_FTP.LOG
108.04.19 18:39 B C:\Documents and Settings\-\Documenti\Web\mioweb5\_vti_pvt\_x_todo.htm --> ftp.interfree.it /_vti_pvt _x_todo.htm
108.04.19 18:39 B C:\Documents and Settings\-\Documenti\Web\mioweb5\_vti_pvt\_x_todoh.htm --> ftp.interfree.it /_vti_pvt _x_todoh.htm
108.04.19 18:39 B C:\Documents and Settings\-\Documenti\Web\mioweb5\_vti_pvt\botinfs.cnf --> ftp.interfree.it /_vti_pvt botinfs.cnf
108.04.19 18:39 B C:\Documents and Settings\-\Documenti\Web\mioweb5\_vti_pvt\bots.cnf --> ftp.interfree.it /_vti_pvt bots.cnf
108.04.19 18:39 B C:\Documents and Settings\-\Documenti\Web\mioweb5\_vti_pvt\deptodoc.btr --> ftp.interfree.it /_vti_pvt deptodoc.btr
108.04.19 18:39 B C:\Documents and Settings\-\Documenti\Web\mioweb5\_vti_pvt\doctodep.btr --> ftp.interfree.it /_vti_pvt doctodep.btr
108.04.19 18:39 B C:\Documents and Settings\-\Documenti\Web\mioweb5\_vti_pvt\linkinfo.cnf --> ftp.interfree.it /_vti_pvt linkinfo.cnf
108.04.19 18:39 B C:\Documents and Settings\-\Documenti\Web\mioweb5\_vti_pvt\service.cnf --> ftp.interfree.it /_vti_pvt service.cnf
108.04.19 18:39 B C:\Documents and Settings\-\Documenti\Web\mioweb5\_vti_pvt\service.lck --> ftp.interfree.it /_vti_pvt service.lck
108.04.19 18:39 B C:\Documents and Settings\-\Documenti\Web\mioweb5\_vti_pvt\services.cnf --> ftp.interfree.it /_vti_pvt services.cnf
108.04.19 18:39 B C:\Documents and Settings\-\Documenti\Web\mioweb5\_vti_pvt\structure.cnf --> ftp.interfree.it /_vti_pvt structure.cnf
108.04.19 18:39 B C:\Documents and Settings\-\Documenti\Web\mioweb5\_vti_pvt\WS_FTP.LOG --> ftp.interfree.it /_vti_pvt WS_FTP.LOG
108.05.23 20:25 B C:\Documents and Settings\-\Documenti\Web\mioweb5\_vti_pvt\_x_todo.htm --> ftp.interfree.it /_vti_pvt _x_todo.htm
108.05.23 20:25 B C:\Documents and Settings\-\Documenti\Web\mioweb5\_vti_pvt\_x_todoh.htm --> ftp.interfree.it /_vti_pvt _x_todoh.htm
108.05.23 20:25 B C:\Documents and Settings\-\Documenti\Web\mioweb5\_vti_pvt\botinfs.cnf --> ftp.interfree.it /_vti_pvt botinfs.cnf
108.05.23 20:25 B C:\Documents and Settings\-\Documenti\Web\mioweb5\_vti_pvt\bots.cnf --> ftp.interfree.it /_vti_pvt bots.cnf
108.05.23 20:25 B C:\Documents and Settings\-\Documenti\Web\mioweb5\_vti_pvt\deptodoc.btr --> ftp.interfree.it /_vti_pvt deptodoc.btr
108.05.23 20:25 B C:\Documents and Settings\-\Documenti\Web\mioweb5\_vti_pvt\doctodep.btr --> ftp.interfree.it /_vti_pvt doctodep.btr
108.05.23 20:25 B C:\Documents and Settings\-\Documenti\Web\mioweb5\_vti_pvt\linkinfo.cnf --> ftp.interfree.it /_vti_pvt linkinfo.cnf
108.05.23 20:25 B C:\Documents and Settings\-\Documenti\Web\mioweb5\_vti_pvt\service.cnf --> ftp.interfree.it /_vti_pvt service.cnf
108.05.23 20:25 B C:\Documents and Settings\-\Documenti\Web\mioweb5\_vti_pvt\service.lck --> ftp.interfree.it /_vti_pvt service.lck
108.05.23 20:25 B C:\Documents and Settings\-\Documenti\Web\mioweb5\_vti_pvt\services.cnf --> ftp.interfree.it /_vti_pvt services.cnf
108.05.23 20:25 B C:\Documents and Settings\-\Documenti\Web\mioweb5\_vti_pvt\structure.cnf --> ftp.interfree.it /_vti_pvt structure.cnf
108.05.23 20:25 B C:\Documents and Settings\-\Documenti\Web\mioweb5\_vti_pvt\WS_FTP.LOG --> ftp.interfree.it /_vti_pvt WS_FTP.LOG
108.05.23 23:12 B C:\Documents and Settings\-\Documenti\Web\mioweb5\_vti_pvt\_x_todo.htm --> ftp.interfree.it /_vti_pvt _x_todo.htm
108.05.23 23:12 B C:\Documents and Settings\-\Documenti\Web\mioweb5\_vti_pvt\_x_todoh.htm --> ftp.interfree.it /_vti_pvt _x_todoh.htm
108.05.23 23:12 B C:\Documents and Settings\-\Documenti\Web\mioweb5\_vti_pvt\botinfs.cnf --> ftp.interfree.it /_vti_pvt botinfs.cnf
108.05.23 23:12 B C:\Documents and Settings\-\Documenti\Web\mioweb5\_vti_pvt\bots.cnf --> ftp.interfree.it /_vti_pvt bots.cnf
108.05.23 23:12 B C:\Documents and Settings\-\Documenti\Web\mioweb5\_vti_pvt\deptodoc.btr --> ftp.interfree.it /_vti_pvt deptodoc.btr
108.05.23 23:12 B C:\Documents and Settings\-\Documenti\Web\mioweb5\_vti_pvt\doctodep.btr --> ftp.interfree.it /_vti_pvt doctodep.btr
108.05.23 23:12 B C:\Documents and Settings\-\Documenti\Web\mioweb5\_vti_pvt\linkinfo.cnf --> ftp.interfree.it /_vti_pvt linkinfo.cnf
108.05.23 23:12 B C:\Documents and Settings\-\Documenti\Web\mioweb5\_vti_pvt\service.cnf --> ftp.interfree.it /_vti_pvt service.cnf
108.05.23 23:12 B C:\Documents and Settings\-\Documenti\Web\mioweb5\_vti_pvt\service.lck --> ftp.interfree.it /_vti_pvt service.lck
108.05.23 23:12 B C:\Documents and Settings\-\Documenti\Web\mioweb5\_vti_pvt\services.cnf --> ftp.interfree.it /_vti_pvt services.cnf
108.05.23 23:12 B C:\Documents and Settings\-\Documenti\Web\mioweb5\_vti_pvt\structure.cnf --> ftp.interfree.it /_vti_pvt structure.cnf
108.05.23 23:12 B C:\Documents and Settings\-\Documenti\Web\mioweb5\_vti_pvt\WS_FTP.LOG --> ftp.interfree.it /_vti_pvt WS_FTP.LOG
108.06.14 13:01 B C:\Documents and Settings\Alessadra\Desktop\Casamuscas\mioweb5\_vti_pvt\_x_todo.htm --> ftp.interfree.it /_vti_pvt _x_todo.htm
108.06.14 13:01 B C:\Documents and Settings\Alessadra\Desktop\Casamuscas\mioweb5\_vti_pvt\_x_todoh.htm --> ftp.interfree.it /_vti_pvt _x_todoh.htm
108.06.14 13:01 B C:\Documents and Settings\Alessadra\Desktop\Casamuscas\mioweb5\_vti_pvt\botinfs.cnf --> ftp.interfree.it /_vti_pvt botinfs.cnf
108.06.14 13:01 B C:\Documents and Settings\Alessadra\Desktop\Casamuscas\mioweb5\_vti_pvt\bots.cnf --> ftp.interfree.it /_vti_pvt bots.cnf
108.06.14 13:01 B C:\Documents and Settings\Alessadra\Desktop\Casamuscas\mioweb5\_vti_pvt\deptodoc.btr --> ftp.interfree.it /_vti_pvt deptodoc.btr
108.06.14 13:01 B C:\Documents and Settings\Alessadra\Desktop\Casamuscas\mioweb5\_vti_pvt\doctodep.btr --> ftp.interfree.it /_vti_pvt doctodep.btr
108.06.14 13:01 B C:\Documents and Settings\Alessadra\Desktop\Casamuscas\mioweb5\_vti_pvt\linkinfo.cnf --> ftp.interfree.it /_vti_pvt linkinfo.cnf
108.06.14 13:01 B C:\Documents and Settings\Alessadra\Desktop\Casamuscas\mioweb5\_vti_pvt\service.cnf --> ftp.interfree.it /_vti_pvt service.cnf
108.06.14 13:01 B C:\Documents and Settings\Alessadra\Desktop\Casamuscas\mioweb5\_vti_pvt\service.lck --> ftp.interfree.it /_vti_pvt service.lck
108.06.14 13:01 B C:\Documents and Settings\Alessadra\Desktop\Casamuscas\mioweb5\_vti_pvt\services.cnf --> ftp.interfree.it /_vti_pvt services.cnf
108.06.14 13:01 B C:\Documents and Settings\Alessadra\Desktop\Casamuscas\mioweb5\_vti_pvt\structure.cnf --> ftp.interfree.it /_vti_pvt structure.cnf
108.06.14 13:01 B C:\Documents and Settings\Alessadra\Desktop\Casamuscas\mioweb5\_vti_pvt\WS_FTP.LOG --> ftp.interfree.it /_vti_pvt WS_FTP.LOG
108.06.14 13:32 B C:\Documents and Settings\Alessadra\Desktop\Casamuscas\mioweb5\_vti_pvt\_x_todo.htm --> ftp.interfree.it /_vti_pvt _x_todo.htm
108.06.14 13:32 B C:\Documents and Settings\Alessadra\Desktop\Casamuscas\mioweb5\_vti_pvt\_x_todoh.htm --> ftp.interfree.it /_vti_pvt _x_todoh.htm
108.06.14 13:32 B C:\Documents and Settings\Alessadra\Desktop\Casamuscas\mioweb5\_vti_pvt\botinfs.cnf --> ftp.interfree.it /_vti_pvt botinfs.cnf
108.06.14 13:32 B C:\Documents and Settings\Alessadra\Desktop\Casamuscas\mioweb5\_vti_pvt\bots.cnf --> ftp.interfree.it /_vti_pvt bots.cnf
108.06.14 13:32 B C:\Documents and Settings\Alessadra\Desktop\Casamuscas\mioweb5\_vti_pvt\deptodoc.btr --> ftp.interfree.it /_vti_pvt deptodoc.btr
108.06.14 13:32 B C:\Documents and Settings\Alessadra\Desktop\Casamuscas\mioweb5\_vti_pvt\doctodep.btr --> ftp.interfree.it /_vti_pvt doctodep.btr
108.06.14 13:32 B C:\Documents and Settings\Alessadra\Desktop\Casamuscas\mioweb5\_vti_pvt\linkinfo.cnf --> ftp.interfree.it /_vti_pvt linkinfo.cnf
108.06.14 13:32 B C:\Documents and Settings\Alessadra\Desktop\Casamuscas\mioweb5\_vti_pvt\service.cnf --> ftp.interfree.it /_vti_pvt service.cnf
108.06.14 13:32 B C:\Documents and Settings\Alessadra\Desktop\Casamuscas\mioweb5\_vti_pvt\service.lck --> ftp.interfree.it /_vti_pvt service.lck
108.06.14 13:32 B C:\Documents and Settings\Alessadra\Desktop\Casamuscas\mioweb5\_vti_pvt\services.cnf --> ftp.interfree.it /_vti_pvt services.cnf
108.06.14 13:32 B C:\Documents and Settings\Alessadra\Desktop\Casamuscas\mioweb5\_vti_pvt\structure.cnf --> ftp.interfree.it /_vti_pvt structure.cnf
108.06.14 13:32 B C:\Documents and Settings\Alessadra\Desktop\Casamuscas\mioweb5\_vti_pvt\WS_FTP.LOG --> ftp.interfree.it /_vti_pvt WS_FTP.LOG
108.08.02 01:00 B C:\Documents and Settings\Alessadra\Desktop\Casamuscas\mioweb5\_vti_pvt\_x_todo.htm --> ftp.interfree.it /_vti_pvt _x_todo.htm
108.08.02 01:00 B C:\Documents and Settings\Alessadra\Desktop\Casamuscas\mioweb5\_vti_pvt\_x_todoh.htm --> ftp.interfree.it /_vti_pvt _x_todoh.htm
108.08.02 01:00 B C:\Documents and Settings\Alessadra\Desktop\Casamuscas\mioweb5\_vti_pvt\botinfs.cnf --> ftp.interfree.it /_vti_pvt botinfs.cnf
108.08.02 01:00 B C:\Documents and Settings\Alessadra\Desktop\Casamuscas\mioweb5\_vti_pvt\bots.cnf --> ftp.interfree.it /_vti_pvt bots.cnf
108.08.02 01:00 B C:\Documents and Settings\Alessadra\Desktop\Casamuscas\mioweb5\_vti_pvt\deptodoc.btr --> ftp.interfree.it /_vti_pvt deptodoc.btr
108.08.02 01:00 B C:\Documents and Settings\Alessadra\Desktop\Casamuscas\mioweb5\_vti_pvt\doctodep.btr --> ftp.interfree.it /_vti_pvt doctodep.btr
108.08.02 01:00 B C:\Documents and Settings\Alessadra\Desktop\Casamuscas\mioweb5\_vti_pvt\linkinfo.cnf --> ftp.interfree.it /_vti_pvt linkinfo.cnf
108.08.02 01:00 B C:\Documents and Settings\Alessadra\Desktop\Casamuscas\mioweb5\_vti_pvt\service.cnf --> ftp.interfree.it /_vti_pvt service.cnf
108.08.02 01:00 B C:\Documents and Settings\Alessadra\Desktop\Casamuscas\mioweb5\_vti_pvt\service.lck --> ftp.interfree.it /_vti_pvt service.lck
108.08.02 01:00 B C:\Documents and Settings\Alessadra\Desktop\Casamuscas\mioweb5\_vti_pvt\services.cnf --> ftp.interfree.it /_vti_pvt services.cnf
108.08.02 01:00 B C:\Documents and Settings\Alessadra\Desktop\Casamuscas\mioweb5\_vti_pvt\structure.cnf --> ftp.interfree.it /_vti_pvt structure.cnf
108.08.02 01:00 B C:\Documents and Settings\Alessadra\Desktop\Casamuscas\mioweb5\_vti_pvt\WS_FTP.LOG --> ftp.interfree.it /_vti_pvt WS_FTP.LOG
108.08.07 23:41 B C:\Documents and Settings\Alessadra\Desktop\Casamuscas\mioweb5\_vti_pvt\_x_todo.htm --> ftp.interfree.it /_vti_pvt _x_todo.htm
108.08.07 23:41 B C:\Documents and Settings\Alessadra\Desktop\Casamuscas\mioweb5\_vti_pvt\_x_todoh.htm --> ftp.interfree.it /_vti_pvt _x_todoh.htm
108.08.07 23:41 B C:\Documents and Settings\Alessadra\Desktop\Casamuscas\mioweb5\_vti_pvt\botinfs.cnf --> ftp.interfree.it /_vti_pvt botinfs.cnf
108.08.07 23:41 B C:\Documents and Settings\Alessadra\Desktop\Casamuscas\mioweb5\_vti_pvt\bots.cnf --> ftp.interfree.it /_vti_pvt bots.cnf
108.08.07 23:41 B C:\Documents and Settings\Alessadra\Desktop\Casamuscas\mioweb5\_vti_pvt\deptodoc.btr --> ftp.interfree.it /_vti_pvt deptodoc.btr
108.08.07 23:41 B C:\Documents and Settings\Alessadra\Desktop\Casamuscas\mioweb5\_vti_pvt\doctodep.btr --> ftp.interfree.it /_vti_pvt doctodep.btr
108.08.07 23:41 B C:\Documents and Settings\Alessadra\Desktop\Casamuscas\mioweb5\_vti_pvt\linkinfo.cnf --> ftp.interfree.it /_vti_pvt linkinfo.cnf
108.08.07 23:41 B C:\Documents and Settings\Alessadra\Desktop\Casamuscas\mioweb5\_vti_pvt\service.cnf --> ftp.interfree.it /_vti_pvt service.cnf
108.08.07 23:41 B C:\Documents and Settings\Alessadra\Desktop\Casamuscas\mioweb5\_vti_pvt\service.lck --> ftp.interfree.it /_vti_pvt service.lck
108.08.07 23:41 B C:\Documents and Settings\Alessadra\Desktop\Casamuscas\mioweb5\_vti_pvt\services.cnf --> ftp.interfree.it /_vti_pvt services.cnf
108.08.07 23:41 B C:\Documents and Settings\Alessadra\Desktop\Casamuscas\mioweb5\_vti_pvt\structure.cnf --> ftp.interfree.it /_vti_pvt structure.cnf
108.08.07 23:41 B C:\Documents and Settings\Alessadra\Desktop\Casamuscas\mioweb5\_vti_pvt\WS_FTP.LOG --> ftp.interfree.it /_vti_pvt WS_FTP.LOG
108.08.08 11:55 B C:\Documents and Settings\Roberto\Documenti\mioweb5\_vti_pvt\_x_todo.htm --> ftp.interfree.it /_vti_pvt _x_todo.htm
108.08.08 11:55 B C:\Documents and Settings\Roberto\Documenti\mioweb5\_vti_pvt\_x_todoh.htm --> ftp.interfree.it /_vti_pvt _x_todoh.htm
108.08.08 11:55 B C:\Documents and Settings\Roberto\Documenti\mioweb5\_vti_pvt\botinfs.cnf --> ftp.interfree.it /_vti_pvt botinfs.cnf
108.08.08 11:55 B C:\Documents and Settings\Roberto\Documenti\mioweb5\_vti_pvt\bots.cnf --> ftp.interfree.it /_vti_pvt bots.cnf
108.08.08 11:55 B C:\Documents and Settings\Roberto\Documenti\mioweb5\_vti_pvt\deptodoc.btr --> ftp.interfree.it /_vti_pvt deptodoc.btr
108.08.08 11:55 B C:\Documents and Settings\Roberto\Documenti\mioweb5\_vti_pvt\doctodep.btr --> ftp.interfree.it /_vti_pvt doctodep.btr
108.08.08 11:55 B C:\Documents and Settings\Roberto\Documenti\mioweb5\_vti_pvt\linkinfo.cnf --> ftp.interfree.it /_vti_pvt linkinfo.cnf
108.08.08 11:55 B C:\Documents and Settings\Roberto\Documenti\mioweb5\_vti_pvt\service.cnf --> ftp.interfree.it /_vti_pvt service.cnf
108.08.08 11:55 B C:\Documents and Settings\Roberto\Documenti\mioweb5\_vti_pvt\service.lck --> ftp.interfree.it /_vti_pvt service.lck
108.08.08 11:55 B C:\Documents and Settings\Roberto\Documenti\mioweb5\_vti_pvt\services.cnf --> ftp.interfree.it /_vti_pvt services.cnf
108.08.08 11:55 B C:\Documents and Settings\Roberto\Documenti\mioweb5\_vti_pvt\structure.cnf --> ftp.interfree.it /_vti_pvt structure.cnf
108.08.08 11:55 B C:\Documents and Settings\Roberto\Documenti\mioweb5\_vti_pvt\WS_FTP.LOG --> ftp.interfree.it /_vti_pvt WS_FTP.LOG
108.08.09 16:10 B C:\Documents and Settings\Roberto\Documenti\mioweb5\_vti_pvt\_x_todo.htm --> ftp.interfree.it /_vti_pvt _x_todo.htm
108.08.09 16:10 B C:\Documents and Settings\Roberto\Documenti\mioweb5\_vti_pvt\_x_todoh.htm --> ftp.interfree.it /_vti_pvt _x_todoh.htm
108.08.09 16:10 B C:\Documents and Settings\Roberto\Documenti\mioweb5\_vti_pvt\botinfs.cnf --> ftp.interfree.it /_vti_pvt botinfs.cnf
108.08.09 16:10 B C:\Documents and Settings\Roberto\Documenti\mioweb5\_vti_pvt\bots.cnf --> ftp.interfree.it /_vti_pvt bots.cnf
108.08.09 16:10 B C:\Documents and Settings\Roberto\Documenti\mioweb5\_vti_pvt\deptodoc.btr --> ftp.interfree.it /_vti_pvt deptodoc.btr
108.08.09 16:10 B C:\Documents and Settings\Roberto\Documenti\mioweb5\_vti_pvt\doctodep.btr --> ftp.interfree.it /_vti_pvt doctodep.btr
108.08.09 16:10 B C:\Documents and Settings\Roberto\Documenti\mioweb5\_vti_pvt\linkinfo.cnf --> ftp.interfree.it /_vti_pvt linkinfo.cnf
108.08.09 16:10 B C:\Documents and Settings\Roberto\Documenti\mioweb5\_vti_pvt\service.cnf --> ftp.interfree.it /_vti_pvt service.cnf
108.08.09 16:10 B C:\Documents and Settings\Roberto\Documenti\mioweb5\_vti_pvt\service.lck --> ftp.interfree.it /_vti_pvt service.lck
108.08.09 16:10 B C:\Documents and Settings\Roberto\Documenti\mioweb5\_vti_pvt\services.cnf --> ftp.interfree.it /_vti_pvt services.cnf
108.08.09 16:10 B C:\Documents and Settings\Roberto\Documenti\mioweb5\_vti_pvt\structure.cnf --> ftp.interfree.it /_vti_pvt structure.cnf
108.08.09 16:10 B C:\Documents and Settings\Roberto\Documenti\mioweb5\_vti_pvt\WS_FTP.LOG --> ftp.interfree.it /_vti_pvt WS_FTP.LOG
108.08.10 13:38 B C:\Documents and Settings\Roberto\Documenti\mioweb5\_vti_pvt\_x_todo.htm --> ftp.interfree.it /_vti_pvt _x_todo.htm
108.08.10 13:38 B C:\Documents and Settings\Roberto\Documenti\mioweb5\_vti_pvt\_x_todoh.htm --> ftp.interfree.it /_vti_pvt _x_todoh.htm
108.08.10 13:38 B C:\Documents and Settings\Roberto\Documenti\mioweb5\_vti_pvt\botinfs.cnf --> ftp.interfree.it /_vti_pvt botinfs.cnf
108.08.10 13:38 B C:\Documents and Settings\Roberto\Documenti\mioweb5\_vti_pvt\bots.cnf --> ftp.interfree.it /_vti_pvt bots.cnf
108.08.10 13:38 B C:\Documents and Settings\Roberto\Documenti\mioweb5\_vti_pvt\deptodoc.btr --> ftp.interfree.it /_vti_pvt deptodoc.btr
108.08.10 13:38 B C:\Documents and Settings\Roberto\Documenti\mioweb5\_vti_pvt\doctodep.btr --> ftp.interfree.it /_vti_pvt doctodep.btr
108.08.10 13:38 B C:\Documents and Settings\Roberto\Documenti\mioweb5\_vti_pvt\linkinfo.cnf --> ftp.interfree.it /_vti_pvt linkinfo.cnf
108.08.10 13:38 B C:\Documents and Settings\Roberto\Documenti\mioweb5\_vti_pvt\service.cnf --> ftp.interfree.it /_vti_pvt service.cnf
108.08.10 13:38 B C:\Documents and Settings\Roberto\Documenti\mioweb5\_vti_pvt\service.lck --> ftp.interfree.it /_vti_pvt service.lck
108.08.10 13:38 B C:\Documents and Settings\Roberto\Documenti\mioweb5\_vti_pvt\services.cnf --> ftp.interfree.it /_vti_pvt services.cnf
108.08.10 13:38 B C:\Documents and Settings\Roberto\Documenti\mioweb5\_vti_pvt\structure.cnf --> ftp.interfree.it /_vti_pvt structure.cnf
108.08.10 13:38 B C:\Documents and Settings\Roberto\Documenti\mioweb5\_vti_pvt\WS_FTP.LOG --> ftp.interfree.it /_vti_pvt WS_FTP.LOG
108.08.10 16:43 B C:\Documents and Settings\Roberto\Documenti\mioweb5\_vti_pvt\_x_todo.htm --> ftp.interfree.it /_vti_pvt _x_todo.htm
108.08.10 16:43 B C:\Documents and Settings\Roberto\Documenti\mioweb5\_vti_pvt\_x_todoh.htm --> ftp.interfree.it /_vti_pvt _x_todoh.htm
108.08.10 16:43 B C:\Documents and Settings\Roberto\Documenti\mioweb5\_vti_pvt\botinfs.cnf --> ftp.interfree.it /_vti_pvt botinfs.cnf
108.08.10 16:43 B C:\Documents and Settings\Roberto\Documenti\mioweb5\_vti_pvt\bots.cnf --> ftp.interfree.it /_vti_pvt bots.cnf
108.08.10 16:43 B C:\Documents and Settings\Roberto\Documenti\mioweb5\_vti_pvt\deptodoc.btr --> ftp.interfree.it /_vti_pvt deptodoc.btr
108.08.10 16:43 B C:\Documents and Settings\Roberto\Documenti\mioweb5\_vti_pvt\doctodep.btr --> ftp.interfree.it /_vti_pvt doctodep.btr
108.08.10 16:43 B C:\Documents and Settings\Roberto\Documenti\mioweb5\_vti_pvt\linkinfo.cnf --> ftp.interfree.it /_vti_pvt linkinfo.cnf
108.08.10 16:43 B C:\Documents and Settings\Roberto\Documenti\mioweb5\_vti_pvt\service.cnf --> ftp.interfree.it /_vti_pvt service.cnf
108.08.10 16:43 B C:\Documents and Settings\Roberto\Documenti\mioweb5\_vti_pvt\service.lck --> ftp.interfree.it /_vti_pvt service.lck
108.08.10 16:43 B C:\Documents and Settings\Roberto\Documenti\mioweb5\_vti_pvt\services.cnf --> ftp.interfree.it /_vti_pvt services.cnf
108.08.10 16:43 B C:\Documents and Settings\Roberto\Documenti\mioweb5\_vti_pvt\structure.cnf --> ftp.interfree.it /_vti_pvt structure.cnf
108.08.10 16:43 B C:\Documents and Settings\Roberto\Documenti\mioweb5\_vti_pvt\WS_FTP.LOG --> ftp.interfree.it /_vti_pvt WS_FTP.LOG
108.08.10 18:46 B C:\Documents and Settings\Roberto\Documenti\mioweb5\_vti_pvt\_x_todo.htm --> ftp.interfree.it /_vti_pvt _x_todo.htm
108.08.10 18:46 B C:\Documents and Settings\Roberto\Documenti\mioweb5\_vti_pvt\_x_todoh.htm --> ftp.interfree.it /_vti_pvt _x_todoh.htm
108.08.10 18:46 B C:\Documents and Settings\Roberto\Documenti\mioweb5\_vti_pvt\botinfs.cnf --> ftp.interfree.it /_vti_pvt botinfs.cnf
108.08.10 18:46 B C:\Documents and Settings\Roberto\Documenti\mioweb5\_vti_pvt\bots.cnf --> ftp.interfree.it /_vti_pvt bots.cnf
108.08.10 18:46 B C:\Documents and Settings\Roberto\Documenti\mioweb5\_vti_pvt\deptodoc.btr --> ftp.interfree.it /_vti_pvt deptodoc.btr
108.08.10 18:46 B C:\Documents and Settings\Roberto\Documenti\mioweb5\_vti_pvt\doctodep.btr --> ftp.interfree.it /_vti_pvt doctodep.btr
108.08.10 18:46 B C:\Documents and Settings\Roberto\Documenti\mioweb5\_vti_pvt\linkinfo.cnf --> ftp.interfree.it /_vti_pvt linkinfo.cnf
108.08.10 18:46 B C:\Documents and Settings\Roberto\Documenti\mioweb5\_vti_pvt\service.cnf --> ftp.interfree.it /_vti_pvt service.cnf
108.08.10 18:46 B C:\Documents and Settings\Roberto\Documenti\mioweb5\_vti_pvt\service.lck --> ftp.interfree.it /_vti_pvt service.lck
108.08.10 18:46 B C:\Documents and Settings\Roberto\Documenti\mioweb5\_vti_pvt\services.cnf --> ftp.interfree.it /_vti_pvt services.cnf
108.08.10 18:46 B C:\Documents and Settings\Roberto\Documenti\mioweb5\_vti_pvt\structure.cnf --> ftp.interfree.it /_vti_pvt structure.cnf
108.08.10 18:46 B C:\Documents and Settings\Roberto\Documenti\mioweb5\_vti_pvt\WS_FTP.LOG --> ftp.interfree.it /_vti_pvt WS_FTP.LOG
108.08.16 23:42 B C:\Documents and Settings\Roberto\Documenti\mioweb5\_vti_pvt\_x_todo.htm --> ftp.interfree.it /_vti_pvt _x_todo.htm
108.08.16 23:42 B C:\Documents and Settings\Roberto\Documenti\mioweb5\_vti_pvt\_x_todoh.htm --> ftp.interfree.it /_vti_pvt _x_todoh.htm
108.08.16 23:42 B C:\Documents and Settings\Roberto\Documenti\mioweb5\_vti_pvt\botinfs.cnf --> ftp.interfree.it /_vti_pvt botinfs.cnf
108.08.16 23:42 B C:\Documents and Settings\Roberto\Documenti\mioweb5\_vti_pvt\bots.cnf --> ftp.interfree.it /_vti_pvt bots.cnf
108.08.16 23:42 B C:\Documents and Settings\Roberto\Documenti\mioweb5\_vti_pvt\deptodoc.btr --> ftp.interfree.it /_vti_pvt deptodoc.btr
108.08.16 23:42 B C:\Documents and Settings\Roberto\Documenti\mioweb5\_vti_pvt\doctodep.btr --> ftp.interfree.it /_vti_pvt doctodep.btr
108.08.16 23:42 B C:\Documents and Settings\Roberto\Documenti\mioweb5\_vti_pvt\linkinfo.cnf --> ftp.interfree.it /_vti_pvt linkinfo.cnf
108.08.16 23:42 B C:\Documents and Settings\Roberto\Documenti\mioweb5\_vti_pvt\service.cnf --> ftp.interfree.it /_vti_pvt service.cnf
108.08.16 23:42 B C:\Documents and Settings\Roberto\Documenti\mioweb5\_vti_pvt\service.lck --> ftp.interfree.it /_vti_pvt service.lck
108.08.16 23:42 B C:\Documents and Settings\Roberto\Documenti\mioweb5\_vti_pvt\services.cnf --> ftp.interfree.it /_vti_pvt services.cnf
108.08.16 23:42 B C:\Documents and Settings\Roberto\Documenti\mioweb5\_vti_pvt\structure.cnf --> ftp.interfree.it /_vti_pvt structure.cnf
108.08.16 23:42 B C:\Documents and Settings\Roberto\Documenti\mioweb5\_vti_pvt\WS_FTP.LOG --> ftp.interfree.it /_vti_pvt WS_FTP.LOG
108.08.19 13:00 B C:\Documents and Settings\Roberto\Documenti\mioweb5\_vti_pvt\_x_todo.htm --> ftp.interfree.it /_vti_pvt _x_todo.htm
108.08.19 13:00 B C:\Documents and Settings\Roberto\Documenti\mioweb5\_vti_pvt\_x_todoh.htm --> ftp.interfree.it /_vti_pvt _x_todoh.htm
108.08.19 13:00 B C:\Documents and Settings\Roberto\Documenti\mioweb5\_vti_pvt\botinfs.cnf --> ftp.interfree.it /_vti_pvt botinfs.cnf
108.08.19 13:00 B C:\Documents and Settings\Roberto\Documenti\mioweb5\_vti_pvt\bots.cnf --> ftp.interfree.it /_vti_pvt bots.cnf
108.08.19 13:00 B C:\Documents and Settings\Roberto\Documenti\mioweb5\_vti_pvt\deptodoc.btr --> ftp.interfree.it /_vti_pvt deptodoc.btr
108.08.19 13:00 B C:\Documents and Settings\Roberto\Documenti\mioweb5\_vti_pvt\doctodep.btr --> ftp.interfree.it /_vti_pvt doctodep.btr
108.08.19 13:00 B C:\Documents and Settings\Roberto\Documenti\mioweb5\_vti_pvt\linkinfo.cnf --> ftp.interfree.it /_vti_pvt linkinfo.cnf
108.08.19 13:00 B C:\Documents and Settings\Roberto\Documenti\mioweb5\_vti_pvt\service.cnf --> ftp.interfree.it /_vti_pvt service.cnf
108.08.19 13:00 B C:\Documents and Settings\Roberto\Documenti\mioweb5\_vti_pvt\service.lck --> ftp.interfree.it /_vti_pvt service.lck
108.08.19 13:00 B C:\Documents and Settings\Roberto\Documenti\mioweb5\_vti_pvt\services.cnf --> ftp.interfree.it /_vti_pvt services.cnf
108.08.19 13:00 B C:\Documents and Settings\Roberto\Documenti\mioweb5\_vti_pvt\structure.cnf --> ftp.interfree.it /_vti_pvt structure.cnf
108.08.19 13:00 B C:\Documents and Settings\Roberto\Documenti\mioweb5\_vti_pvt\WS_FTP.LOG --> ftp.interfree.it /_vti_pvt WS_FTP.LOG
108.08.19 16:18 B C:\Documents and Settings\Roberto\Documenti\mioweb5\_vti_pvt\_x_todo.htm --> ftp.interfree.it /_vti_pvt _x_todo.htm
108.08.19 16:18 B C:\Documents and Settings\Roberto\Documenti\mioweb5\_vti_pvt\_x_todoh.htm --> ftp.interfree.it /_vti_pvt _x_todoh.htm
108.08.19 16:18 B C:\Documents and Settings\Roberto\Documenti\mioweb5\_vti_pvt\botinfs.cnf --> ftp.interfree.it /_vti_pvt botinfs.cnf
108.08.19 16:18 B C:\Documents and Settings\Roberto\Documenti\mioweb5\_vti_pvt\bots.cnf --> ftp.interfree.it /_vti_pvt bots.cnf
108.08.19 16:18 B C:\Documents and Settings\Roberto\Documenti\mioweb5\_vti_pvt\deptodoc.btr --> ftp.interfree.it /_vti_pvt deptodoc.btr
108.08.19 16:18 B C:\Documents and Settings\Roberto\Documenti\mioweb5\_vti_pvt\doctodep.btr --> ftp.interfree.it /_vti_pvt doctodep.btr
108.08.19 16:18 B C:\Documents and Settings\Roberto\Documenti\mioweb5\_vti_pvt\linkinfo.cnf --> ftp.interfree.it /_vti_pvt linkinfo.cnf
108.08.19 16:18 B C:\Documents and Settings\Roberto\Documenti\mioweb5\_vti_pvt\service.cnf --> ftp.interfree.it /_vti_pvt service.cnf
108.08.19 16:18 B C:\Documents and Settings\Roberto\Documenti\mioweb5\_vti_pvt\service.lck --> ftp.interfree.it /_vti_pvt service.lck
108.08.19 16:18 B C:\Documents and Settings\Roberto\Documenti\mioweb5\_vti_pvt\services.cnf --> ftp.interfree.it /_vti_pvt services.cnf
108.08.19 16:18 B C:\Documents and Settings\Roberto\Documenti\mioweb5\_vti_pvt\structure.cnf --> ftp.interfree.it /_vti_pvt structure.cnf
108.08.19 16:18 B C:\Documents and Settings\Roberto\Documenti\mioweb5\_vti_pvt\WS_FTP.LOG --> ftp.interfree.it /_vti_pvt WS_FTP.LOG
108.08.24 18:04 B C:\Documents and Settings\Roberto\Documenti\mioweb5\_vti_pvt\_x_todo.htm --> ftp.interfree.it /_vti_pvt _x_todo.htm
108.08.24 18:04 B C:\Documents and Settings\Roberto\Documenti\mioweb5\_vti_pvt\_x_todoh.htm --> ftp.interfree.it /_vti_pvt _x_todoh.htm
108.08.24 18:04 B C:\Documents and Settings\Roberto\Documenti\mioweb5\_vti_pvt\botinfs.cnf --> ftp.interfree.it /_vti_pvt botinfs.cnf
108.08.24 18:04 B C:\Documents and Settings\Roberto\Documenti\mioweb5\_vti_pvt\bots.cnf --> ftp.interfree.it /_vti_pvt bots.cnf
108.08.24 18:04 B C:\Documents and Settings\Roberto\Documenti\mioweb5\_vti_pvt\deptodoc.btr --> ftp.interfree.it /_vti_pvt deptodoc.btr
108.08.24 18:04 B C:\Documents and Settings\Roberto\Documenti\mioweb5\_vti_pvt\doctodep.btr --> ftp.interfree.it /_vti_pvt doctodep.btr
108.08.24 18:04 B C:\Documents and Settings\Roberto\Documenti\mioweb5\_vti_pvt\linkinfo.cnf --> ftp.interfree.it /_vti_pvt linkinfo.cnf
108.08.24 18:04 B C:\Documents and Settings\Roberto\Documenti\mioweb5\_vti_pvt\service.cnf --> ftp.interfree.it /_vti_pvt service.cnf
108.08.24 18:04 B C:\Documents and Settings\Roberto\Documenti\mioweb5\_vti_pvt\service.lck --> ftp.interfree.it /_vti_pvt service.lck
108.08.24 18:04 B C:\Documents and Settings\Roberto\Documenti\mioweb5\_vti_pvt\services.cnf --> ftp.interfree.it /_vti_pvt services.cnf
108.08.24 18:04 B C:\Documents and Settings\Roberto\Documenti\mioweb5\_vti_pvt\structure.cnf --> ftp.interfree.it /_vti_pvt structure.cnf
108.08.24 18:04 B C:\Documents and Settings\Roberto\Documenti\mioweb5\_vti_pvt\WS_FTP.LOG --> ftp.interfree.it /_vti_pvt WS_FTP.LOG
108.08.24 19:13 B C:\Documents and Settings\Roberto\Documenti\mioweb5\_vti_pvt\_x_todo.htm --> ftp.interfree.it /_vti_pvt _x_todo.htm
108.08.24 19:13 B C:\Documents and Settings\Roberto\Documenti\mioweb5\_vti_pvt\_x_todoh.htm --> ftp.interfree.it /_vti_pvt _x_todoh.htm
108.08.24 19:13 B C:\Documents and Settings\Roberto\Documenti\mioweb5\_vti_pvt\botinfs.cnf --> ftp.interfree.it /_vti_pvt botinfs.cnf
108.08.24 19:13 B C:\Documents and Settings\Roberto\Documenti\mioweb5\_vti_pvt\bots.cnf --> ftp.interfree.it /_vti_pvt bots.cnf
108.08.24 19:13 B C:\Documents and Settings\Roberto\Documenti\mioweb5\_vti_pvt\deptodoc.btr --> ftp.interfree.it /_vti_pvt deptodoc.btr
108.08.24 19:13 B C:\Documents and Settings\Roberto\Documenti\mioweb5\_vti_pvt\doctodep.btr --> ftp.interfree.it /_vti_pvt doctodep.btr
108.08.24 19:13 B C:\Documents and Settings\Roberto\Documenti\mioweb5\_vti_pvt\linkinfo.cnf --> ftp.interfree.it /_vti_pvt linkinfo.cnf
108.08.24 19:13 B C:\Documents and Settings\Roberto\Documenti\mioweb5\_vti_pvt\service.cnf --> ftp.interfree.it /_vti_pvt service.cnf
108.08.24 19:13 B C:\Documents and Settings\Roberto\Documenti\mioweb5\_vti_pvt\service.lck --> ftp.interfree.it /_vti_pvt service.lck
108.08.24 19:13 B C:\Documents and Settings\Roberto\Documenti\mioweb5\_vti_pvt\services.cnf --> ftp.interfree.it /_vti_pvt services.cnf
108.08.24 19:13 B C:\Documents and Settings\Roberto\Documenti\mioweb5\_vti_pvt\structure.cnf --> ftp.interfree.it /_vti_pvt structure.cnf
108.08.24 19:13 B C:\Documents and Settings\Roberto\Documenti\mioweb5\_vti_pvt\WS_FTP.LOG --> ftp.interfree.it /_vti_pvt WS_FTP.LOG
108.09.01 17:46 B C:\Documents and Settings\Roberto\Documenti\mioweb5\_vti_pvt\_x_todo.htm --> ftp.interfree.it /_vti_pvt _x_todo.htm
108.09.01 17:46 B C:\Documents and Settings\Roberto\Documenti\mioweb5\_vti_pvt\_x_todoh.htm --> ftp.interfree.it /_vti_pvt _x_todoh.htm
108.09.01 17:46 B C:\Documents and Settings\Roberto\Documenti\mioweb5\_vti_pvt\botinfs.cnf --> ftp.interfree.it /_vti_pvt botinfs.cnf
108.09.01 17:46 B C:\Documents and Settings\Roberto\Documenti\mioweb5\_vti_pvt\bots.cnf --> ftp.interfree.it /_vti_pvt bots.cnf
108.09.01 17:46 B C:\Documents and Settings\Roberto\Documenti\mioweb5\_vti_pvt\deptodoc.btr --> ftp.interfree.it /_vti_pvt deptodoc.btr
108.09.01 17:46 B C:\Documents and Settings\Roberto\Documenti\mioweb5\_vti_pvt\doctodep.btr --> ftp.interfree.it /_vti_pvt doctodep.btr
108.09.01 17:46 B C:\Documents and Settings\Roberto\Documenti\mioweb5\_vti_pvt\linkinfo.cnf --> ftp.interfree.it /_vti_pvt linkinfo.cnf
108.09.01 17:46 B C:\Documents and Settings\Roberto\Documenti\mioweb5\_vti_pvt\service.cnf --> ftp.interfree.it /_vti_pvt service.cnf
108.09.01 17:46 B C:\Documents and Settings\Roberto\Documenti\mioweb5\_vti_pvt\service.lck --> ftp.interfree.it /_vti_pvt service.lck
108.09.01 17:46 B C:\Documents and Settings\Roberto\Documenti\mioweb5\_vti_pvt\services.cnf --> ftp.interfree.it /_vti_pvt services.cnf
108.09.01 17:46 B C:\Documents and Settings\Roberto\Documenti\mioweb5\_vti_pvt\structure.cnf --> ftp.interfree.it /_vti_pvt structure.cnf
108.09.01 17:46 B C:\Documents and Settings\Roberto\Documenti\mioweb5\_vti_pvt\WS_FTP.LOG --> ftp.interfree.it /_vti_pvt WS_FTP.LOG
108.09.10 16:46 B C:\Documents and Settings\Roberto\Documenti\mioweb5\_vti_pvt\_x_todo.htm --> ftp.interfree.it /_vti_pvt _x_todo.htm
108.09.10 16:46 B C:\Documents and Settings\Roberto\Documenti\mioweb5\_vti_pvt\_x_todoh.htm --> ftp.interfree.it /_vti_pvt _x_todoh.htm
108.09.10 16:46 B C:\Documents and Settings\Roberto\Documenti\mioweb5\_vti_pvt\botinfs.cnf --> ftp.interfree.it /_vti_pvt botinfs.cnf
108.09.10 16:46 B C:\Documents and Settings\Roberto\Documenti\mioweb5\_vti_pvt\bots.cnf --> ftp.interfree.it /_vti_pvt bots.cnf
108.09.10 16:46 B C:\Documents and Settings\Roberto\Documenti\mioweb5\_vti_pvt\deptodoc.btr --> ftp.interfree.it /_vti_pvt deptodoc.btr
108.09.10 16:46 B C:\Documents and Settings\Roberto\Documenti\mioweb5\_vti_pvt\doctodep.btr --> ftp.interfree.it /_vti_pvt doctodep.btr
108.09.10 16:46 B C:\Documents and Settings\Roberto\Documenti\mioweb5\_vti_pvt\linkinfo.cnf --> ftp.interfree.it /_vti_pvt linkinfo.cnf
108.09.10 16:46 B C:\Documents and Settings\Roberto\Documenti\mioweb5\_vti_pvt\service.cnf --> ftp.interfree.it /_vti_pvt service.cnf
108.09.10 16:46 B C:\Documents and Settings\Roberto\Documenti\mioweb5\_vti_pvt\service.lck --> ftp.interfree.it /_vti_pvt service.lck
108.09.10 16:46 B C:\Documents and Settings\Roberto\Documenti\mioweb5\_vti_pvt\services.cnf --> ftp.interfree.it /_vti_pvt services.cnf
108.09.10 16:46 B C:\Documents and Settings\Roberto\Documenti\mioweb5\_vti_pvt\structure.cnf --> ftp.interfree.it /_vti_pvt structure.cnf
108.09.10 20:02 B C:\Documents and Settings\Roberto\Documenti\mioweb5\_vti_pvt\WS_FTP.LOG <-- Casamuscas /_vti_pvt WS_FTP.LOG
108.11.02 00:05 B C:\Documents and Settings\Roberto\Documenti\mioweb5\_vti_pvt\_x_todo.htm --> ftp.interfree.it /_vti_pvt _x_todo.htm
108.11.02 00:05 B C:\Documents and Settings\Roberto\Documenti\mioweb5\_vti_pvt\_x_todoh.htm --> ftp.interfree.it /_vti_pvt _x_todoh.htm
108.11.02 00:05 B C:\Documents and Settings\Roberto\Documenti\mioweb5\_vti_pvt\botinfs.cnf --> ftp.interfree.it /_vti_pvt botinfs.cnf
108.11.02 00:05 B C:\Documents and Settings\Roberto\Documenti\mioweb5\_vti_pvt\bots.cnf --> ftp.interfree.it /_vti_pvt bots.cnf
108.11.02 00:05 B C:\Documents and Settings\Roberto\Documenti\mioweb5\_vti_pvt\deptodoc.btr --> ftp.interfree.it /_vti_pvt deptodoc.btr
108.11.02 00:05 B C:\Documents and Settings\Roberto\Documenti\mioweb5\_vti_pvt\doctodep.btr --> ftp.interfree.it /_vti_pvt doctodep.btr
108.11.02 00:05 B C:\Documents and Settings\Roberto\Documenti\mioweb5\_vti_pvt\linkinfo.cnf --> ftp.interfree.it /_vti_pvt linkinfo.cnf
108.11.02 00:05 B C:\Documents and Settings\Roberto\Documenti\mioweb5\_vti_pvt\service.cnf --> ftp.interfree.it /_vti_pvt service.cnf
108.11.02 00:05 B C:\Documents and Settings\Roberto\Documenti\mioweb5\_vti_pvt\service.lck --> ftp.interfree.it /_vti_pvt service.lck
108.11.02 00:05 B C:\Documents and Settings\Roberto\Documenti\mioweb5\_vti_pvt\services.cnf --> ftp.interfree.it /_vti_pvt services.cnf
108.11.02 00:05 B C:\Documents and Settings\Roberto\Documenti\mioweb5\_vti_pvt\structure.cnf --> ftp.interfree.it /_vti_pvt structure.cnf
108.11.02 00:05 B C:\Documents and Settings\Roberto\Documenti\mioweb5\_vti_pvt\WS_FTP.LOG --> ftp.interfree.it /_vti_pvt WS_FTP.LOG
108.11.03 00:08 B C:\Documents and Settings\Roberto\Documenti\mioweb5\_vti_pvt\_x_todo.htm --> ftp.interfree.it /_vti_pvt _x_todo.htm
108.11.03 00:08 B C:\Documents and Settings\Roberto\Documenti\mioweb5\_vti_pvt\_x_todoh.htm --> ftp.interfree.it /_vti_pvt _x_todoh.htm
108.11.03 00:08 B C:\Documents and Settings\Roberto\Documenti\mioweb5\_vti_pvt\botinfs.cnf --> ftp.interfree.it /_vti_pvt botinfs.cnf
108.11.03 00:08 B C:\Documents and Settings\Roberto\Documenti\mioweb5\_vti_pvt\bots.cnf --> ftp.interfree.it /_vti_pvt bots.cnf
108.11.03 00:08 B C:\Documents and Settings\Roberto\Documenti\mioweb5\_vti_pvt\deptodoc.btr --> ftp.interfree.it /_vti_pvt deptodoc.btr
108.11.03 00:08 B C:\Documents and Settings\Roberto\Documenti\mioweb5\_vti_pvt\doctodep.btr --> ftp.interfree.it /_vti_pvt doctodep.btr
108.11.03 00:08 B C:\Documents and Settings\Roberto\Documenti\mioweb5\_vti_pvt\linkinfo.cnf --> ftp.interfree.it /_vti_pvt linkinfo.cnf
108.11.03 00:08 B C:\Documents and Settings\Roberto\Documenti\mioweb5\_vti_pvt\service.cnf --> ftp.interfree.it /_vti_pvt service.cnf
108.11.03 00:08 B C:\Documents and Settings\Roberto\Documenti\mioweb5\_vti_pvt\service.lck --> ftp.interfree.it /_vti_pvt service.lck
108.11.03 00:08 B C:\Documents and Settings\Roberto\Documenti\mioweb5\_vti_pvt\services.cnf --> ftp.interfree.it /_vti_pvt services.cnf
108.11.03 00:08 B C:\Documents and Settings\Roberto\Documenti\mioweb5\_vti_pvt\structure.cnf --> ftp.interfree.it /_vti_pvt structure.cnf
108.11.03 00:08 B C:\Documents and Settings\Roberto\Documenti\mioweb5\_vti_pvt\WS_FTP.LOG --> ftp.interfree.it /_vti_pvt WS_FTP.LOG
108.11.03 01:02 B C:\Documents and Settings\Roberto\Documenti\mioweb5\_vti_pvt\_x_todo.htm --> ftp.interfree.it /_vti_pvt _x_todo.htm
108.11.03 01:02 B C:\Documents and Settings\Roberto\Documenti\mioweb5\_vti_pvt\_x_todoh.htm --> ftp.interfree.it /_vti_pvt _x_todoh.htm
108.11.03 01:02 B C:\Documents and Settings\Roberto\Documenti\mioweb5\_vti_pvt\botinfs.cnf --> ftp.interfree.it /_vti_pvt botinfs.cnf
108.11.03 01:02 B C:\Documents and Settings\Roberto\Documenti\mioweb5\_vti_pvt\bots.cnf --> ftp.interfree.it /_vti_pvt bots.cnf
108.11.03 01:02 B C:\Documents and Settings\Roberto\Documenti\mioweb5\_vti_pvt\deptodoc.btr --> ftp.interfree.it /_vti_pvt deptodoc.btr
108.11.03 01:03 B C:\Documents and Settings\Roberto\Documenti\mioweb5\_vti_pvt\doctodep.btr --> ftp.interfree.it /_vti_pvt doctodep.btr
108.11.03 01:03 B C:\Documents and Settings\Roberto\Documenti\mioweb5\_vti_pvt\linkinfo.cnf --> ftp.interfree.it /_vti_pvt linkinfo.cnf
108.11.03 01:03 B C:\Documents and Settings\Roberto\Documenti\mioweb5\_vti_pvt\service.cnf --> ftp.interfree.it /_vti_pvt service.cnf
108.11.03 01:03 B C:\Documents and Settings\Roberto\Documenti\mioweb5\_vti_pvt\service.lck --> ftp.interfree.it /_vti_pvt service.lck
108.11.03 01:03 B C:\Documents and Settings\Roberto\Documenti\mioweb5\_vti_pvt\services.cnf --> ftp.interfree.it /_vti_pvt services.cnf
108.11.03 01:03 B C:\Documents and Settings\Roberto\Documenti\mioweb5\_vti_pvt\structure.cnf --> ftp.interfree.it /_vti_pvt structure.cnf
108.11.03 01:03 B C:\Documents and Settings\Roberto\Documenti\mioweb5\_vti_pvt\WS_FTP.LOG --> ftp.interfree.it /_vti_pvt WS_FTP.LOG
108.11.03 02:23 B C:\Documents and Settings\Roberto\Documenti\mioweb5\_vti_pvt\_x_todo.htm --> ftp.interfree.it /_vti_pvt _x_todo.htm
108.11.03 02:23 B C:\Documents and Settings\Roberto\Documenti\mioweb5\_vti_pvt\_x_todoh.htm --> ftp.interfree.it /_vti_pvt _x_todoh.htm
108.11.03 02:23 B C:\Documents and Settings\Roberto\Documenti\mioweb5\_vti_pvt\botinfs.cnf --> ftp.interfree.it /_vti_pvt botinfs.cnf
108.11.03 02:23 B C:\Documents and Settings\Roberto\Documenti\mioweb5\_vti_pvt\bots.cnf --> ftp.interfree.it /_vti_pvt bots.cnf
108.11.03 02:23 B C:\Documents and Settings\Roberto\Documenti\mioweb5\_vti_pvt\deptodoc.btr --> ftp.interfree.it /_vti_pvt deptodoc.btr
108.11.03 02:24 B C:\Documents and Settings\Roberto\Documenti\mioweb5\_vti_pvt\doctodep.btr --> ftp.interfree.it /_vti_pvt doctodep.btr
108.11.03 02:24 B C:\Documents and Settings\Roberto\Documenti\mioweb5\_vti_pvt\linkinfo.cnf --> ftp.interfree.it /_vti_pvt linkinfo.cnf
108.11.03 02:24 B C:\Documents and Settings\Roberto\Documenti\mioweb5\_vti_pvt\service.cnf --> ftp.interfree.it /_vti_pvt service.cnf
108.11.03 02:24 B C:\Documents and Settings\Roberto\Documenti\mioweb5\_vti_pvt\service.lck --> ftp.interfree.it /_vti_pvt service.lck
108.11.03 02:24 B C:\Documents and Settings\Roberto\Documenti\mioweb5\_vti_pvt\services.cnf --> ftp.interfree.it /_vti_pvt services.cnf
108.11.03 02:24 B C:\Documents and Settings\Roberto\Documenti\mioweb5\_vti_pvt\structure.cnf --> ftp.interfree.it /_vti_pvt structure.cnf
108.11.03 02:24 B C:\Documents and Settings\Roberto\Documenti\mioweb5\_vti_pvt\WS_FTP.LOG --> ftp.interfree.it /_vti_pvt WS_FTP.LOG
108.11.12 22:59 B C:\Documents and Settings\Roberto\Documenti\mioweb5\_vti_pvt\_x_todo.htm --> ftp.interfree.it /_vti_pvt _x_todo.htm
108.11.12 22:59 B C:\Documents and Settings\Roberto\Documenti\mioweb5\_vti_pvt\_x_todoh.htm --> ftp.interfree.it /_vti_pvt _x_todoh.htm
108.11.12 22:59 B C:\Documents and Settings\Roberto\Documenti\mioweb5\_vti_pvt\botinfs.cnf --> ftp.interfree.it /_vti_pvt botinfs.cnf
108.11.12 22:59 B C:\Documents and Settings\Roberto\Documenti\mioweb5\_vti_pvt\bots.cnf --> ftp.interfree.it /_vti_pvt bots.cnf
108.11.12 22:59 B C:\Documents and Settings\Roberto\Documenti\mioweb5\_vti_pvt\deptodoc.btr --> ftp.interfree.it /_vti_pvt deptodoc.btr
108.11.12 22:59 B C:\Documents and Settings\Roberto\Documenti\mioweb5\_vti_pvt\doctodep.btr --> ftp.interfree.it /_vti_pvt doctodep.btr
108.11.12 22:59 B C:\Documents and Settings\Roberto\Documenti\mioweb5\_vti_pvt\linkinfo.cnf --> ftp.interfree.it /_vti_pvt linkinfo.cnf
108.11.12 22:59 B C:\Documents and Settings\Roberto\Documenti\mioweb5\_vti_pvt\service.cnf --> ftp.interfree.it /_vti_pvt service.cnf
108.11.12 22:59 B C:\Documents and Settings\Roberto\Documenti\mioweb5\_vti_pvt\service.lck --> ftp.interfree.it /_vti_pvt service.lck
108.11.12 22:59 B C:\Documents and Settings\Roberto\Documenti\mioweb5\_vti_pvt\services.cnf --> ftp.interfree.it /_vti_pvt services.cnf
108.11.12 22:59 B C:\Documents and Settings\Roberto\Documenti\mioweb5\_vti_pvt\structure.cnf --> ftp.interfree.it /_vti_pvt structure.cnf
108.11.12 22:59 B C:\Documents and Settings\Roberto\Documenti\mioweb5\_vti_pvt\WS_FTP.LOG --> ftp.interfree.it /_vti_pvt WS_FTP.LOG
109.01.05 19:49 B C:\Documents and Settings\Roberto\Documenti\mioweb5\_vti_pvt\_x_todo.htm --> ftp.interfree.it /_vti_pvt _x_todo.htm
109.01.05 19:49 B C:\Documents and Settings\Roberto\Documenti\mioweb5\_vti_pvt\_x_todoh.htm --> ftp.interfree.it /_vti_pvt _x_todoh.htm
109.01.05 19:49 B C:\Documents and Settings\Roberto\Documenti\mioweb5\_vti_pvt\botinfs.cnf --> ftp.interfree.it /_vti_pvt botinfs.cnf
109.01.05 19:49 B C:\Documents and Settings\Roberto\Documenti\mioweb5\_vti_pvt\bots.cnf --> ftp.interfree.it /_vti_pvt bots.cnf
109.01.05 19:49 B C:\Documents and Settings\Roberto\Documenti\mioweb5\_vti_pvt\deptodoc.btr --> ftp.interfree.it /_vti_pvt deptodoc.btr
109.01.05 19:49 B C:\Documents and Settings\Roberto\Documenti\mioweb5\_vti_pvt\doctodep.btr --> ftp.interfree.it /_vti_pvt doctodep.btr
109.01.05 19:49 B C:\Documents and Settings\Roberto\Documenti\mioweb5\_vti_pvt\linkinfo.cnf --> ftp.interfree.it /_vti_pvt linkinfo.cnf
109.01.05 19:49 B C:\Documents and Settings\Roberto\Documenti\mioweb5\_vti_pvt\service.cnf --> ftp.interfree.it /_vti_pvt service.cnf
109.01.05 19:49 B C:\Documents and Settings\Roberto\Documenti\mioweb5\_vti_pvt\service.lck --> ftp.interfree.it /_vti_pvt service.lck
109.01.05 19:49 B C:\Documents and Settings\Roberto\Documenti\mioweb5\_vti_pvt\services.cnf --> ftp.interfree.it /_vti_pvt services.cnf
109.01.05 19:49 B C:\Documents and Settings\Roberto\Documenti\mioweb5\_vti_pvt\structure.cnf --> ftp.interfree.it /_vti_pvt structure.cnf
109.01.05 19:49 B C:\Documents and Settings\Roberto\Documenti\mioweb5\_vti_pvt\WS_FTP.LOG --> ftp.interfree.it /_vti_pvt WS_FTP.LOG
111.01.09 22:54 B D:\mioweb5\_vti_pvt\_x_todo.htm --> ftp.interfree.it /_vti_pvt _x_todo.htm
111.01.09 22:54 B D:\mioweb5\_vti_pvt\_x_todoh.htm --> ftp.interfree.it /_vti_pvt _x_todoh.htm
111.01.09 22:54 B D:\mioweb5\_vti_pvt\botinfs.cnf --> ftp.interfree.it /_vti_pvt botinfs.cnf
111.01.09 22:54 B D:\mioweb5\_vti_pvt\bots.cnf --> ftp.interfree.it /_vti_pvt bots.cnf
111.01.09 22:54 B D:\mioweb5\_vti_pvt\deptodoc.btr --> ftp.interfree.it /_vti_pvt deptodoc.btr
111.01.09 22:54 B D:\mioweb5\_vti_pvt\doctodep.btr --> ftp.interfree.it /_vti_pvt doctodep.btr
111.01.09 22:54 B D:\mioweb5\_vti_pvt\linkinfo.cnf --> ftp.interfree.it /_vti_pvt linkinfo.cnf
111.01.09 22:54 B D:\mioweb5\_vti_pvt\service.cnf --> ftp.interfree.it /_vti_pvt service.cnf
111.01.09 22:54 B D:\mioweb5\_vti_pvt\service.lck --> ftp.interfree.it /_vti_pvt service.lck
111.01.09 22:54 B D:\mioweb5\_vti_pvt\services.cnf --> ftp.interfree.it /_vti_pvt services.cnf
111.01.09 22:54 B D:\mioweb5\_vti_pvt\structure.cnf --> ftp.interfree.it /_vti_pvt structure.cnf
111.01.09 22:54 B D:\mioweb5\_vti_pvt\WS_FTP.LOG --> ftp.interfree.it /_vti_pvt WS_FTP.LOG
112.01.13 23:50 B D:\mioweb5\_vti_pvt\_x_todo.htm --> ftp.interfree.it /_vti_pvt _x_todo.htm
112.01.13 23:50 B D:\mioweb5\_vti_pvt\_x_todoh.htm --> ftp.interfree.it /_vti_pvt _x_todoh.htm
112.01.13 23:50 B D:\mioweb5\_vti_pvt\botinfs.cnf --> ftp.interfree.it /_vti_pvt botinfs.cnf
112.01.13 23:50 B D:\mioweb5\_vti_pvt\bots.cnf --> ftp.interfree.it /_vti_pvt bots.cnf
112.01.13 23:50 B D:\mioweb5\_vti_pvt\deptodoc.btr --> ftp.interfree.it /_vti_pvt deptodoc.btr
112.01.13 23:50 B D:\mioweb5\_vti_pvt\doctodep.btr --> ftp.interfree.it /_vti_pvt doctodep.btr
112.01.13 23:50 B D:\mioweb5\_vti_pvt\linkinfo.cnf --> ftp.interfree.it /_vti_pvt linkinfo.cnf
112.01.13 23:50 B D:\mioweb5\_vti_pvt\service.cnf --> ftp.interfree.it /_vti_pvt service.cnf
112.01.13 23:51 B D:\mioweb5\_vti_pvt\service.lck --> ftp.interfree.it /_vti_pvt service.lck
112.01.13 23:51 B D:\mioweb5\_vti_pvt\services.cnf --> ftp.interfree.it /_vti_pvt services.cnf
112.01.13 23:51 B D:\mioweb5\_vti_pvt\structure.cnf --> ftp.interfree.it /_vti_pvt structure.cnf
112.01.13 23:51 B D:\mioweb5\_vti_pvt\WS_FTP.LOG --> ftp.interfree.it /_vti_pvt WS_FTP.LOG
112.01.14 01:35 B D:\mioweb5\_vti_pvt\_x_todo.htm --> ftp.interfree.it /_vti_pvt _x_todo.htm
112.01.14 01:35 B D:\mioweb5\_vti_pvt\_x_todoh.htm --> ftp.interfree.it /_vti_pvt _x_todoh.htm
112.01.14 01:35 B D:\mioweb5\_vti_pvt\botinfs.cnf --> ftp.interfree.it /_vti_pvt botinfs.cnf
112.01.14 01:35 B D:\mioweb5\_vti_pvt\bots.cnf --> ftp.interfree.it /_vti_pvt bots.cnf
112.01.14 01:35 B D:\mioweb5\_vti_pvt\deptodoc.btr --> ftp.interfree.it /_vti_pvt deptodoc.btr
112.01.14 01:35 B D:\mioweb5\_vti_pvt\doctodep.btr --> ftp.interfree.it /_vti_pvt doctodep.btr
112.01.14 01:35 B D:\mioweb5\_vti_pvt\linkinfo.cnf --> ftp.interfree.it /_vti_pvt linkinfo.cnf
112.01.14 01:35 B D:\mioweb5\_vti_pvt\service.cnf --> ftp.interfree.it /_vti_pvt service.cnf
112.01.14 01:35 B D:\mioweb5\_vti_pvt\service.lck --> ftp.interfree.it /_vti_pvt service.lck
112.01.14 01:35 B D:\mioweb5\_vti_pvt\services.cnf --> ftp.interfree.it /_vti_pvt services.cnf
112.01.14 01:35 B D:\mioweb5\_vti_pvt\structure.cnf --> ftp.interfree.it /_vti_pvt structure.cnf
112.01.14 01:35 B D:\mioweb5\_vti_pvt\WS_FTP.LOG --> ftp.interfree.it /_vti_pvt WS_FTP.LOG
114.04.24 13:11 B D:\mioweb5\_vti_pvt\_x_todo.htm --> server41.000webhost.com /_vti_pvt _x_todo.htm
114.04.24 13:11 B D:\mioweb5\_vti_pvt\_x_todoh.htm --> server41.000webhost.com /_vti_pvt _x_todoh.htm
114.04.24 13:11 B D:\mioweb5\_vti_pvt\botinfs.cnf --> server41.000webhost.com /_vti_pvt botinfs.cnf
114.04.24 13:11 B D:\mioweb5\_vti_pvt\bots.cnf --> server41.000webhost.com /_vti_pvt bots.cnf
114.04.24 13:11 B D:\mioweb5\_vti_pvt\deptodoc.btr --> server41.000webhost.com /_vti_pvt deptodoc.btr
114.04.24 13:11 B D:\mioweb5\_vti_pvt\doctodep.btr --> server41.000webhost.com /_vti_pvt doctodep.btr
114.04.24 13:11 B D:\mioweb5\_vti_pvt\linkinfo.cnf --> server41.000webhost.com /_vti_pvt linkinfo.cnf
114.04.24 13:11 B D:\mioweb5\_vti_pvt\service.cnf --> server41.000webhost.com /_vti_pvt service.cnf
114.04.24 13:11 B D:\mioweb5\_vti_pvt\service.lck --> server41.000webhost.com /_vti_pvt service.lck
114.04.24 13:11 B D:\mioweb5\_vti_pvt\services.cnf --> server41.000webhost.com /_vti_pvt services.cnf
114.04.24 13:11 B D:\mioweb5\_vti_pvt\structure.cnf --> server41.000webhost.com /_vti_pvt structure.cnf
114.04.24 13:11 B D:\mioweb5\_vti_pvt\WS_FTP.LOG --> server41.000webhost.com /_vti_pvt WS_FTP.LOG
114.04.26 11:38 B D:\mioweb5\_vti_pvt\_x_todo.htm --> ftp.patatebollite.altervista.org /_vti_pvt _x_todo.htm
114.04.26 11:38 B D:\mioweb5\_vti_pvt\_x_todoh.htm --> ftp.patatebollite.altervista.org /_vti_pvt _x_todoh.htm
114.04.26 11:38 B D:\mioweb5\_vti_pvt\botinfs.cnf --> ftp.patatebollite.altervista.org /_vti_pvt botinfs.cnf
114.04.26 11:38 B D:\mioweb5\_vti_pvt\bots.cnf --> ftp.patatebollite.altervista.org /_vti_pvt bots.cnf
114.04.26 11:38 B D:\mioweb5\_vti_pvt\deptodoc.btr --> ftp.patatebollite.altervista.org /_vti_pvt deptodoc.btr
114.04.26 11:38 B D:\mioweb5\_vti_pvt\doctodep.btr --> ftp.patatebollite.altervista.org /_vti_pvt doctodep.btr
114.04.26 11:38 B D:\mioweb5\_vti_pvt\linkinfo.cnf --> ftp.patatebollite.altervista.org /_vti_pvt linkinfo.cnf
114.04.26 11:38 B D:\mioweb5\_vti_pvt\service.cnf --> ftp.patatebollite.altervista.org /_vti_pvt service.cnf
114.04.26 11:38 B D:\mioweb5\_vti_pvt\service.lck --> ftp.patatebollite.altervista.org /_vti_pvt service.lck
114.04.26 11:38 B D:\mioweb5\_vti_pvt\services.cnf --> ftp.patatebollite.altervista.org /_vti_pvt services.cnf
114.04.26 11:38 B D:\mioweb5\_vti_pvt\structure.cnf --> ftp.patatebollite.altervista.org /_vti_pvt structure.cnf
114.04.26 11:38 B D:\mioweb5\_vti_pvt\WS_FTP.LOG --> ftp.patatebollite.altervista.org /_vti_pvt WS_FTP.LOG
114.04.26 13:13 B D:\mioweb5\_vti_pvt\_x_todo.htm --> ftp.patatebollite.altervista.org /_vti_pvt _x_todo.htm
114.04.26 13:13 B D:\mioweb5\_vti_pvt\_x_todoh.htm --> ftp.patatebollite.altervista.org /_vti_pvt _x_todoh.htm
114.04.26 13:13 B D:\mioweb5\_vti_pvt\botinfs.cnf --> ftp.patatebollite.altervista.org /_vti_pvt botinfs.cnf
114.04.26 13:13 B D:\mioweb5\_vti_pvt\bots.cnf --> ftp.patatebollite.altervista.org /_vti_pvt bots.cnf
114.04.26 13:13 B D:\mioweb5\_vti_pvt\deptodoc.btr --> ftp.patatebollite.altervista.org /_vti_pvt deptodoc.btr
114.04.26 13:13 B D:\mioweb5\_vti_pvt\doctodep.btr --> ftp.patatebollite.altervista.org /_vti_pvt doctodep.btr
114.04.26 13:13 B D:\mioweb5\_vti_pvt\linkinfo.cnf --> ftp.patatebollite.altervista.org /_vti_pvt linkinfo.cnf
114.04.26 13:13 B D:\mioweb5\_vti_pvt\service.cnf --> ftp.patatebollite.altervista.org /_vti_pvt service.cnf
114.04.26 13:13 B D:\mioweb5\_vti_pvt\service.lck --> ftp.patatebollite.altervista.org /_vti_pvt service.lck
114.04.26 13:13 B D:\mioweb5\_vti_pvt\services.cnf --> ftp.patatebollite.altervista.org /_vti_pvt services.cnf
114.04.26 13:13 B D:\mioweb5\_vti_pvt\structure.cnf --> ftp.patatebollite.altervista.org /_vti_pvt structure.cnf
114.04.26 13:13 B D:\mioweb5\_vti_pvt\WS_FTP.LOG --> ftp.patatebollite.altervista.org /_vti_pvt WS_FTP.LOG
114.05.20 19:50 B D:\mioweb5\_vti_pvt\_x_todo.htm --> ftp.jokermonello.altervista.org /_vti_pvt _x_todo.htm
114.05.20 19:50 B D:\mioweb5\_vti_pvt\_x_todoh.htm --> ftp.jokermonello.altervista.org /_vti_pvt _x_todoh.htm
114.05.20 19:50 B D:\mioweb5\_vti_pvt\botinfs.cnf --> ftp.jokermonello.altervista.org /_vti_pvt botinfs.cnf
114.05.20 19:50 B D:\mioweb5\_vti_pvt\bots.cnf --> ftp.jokermonello.altervista.org /_vti_pvt bots.cnf
114.05.20 19:50 B D:\mioweb5\_vti_pvt\deptodoc.btr --> ftp.jokermonello.altervista.org /_vti_pvt deptodoc.btr
114.05.20 19:50 B D:\mioweb5\_vti_pvt\doctodep.btr --> ftp.jokermonello.altervista.org /_vti_pvt doctodep.btr
114.05.20 19:50 B D:\mioweb5\_vti_pvt\linkinfo.cnf --> ftp.jokermonello.altervista.org /_vti_pvt linkinfo.cnf
114.05.20 19:50 B D:\mioweb5\_vti_pvt\service.cnf --> ftp.jokermonello.altervista.org /_vti_pvt service.cnf
114.05.20 19:50 B D:\mioweb5\_vti_pvt\service.lck --> ftp.jokermonello.altervista.org /_vti_pvt service.lck
114.05.20 19:50 B D:\mioweb5\_vti_pvt\services.cnf --> ftp.jokermonello.altervista.org /_vti_pvt services.cnf
114.05.20 19:50 B D:\mioweb5\_vti_pvt\structure.cnf --> ftp.jokermonello.altervista.org /_vti_pvt structure.cnf
114.05.20 19:50 B D:\mioweb5\_vti_pvt\WS_FTP.LOG --> ftp.jokermonello.altervista.org /_vti_pvt WS_FTP.LOG
