104.10.12 12:20 B C:\Documents and Settings\-\Documenti\Web\mioweb5\index.htm --> ftp.muscas.it / index.htm
104.10.25 14:44 B C:\Documents and Settings\-\Documenti\Web\mioweb5\index.htm --> ftp.interfree.it / index.htm
104.10.25 14:44 B C:\Documents and Settings\-\Documenti\Web\mioweb5\WS_FTP.LOG --> ftp.interfree.it / WS_FTP.LOG
104.10.25 19:06 B C:\Documents and Settings\-\Documenti\Web\mioweb5\index.htm --> ftp.muscaspromo.com / index.htm
104.10.25 19:48 B C:\Documents and Settings\-\Documenti\Web\mioweb5\index.htm --> ftp.interfree.it / index.htm
104.10.25 19:48 B C:\Documents and Settings\-\Documenti\Web\mioweb5\WS_FTP.LOG --> ftp.interfree.it / WS_FTP.LOG
104.10.28 01:09 B C:\Documents and Settings\-\Documenti\Web\mioweb5\index.htm --> ftp.muscas.it / index.htm
104.10.28 01:09 B C:\Documents and Settings\-\Documenti\Web\mioweb5\WS_FTP.LOG --> ftp.muscas.it / WS_FTP.LOG
104.10.29 10:02 B C:\Documents and Settings\-\Documenti\Web\mioweb5\index.htm --> ftp.muscas.it / index.htm
104.10.29 10:02 B C:\Documents and Settings\-\Documenti\Web\mioweb5\WS_FTP.LOG --> ftp.muscas.it / WS_FTP.LOG
105.02.08 23:09 B C:\Documents and Settings\-\Documenti\Web\mioweb5\index.htm --> ftp.muscas.it / index.htm
105.02.08 23:09 B C:\Documents and Settings\-\Documenti\Web\mioweb5\WS_FTP.LOG --> ftp.muscas.it / WS_FTP.LOG
105.02.16 14:59 B C:\Documents and Settings\-\Documenti\Web\mioweb5\index.htm --> ftp.muscas.it / index.htm
105.02.16 14:59 B C:\Documents and Settings\-\Documenti\Web\mioweb5\WS_FTP.LOG --> ftp.muscas.it / WS_FTP.LOG
105.03.14 11:42 B C:\Documents and Settings\-\Documenti\Web\mioweb5\index.htm --> ftp.muscas.it / index.htm
105.03.14 11:42 B C:\Documents and Settings\-\Documenti\Web\mioweb5\WS_FTP.LOG --> ftp.muscas.it / WS_FTP.LOG
105.03.14 15:17 B C:\Documents and Settings\-\Documenti\Web\mioweb5\francia_spagna_2004_2005.htm --> ftp.muscas.it / francia_spagna_2004_2005.htm
105.03.14 15:17 B C:\Documents and Settings\-\Documenti\Web\mioweb5\index.htm --> ftp.muscas.it / index.htm
105.03.14 15:17 B C:\Documents and Settings\-\Documenti\Web\mioweb5\nuova_pagina_1.htm --> ftp.muscas.it / nuova_pagina_1.htm
105.03.14 15:17 B C:\Documents and Settings\-\Documenti\Web\mioweb5\viaggi.htm --> ftp.muscas.it / viaggi.htm
105.03.14 15:17 B C:\Documents and Settings\-\Documenti\Web\mioweb5\WS_FTP.LOG --> ftp.muscas.it / WS_FTP.LOG
105.03.15 21:50 B C:\Documents and Settings\-\Documenti\Web\mioweb5\francia_spagna_2004_2005.htm --> ftp.muscas.it / francia_spagna_2004_2005.htm
105.03.15 21:50 B C:\Documents and Settings\-\Documenti\Web\mioweb5\index.htm --> ftp.muscas.it / index.htm
105.03.15 21:50 B C:\Documents and Settings\-\Documenti\Web\mioweb5\nuova_pagina_1.htm --> ftp.muscas.it / nuova_pagina_1.htm
105.03.15 21:50 B C:\Documents and Settings\-\Documenti\Web\mioweb5\nuova_pagina_3.htm --> ftp.muscas.it / nuova_pagina_3.htm
105.03.15 21:50 B C:\Documents and Settings\-\Documenti\Web\mioweb5\viaggi.htm --> ftp.muscas.it / viaggi.htm
105.03.15 21:50 B C:\Documents and Settings\-\Documenti\Web\mioweb5\WS_FTP.LOG --> ftp.muscas.it / WS_FTP.LOG
105.03.15 22:01 B C:\Documents and Settings\-\Documenti\Web\mioweb5\francia_spagna_2004_2005.htm --> ftp.muscas.it / francia_spagna_2004_2005.htm
105.03.15 22:01 B C:\Documents and Settings\-\Documenti\Web\mioweb5\index.htm --> ftp.muscas.it / index.htm
105.03.15 22:01 B C:\Documents and Settings\-\Documenti\Web\mioweb5\nuova_pagina_1.htm --> ftp.muscas.it / nuova_pagina_1.htm
105.03.15 22:01 B C:\Documents and Settings\-\Documenti\Web\mioweb5\nuova_pagina_3.htm --> ftp.muscas.it / nuova_pagina_3.htm
105.03.15 22:01 B C:\Documents and Settings\-\Documenti\Web\mioweb5\viaggi.htm --> ftp.muscas.it / viaggi.htm
105.03.15 22:01 B C:\Documents and Settings\-\Documenti\Web\mioweb5\WS_FTP.LOG --> ftp.muscas.it / WS_FTP.LOG
105.03.15 22:44 B C:\Documents and Settings\-\Documenti\Web\mioweb5\francia_spagna_2004_2005.htm --> ftp.muscas.it / francia_spagna_2004_2005.htm
105.03.15 22:44 B C:\Documents and Settings\-\Documenti\Web\mioweb5\index.htm --> ftp.muscas.it / index.htm
105.03.15 22:44 B C:\Documents and Settings\-\Documenti\Web\mioweb5\nuova_pagina_1.htm --> ftp.muscas.it / nuova_pagina_1.htm
105.03.15 22:44 B C:\Documents and Settings\-\Documenti\Web\mioweb5\nuova_pagina_3.htm --> ftp.muscas.it / nuova_pagina_3.htm
105.03.15 22:44 B C:\Documents and Settings\-\Documenti\Web\mioweb5\viaggi.htm --> ftp.muscas.it / viaggi.htm
105.03.15 22:44 B C:\Documents and Settings\-\Documenti\Web\mioweb5\WS_FTP.LOG --> ftp.muscas.it / WS_FTP.LOG
107.09.05 18:47 B C:\Documents and Settings\-\Documenti\Web\mioweb5\francia_spagna_2004_2005.htm --> ftp.interfree.it / francia_spagna_2004_2005.htm
107.09.05 18:47 B C:\Documents and Settings\-\Documenti\Web\mioweb5\index.htm --> ftp.interfree.it / index.htm
107.09.05 18:47 B C:\Documents and Settings\-\Documenti\Web\mioweb5\nuova_pagina_1.htm --> ftp.interfree.it / nuova_pagina_1.htm
107.09.05 18:47 B C:\Documents and Settings\-\Documenti\Web\mioweb5\nuova_pagina_3.htm --> ftp.interfree.it / nuova_pagina_3.htm
107.09.05 18:47 B C:\Documents and Settings\-\Documenti\Web\mioweb5\sardegna.htm --> ftp.interfree.it / sardegna.htm
107.09.05 18:47 B C:\Documents and Settings\-\Documenti\Web\mioweb5\viaggi.htm --> ftp.interfree.it / viaggi.htm
107.09.05 18:47 B C:\Documents and Settings\-\Documenti\Web\mioweb5\WS_FTP.LOG --> ftp.interfree.it / WS_FTP.LOG
107.09.12 02:10 B C:\Documents and Settings\-\Documenti\Web\mioweb5\francia_spagna_2004_2005.htm --> ftp.interfree.it / francia_spagna_2004_2005.htm
107.09.12 02:10 B C:\Documents and Settings\-\Documenti\Web\mioweb5\index.htm --> ftp.interfree.it / index.htm
107.09.12 02:10 B C:\Documents and Settings\-\Documenti\Web\mioweb5\nuova_pagina_1.htm --> ftp.interfree.it / nuova_pagina_1.htm
107.09.12 02:10 B C:\Documents and Settings\-\Documenti\Web\mioweb5\nuova_pagina_3.htm --> ftp.interfree.it / nuova_pagina_3.htm
107.09.12 02:10 B C:\Documents and Settings\-\Documenti\Web\mioweb5\sardegna.htm --> ftp.interfree.it / sardegna.htm
107.09.12 02:10 B C:\Documents and Settings\-\Documenti\Web\mioweb5\viaggi.htm --> ftp.interfree.it / viaggi.htm
107.09.12 02:10 B C:\Documents and Settings\-\Documenti\Web\mioweb5\WS_FTP.LOG --> ftp.interfree.it / WS_FTP.LOG
107.09.16 19:59 B C:\Documents and Settings\-\Documenti\Web\mioweb5\altre_foto.htm --> ftp.interfree.it / altre_foto.htm
107.09.16 19:59 B C:\Documents and Settings\-\Documenti\Web\mioweb5\altri_tempi.htm --> ftp.interfree.it / altri_tempi.htm
107.09.16 19:59 B C:\Documents and Settings\-\Documenti\Web\mioweb5\francia_spagna_2004_2005.htm --> ftp.interfree.it / francia_spagna_2004_2005.htm
107.09.16 19:59 B C:\Documents and Settings\-\Documenti\Web\mioweb5\index.htm --> ftp.interfree.it / index.htm
107.09.16 19:59 B C:\Documents and Settings\-\Documenti\Web\mioweb5\nuova_pagina_1.htm --> ftp.interfree.it / nuova_pagina_1.htm
107.09.16 19:59 B C:\Documents and Settings\-\Documenti\Web\mioweb5\nuova_pagina_3.htm --> ftp.interfree.it / nuova_pagina_3.htm
107.09.16 19:59 B C:\Documents and Settings\-\Documenti\Web\mioweb5\sardegna.htm --> ftp.interfree.it / sardegna.htm
107.09.16 19:59 B C:\Documents and Settings\-\Documenti\Web\mioweb5\viaggi.htm --> ftp.interfree.it / viaggi.htm
107.09.16 19:59 B C:\Documents and Settings\-\Documenti\Web\mioweb5\WS_FTP.LOG --> ftp.interfree.it / WS_FTP.LOG
108.02.03 16:18 B C:\Documents and Settings\-\Documenti\Web\mioweb5\altre_foto.htm --> ftp.interfree.it / altre_foto.htm
108.02.03 16:18 B C:\Documents and Settings\-\Documenti\Web\mioweb5\altri_tempi.htm --> ftp.interfree.it / altri_tempi.htm
108.02.03 16:18 B C:\Documents and Settings\-\Documenti\Web\mioweb5\francia_spagna_2004_2005.htm --> ftp.interfree.it / francia_spagna_2004_2005.htm
108.02.03 16:18 B C:\Documents and Settings\-\Documenti\Web\mioweb5\index.htm --> ftp.interfree.it / index.htm
108.02.03 16:18 B C:\Documents and Settings\-\Documenti\Web\mioweb5\nuova_pagina_1.htm --> ftp.interfree.it / nuova_pagina_1.htm
108.02.03 16:18 B C:\Documents and Settings\-\Documenti\Web\mioweb5\nuova_pagina_3.htm --> ftp.interfree.it / nuova_pagina_3.htm
108.02.03 16:18 B C:\Documents and Settings\-\Documenti\Web\mioweb5\sardegna.htm --> ftp.interfree.it / sardegna.htm
108.02.03 16:18 B C:\Documents and Settings\-\Documenti\Web\mioweb5\viaggi.htm --> ftp.interfree.it / viaggi.htm
108.02.03 16:18 B C:\Documents and Settings\-\Documenti\Web\mioweb5\WS_FTP.LOG --> ftp.interfree.it / WS_FTP.LOG
108.02.03 19:55 B C:\Documents and Settings\-\Documenti\Web\mioweb5\altre_foto.htm --> ftp.interfree.it / altre_foto.htm
108.02.03 19:55 B C:\Documents and Settings\-\Documenti\Web\mioweb5\altri_tempi.htm --> ftp.interfree.it / altri_tempi.htm
108.02.03 19:55 B C:\Documents and Settings\-\Documenti\Web\mioweb5\francia_spagna_2004_2005.htm --> ftp.interfree.it / francia_spagna_2004_2005.htm
108.02.03 19:55 B C:\Documents and Settings\-\Documenti\Web\mioweb5\index.htm --> ftp.interfree.it / index.htm
108.02.03 19:55 B C:\Documents and Settings\-\Documenti\Web\mioweb5\nuova_pagina_1.htm --> ftp.interfree.it / nuova_pagina_1.htm
108.02.03 19:55 B C:\Documents and Settings\-\Documenti\Web\mioweb5\nuova_pagina_3.htm --> ftp.interfree.it / nuova_pagina_3.htm
108.02.03 19:55 B C:\Documents and Settings\-\Documenti\Web\mioweb5\sardegna.htm --> ftp.interfree.it / sardegna.htm
108.02.03 19:55 B C:\Documents and Settings\-\Documenti\Web\mioweb5\viaggi.htm --> ftp.interfree.it / viaggi.htm
108.02.03 19:55 B C:\Documents and Settings\-\Documenti\Web\mioweb5\WS_FTP.LOG --> ftp.interfree.it / WS_FTP.LOG
108.02.04 13:07 B C:\Documents and Settings\-\Documenti\Web\mioweb5\altre_foto.htm --> ftp.interfree.it / altre_foto.htm
108.02.04 13:07 B C:\Documents and Settings\-\Documenti\Web\mioweb5\altri_tempi.htm --> ftp.interfree.it / altri_tempi.htm
108.02.04 13:07 B C:\Documents and Settings\-\Documenti\Web\mioweb5\francia_spagna_2004_2005.htm --> ftp.interfree.it / francia_spagna_2004_2005.htm
108.02.04 13:07 B C:\Documents and Settings\-\Documenti\Web\mioweb5\index.htm --> ftp.interfree.it / index.htm
108.02.04 13:07 B C:\Documents and Settings\-\Documenti\Web\mioweb5\nuova_pagina_1.htm --> ftp.interfree.it / nuova_pagina_1.htm
108.02.04 13:07 B C:\Documents and Settings\-\Documenti\Web\mioweb5\nuova_pagina_3.htm --> ftp.interfree.it / nuova_pagina_3.htm
108.02.04 13:07 B C:\Documents and Settings\-\Documenti\Web\mioweb5\sardegna.htm --> ftp.interfree.it / sardegna.htm
108.02.04 13:07 B C:\Documents and Settings\-\Documenti\Web\mioweb5\viaggi.htm --> ftp.interfree.it / viaggi.htm
108.02.04 13:07 B C:\Documents and Settings\-\Documenti\Web\mioweb5\WS_FTP.LOG --> ftp.interfree.it / WS_FTP.LOG
108.02.04 14:00 B C:\Documents and Settings\-\Documenti\Web\mioweb5\altre_foto.htm --> ftp.interfree.it / altre_foto.htm
108.02.04 14:00 B C:\Documents and Settings\-\Documenti\Web\mioweb5\altri_tempi.htm --> ftp.interfree.it / altri_tempi.htm
108.02.04 14:00 B C:\Documents and Settings\-\Documenti\Web\mioweb5\francia_spagna_2004_2005.htm --> ftp.interfree.it / francia_spagna_2004_2005.htm
108.02.04 14:00 B C:\Documents and Settings\-\Documenti\Web\mioweb5\index.htm --> ftp.interfree.it / index.htm
108.02.04 14:00 B C:\Documents and Settings\-\Documenti\Web\mioweb5\nuova_pagina_1.htm --> ftp.interfree.it / nuova_pagina_1.htm
108.02.04 14:00 B C:\Documents and Settings\-\Documenti\Web\mioweb5\nuova_pagina_3.htm --> ftp.interfree.it / nuova_pagina_3.htm
108.02.04 14:00 B C:\Documents and Settings\-\Documenti\Web\mioweb5\sardegna.htm --> ftp.interfree.it / sardegna.htm
108.02.04 14:00 B C:\Documents and Settings\-\Documenti\Web\mioweb5\viaggi.htm --> ftp.interfree.it / viaggi.htm
108.02.04 14:00 B C:\Documents and Settings\-\Documenti\Web\mioweb5\WS_FTP.LOG --> ftp.interfree.it / WS_FTP.LOG
108.02.04 15:47 B C:\Documents and Settings\-\Documenti\Web\mioweb5\altre_foto.htm --> ftp.interfree.it / altre_foto.htm
108.02.04 15:47 B C:\Documents and Settings\-\Documenti\Web\mioweb5\altri_tempi.htm --> ftp.interfree.it / altri_tempi.htm
108.02.04 15:47 B C:\Documents and Settings\-\Documenti\Web\mioweb5\francia_spagna_2004_2005.htm --> ftp.interfree.it / francia_spagna_2004_2005.htm
108.02.04 15:47 B C:\Documents and Settings\-\Documenti\Web\mioweb5\index.htm --> ftp.interfree.it / index.htm
108.02.04 15:47 B C:\Documents and Settings\-\Documenti\Web\mioweb5\nuova_pagina_1.htm --> ftp.interfree.it / nuova_pagina_1.htm
108.02.04 15:47 B C:\Documents and Settings\-\Documenti\Web\mioweb5\nuova_pagina_3.htm --> ftp.interfree.it / nuova_pagina_3.htm
108.02.04 15:47 B C:\Documents and Settings\-\Documenti\Web\mioweb5\sardegna.htm --> ftp.interfree.it / sardegna.htm
108.02.04 15:47 B C:\Documents and Settings\-\Documenti\Web\mioweb5\viaggi.htm --> ftp.interfree.it / viaggi.htm
108.02.04 15:47 B C:\Documents and Settings\-\Documenti\Web\mioweb5\WS_FTP.LOG --> ftp.interfree.it / WS_FTP.LOG
108.02.04 16:27 B C:\Documents and Settings\-\Documenti\Web\mioweb5\altre_foto.htm --> ftp.interfree.it / altre_foto.htm
108.02.04 16:28 B C:\Documents and Settings\-\Documenti\Web\mioweb5\altri_tempi.htm --> ftp.interfree.it / altri_tempi.htm
108.02.04 16:28 B C:\Documents and Settings\-\Documenti\Web\mioweb5\francia_spagna_2004_2005.htm --> ftp.interfree.it / francia_spagna_2004_2005.htm
108.02.04 16:28 B C:\Documents and Settings\-\Documenti\Web\mioweb5\index.htm --> ftp.interfree.it / index.htm
108.02.04 16:28 B C:\Documents and Settings\-\Documenti\Web\mioweb5\nuova_pagina_1.htm --> ftp.interfree.it / nuova_pagina_1.htm
108.02.04 16:28 B C:\Documents and Settings\-\Documenti\Web\mioweb5\nuova_pagina_3.htm --> ftp.interfree.it / nuova_pagina_3.htm
108.02.04 16:28 B C:\Documents and Settings\-\Documenti\Web\mioweb5\sardegna.htm --> ftp.interfree.it / sardegna.htm
108.02.04 16:28 B C:\Documents and Settings\-\Documenti\Web\mioweb5\viaggi.htm --> ftp.interfree.it / viaggi.htm
108.02.04 16:28 B C:\Documents and Settings\-\Documenti\Web\mioweb5\WS_FTP.LOG --> ftp.interfree.it / WS_FTP.LOG
108.02.04 23:25 B C:\Documents and Settings\-\Documenti\Web\mioweb5\altre_foto.htm --> ftp.interfree.it / altre_foto.htm
108.02.04 23:25 B C:\Documents and Settings\-\Documenti\Web\mioweb5\altri_tempi.htm --> ftp.interfree.it / altri_tempi.htm
108.02.04 23:25 B C:\Documents and Settings\-\Documenti\Web\mioweb5\francia_spagna_2004_2005.htm --> ftp.interfree.it / francia_spagna_2004_2005.htm
108.02.04 23:25 B C:\Documents and Settings\-\Documenti\Web\mioweb5\index.htm --> ftp.interfree.it / index.htm
108.02.04 23:25 B C:\Documents and Settings\-\Documenti\Web\mioweb5\nuova_pagina_1.htm --> ftp.interfree.it / nuova_pagina_1.htm
108.02.04 23:25 B C:\Documents and Settings\-\Documenti\Web\mioweb5\nuova_pagina_3.htm --> ftp.interfree.it / nuova_pagina_3.htm
108.02.04 23:25 B C:\Documents and Settings\-\Documenti\Web\mioweb5\sardegna.htm --> ftp.interfree.it / sardegna.htm
108.02.04 23:25 B C:\Documents and Settings\-\Documenti\Web\mioweb5\viaggi.htm --> ftp.interfree.it / viaggi.htm
108.02.04 23:25 B C:\Documents and Settings\-\Documenti\Web\mioweb5\WS_FTP.LOG --> ftp.interfree.it / WS_FTP.LOG
108.02.07 16:03 B C:\Documents and Settings\-\Documenti\Web\mioweb5\altre_foto.htm --> ftp.interfree.it / altre_foto.htm
108.02.07 16:03 B C:\Documents and Settings\-\Documenti\Web\mioweb5\altri_tempi.htm --> ftp.interfree.it / altri_tempi.htm
108.02.07 16:04 B C:\Documents and Settings\-\Documenti\Web\mioweb5\francia_spagna_2004_2005.htm --> ftp.interfree.it / francia_spagna_2004_2005.htm
108.02.07 16:04 B C:\Documents and Settings\-\Documenti\Web\mioweb5\index.htm --> ftp.interfree.it / index.htm
108.02.07 16:04 B C:\Documents and Settings\-\Documenti\Web\mioweb5\nuova_pagina_1.htm --> ftp.interfree.it / nuova_pagina_1.htm
108.02.07 16:04 B C:\Documents and Settings\-\Documenti\Web\mioweb5\nuova_pagina_3.htm --> ftp.interfree.it / nuova_pagina_3.htm
108.02.07 16:04 B C:\Documents and Settings\-\Documenti\Web\mioweb5\sardegna.htm --> ftp.interfree.it / sardegna.htm
108.02.07 16:04 B C:\Documents and Settings\-\Documenti\Web\mioweb5\viaggi.htm --> ftp.interfree.it / viaggi.htm
108.02.07 16:04 B C:\Documents and Settings\-\Documenti\Web\mioweb5\WS_FTP.LOG --> ftp.interfree.it / WS_FTP.LOG
108.02.19 13:02 B C:\Documents and Settings\-\Documenti\Web\mioweb5\2008.htm --> ftp.interfree.it / 2008.htm
108.02.19 13:02 B C:\Documents and Settings\-\Documenti\Web\mioweb5\altre_foto.htm --> ftp.interfree.it / altre_foto.htm
108.02.19 13:02 B C:\Documents and Settings\-\Documenti\Web\mioweb5\altri_tempi.htm --> ftp.interfree.it / altri_tempi.htm
108.02.19 13:02 B C:\Documents and Settings\-\Documenti\Web\mioweb5\francia_spagna_2004_2005.htm --> ftp.interfree.it / francia_spagna_2004_2005.htm
108.02.19 13:02 B C:\Documents and Settings\-\Documenti\Web\mioweb5\index.htm --> ftp.interfree.it / index.htm
108.02.19 13:02 B C:\Documents and Settings\-\Documenti\Web\mioweb5\nuova_pagina_1.htm --> ftp.interfree.it / nuova_pagina_1.htm
108.02.19 13:02 B C:\Documents and Settings\-\Documenti\Web\mioweb5\nuova_pagina_3.htm --> ftp.interfree.it / nuova_pagina_3.htm
108.02.19 13:02 B C:\Documents and Settings\-\Documenti\Web\mioweb5\sardegna.htm --> ftp.interfree.it / sardegna.htm
108.02.19 13:02 B C:\Documents and Settings\-\Documenti\Web\mioweb5\viaggi.htm --> ftp.interfree.it / viaggi.htm
108.02.19 13:02 B C:\Documents and Settings\-\Documenti\Web\mioweb5\WS_FTP.LOG --> ftp.interfree.it / WS_FTP.LOG
108.03.02 17:20 B C:\Documents and Settings\-\Documenti\Web\mioweb5\2008.htm --> ftp.interfree.it / 2008.htm
108.03.02 17:20 B C:\Documents and Settings\-\Documenti\Web\mioweb5\altre_foto.htm --> ftp.interfree.it / altre_foto.htm
108.03.02 17:20 B C:\Documents and Settings\-\Documenti\Web\mioweb5\altri_tempi.htm --> ftp.interfree.it / altri_tempi.htm
108.03.02 17:20 B C:\Documents and Settings\-\Documenti\Web\mioweb5\francia_spagna_2004_2005.htm --> ftp.interfree.it / francia_spagna_2004_2005.htm
108.03.02 17:20 B C:\Documents and Settings\-\Documenti\Web\mioweb5\index.htm --> ftp.interfree.it / index.htm
108.03.02 17:20 B C:\Documents and Settings\-\Documenti\Web\mioweb5\nuova_pagina_1.htm --> ftp.interfree.it / nuova_pagina_1.htm
108.03.02 17:20 B C:\Documents and Settings\-\Documenti\Web\mioweb5\nuova_pagina_3.htm --> ftp.interfree.it / nuova_pagina_3.htm
108.03.02 17:20 B C:\Documents and Settings\-\Documenti\Web\mioweb5\sardegna.htm --> ftp.interfree.it / sardegna.htm
108.03.02 17:20 B C:\Documents and Settings\-\Documenti\Web\mioweb5\viaggi.htm --> ftp.interfree.it / viaggi.htm
108.03.02 17:20 B C:\Documents and Settings\-\Documenti\Web\mioweb5\WS_FTP.LOG --> ftp.interfree.it / WS_FTP.LOG
108.04.19 17:56 B C:\Documents and Settings\-\Documenti\Web\mioweb5\2008.htm --> ftp.interfree.it / 2008.htm
108.04.19 17:56 B C:\Documents and Settings\-\Documenti\Web\mioweb5\altre_foto.htm --> ftp.interfree.it / altre_foto.htm
108.04.19 17:56 B C:\Documents and Settings\-\Documenti\Web\mioweb5\altri_tempi.htm --> ftp.interfree.it / altri_tempi.htm
108.04.19 17:56 B C:\Documents and Settings\-\Documenti\Web\mioweb5\francia_spagna_2004_2005.htm --> ftp.interfree.it / francia_spagna_2004_2005.htm
108.04.19 17:56 B C:\Documents and Settings\-\Documenti\Web\mioweb5\index.htm --> ftp.interfree.it / index.htm
108.04.19 17:56 B C:\Documents and Settings\-\Documenti\Web\mioweb5\nuova_pagina_1.htm --> ftp.interfree.it / nuova_pagina_1.htm
108.04.19 17:56 B C:\Documents and Settings\-\Documenti\Web\mioweb5\nuova_pagina_3.htm --> ftp.interfree.it / nuova_pagina_3.htm
108.04.19 17:56 B C:\Documents and Settings\-\Documenti\Web\mioweb5\sardegna.htm --> ftp.interfree.it / sardegna.htm
108.04.19 17:56 B C:\Documents and Settings\-\Documenti\Web\mioweb5\viaggi.htm --> ftp.interfree.it / viaggi.htm
108.04.19 17:56 B C:\Documents and Settings\-\Documenti\Web\mioweb5\WS_FTP.LOG --> ftp.interfree.it / WS_FTP.LOG
108.04.19 18:48 B C:\Documents and Settings\-\Documenti\Web\mioweb5\2008.htm --> ftp.interfree.it / 2008.htm
108.04.19 18:48 B C:\Documents and Settings\-\Documenti\Web\mioweb5\altre_foto.htm --> ftp.interfree.it / altre_foto.htm
108.04.19 18:49 B C:\Documents and Settings\-\Documenti\Web\mioweb5\altri_tempi.htm --> ftp.interfree.it / altri_tempi.htm
108.04.19 18:49 B C:\Documents and Settings\-\Documenti\Web\mioweb5\francia_spagna_2004_2005.htm --> ftp.interfree.it / francia_spagna_2004_2005.htm
108.04.19 18:49 B C:\Documents and Settings\-\Documenti\Web\mioweb5\index.htm --> ftp.interfree.it / index.htm
108.04.19 18:49 B C:\Documents and Settings\-\Documenti\Web\mioweb5\nuova_pagina_1.htm --> ftp.interfree.it / nuova_pagina_1.htm
108.04.19 18:49 B C:\Documents and Settings\-\Documenti\Web\mioweb5\nuova_pagina_3.htm --> ftp.interfree.it / nuova_pagina_3.htm
108.04.19 18:49 B C:\Documents and Settings\-\Documenti\Web\mioweb5\sardegna.htm --> ftp.interfree.it / sardegna.htm
108.04.19 18:49 B C:\Documents and Settings\-\Documenti\Web\mioweb5\viaggi.htm --> ftp.interfree.it / viaggi.htm
108.04.19 18:49 B C:\Documents and Settings\-\Documenti\Web\mioweb5\WS_FTP.LOG --> ftp.interfree.it / WS_FTP.LOG
108.05.23 20:36 B C:\Documents and Settings\-\Documenti\Web\mioweb5\2008.htm --> ftp.interfree.it / 2008.htm
108.05.23 20:36 B C:\Documents and Settings\-\Documenti\Web\mioweb5\altre_foto.htm --> ftp.interfree.it / altre_foto.htm
108.05.23 20:36 B C:\Documents and Settings\-\Documenti\Web\mioweb5\altri_tempi.htm --> ftp.interfree.it / altri_tempi.htm
108.05.23 20:36 B C:\Documents and Settings\-\Documenti\Web\mioweb5\francia_spagna_2004_2005.htm --> ftp.interfree.it / francia_spagna_2004_2005.htm
108.05.23 20:36 B C:\Documents and Settings\-\Documenti\Web\mioweb5\index.htm --> ftp.interfree.it / index.htm
108.05.23 20:36 B C:\Documents and Settings\-\Documenti\Web\mioweb5\nuova_pagina_1.htm --> ftp.interfree.it / nuova_pagina_1.htm
108.05.23 20:36 B C:\Documents and Settings\-\Documenti\Web\mioweb5\nuova_pagina_3.htm --> ftp.interfree.it / nuova_pagina_3.htm
108.05.23 20:36 B C:\Documents and Settings\-\Documenti\Web\mioweb5\sardegna.htm --> ftp.interfree.it / sardegna.htm
108.05.23 20:36 B C:\Documents and Settings\-\Documenti\Web\mioweb5\viaggi.htm --> ftp.interfree.it / viaggi.htm
108.05.23 20:36 B C:\Documents and Settings\-\Documenti\Web\mioweb5\WS_FTP.LOG --> ftp.interfree.it / WS_FTP.LOG
108.05.23 23:22 B C:\Documents and Settings\-\Documenti\Web\mioweb5\2008.htm --> ftp.interfree.it / 2008.htm
108.05.23 23:23 B C:\Documents and Settings\-\Documenti\Web\mioweb5\altre_foto.htm --> ftp.interfree.it / altre_foto.htm
108.05.23 23:23 B C:\Documents and Settings\-\Documenti\Web\mioweb5\altri_tempi.htm --> ftp.interfree.it / altri_tempi.htm
108.05.23 23:23 B C:\Documents and Settings\-\Documenti\Web\mioweb5\francia_spagna_2004_2005.htm --> ftp.interfree.it / francia_spagna_2004_2005.htm
108.05.23 23:23 B C:\Documents and Settings\-\Documenti\Web\mioweb5\index.htm --> ftp.interfree.it / index.htm
108.05.23 23:23 B C:\Documents and Settings\-\Documenti\Web\mioweb5\nuova_pagina_1.htm --> ftp.interfree.it / nuova_pagina_1.htm
108.05.23 23:23 B C:\Documents and Settings\-\Documenti\Web\mioweb5\nuova_pagina_3.htm --> ftp.interfree.it / nuova_pagina_3.htm
108.05.23 23:23 B C:\Documents and Settings\-\Documenti\Web\mioweb5\sardegna.htm --> ftp.interfree.it / sardegna.htm
108.05.23 23:23 B C:\Documents and Settings\-\Documenti\Web\mioweb5\viaggi.htm --> ftp.interfree.it / viaggi.htm
108.05.23 23:23 B C:\Documents and Settings\-\Documenti\Web\mioweb5\WS_FTP.LOG --> ftp.interfree.it / WS_FTP.LOG
108.06.14 13:48 B C:\Documents and Settings\Alessadra\Desktop\Casamuscas\mioweb5\2008.htm --> ftp.interfree.it / 2008.htm
108.06.14 13:48 B C:\Documents and Settings\Alessadra\Desktop\Casamuscas\mioweb5\altre_foto.htm --> ftp.interfree.it / altre_foto.htm
108.06.14 13:48 B C:\Documents and Settings\Alessadra\Desktop\Casamuscas\mioweb5\altri_tempi.htm --> ftp.interfree.it / altri_tempi.htm
108.06.14 13:48 B C:\Documents and Settings\Alessadra\Desktop\Casamuscas\mioweb5\cagliari.htm --> ftp.interfree.it / cagliari.htm
108.06.14 13:48 B C:\Documents and Settings\Alessadra\Desktop\Casamuscas\mioweb5\francia_spagna_2004_2005.htm --> ftp.interfree.it / francia_spagna_2004_2005.htm
108.06.14 13:48 B C:\Documents and Settings\Alessadra\Desktop\Casamuscas\mioweb5\index.htm --> ftp.interfree.it / index.htm
108.06.14 13:48 B C:\Documents and Settings\Alessadra\Desktop\Casamuscas\mioweb5\nuova_pagina_1.htm --> ftp.interfree.it / nuova_pagina_1.htm
108.06.14 13:48 B C:\Documents and Settings\Alessadra\Desktop\Casamuscas\mioweb5\nuova_pagina_3.htm --> ftp.interfree.it / nuova_pagina_3.htm
108.06.14 13:48 B C:\Documents and Settings\Alessadra\Desktop\Casamuscas\mioweb5\sardegna.htm --> ftp.interfree.it / sardegna.htm
108.06.14 13:48 B C:\Documents and Settings\Alessadra\Desktop\Casamuscas\mioweb5\viaggi.htm --> ftp.interfree.it / viaggi.htm
108.06.14 13:48 B C:\Documents and Settings\Alessadra\Desktop\Casamuscas\mioweb5\WS_FTP.LOG --> ftp.interfree.it / WS_FTP.LOG
108.08.08 12:09 B C:\Documents and Settings\Roberto\Documenti\mioweb5\2008.htm --> ftp.interfree.it / 2008.htm
108.08.08 12:09 B C:\Documents and Settings\Roberto\Documenti\mioweb5\altre_foto.htm --> ftp.interfree.it / altre_foto.htm
108.08.08 12:09 B C:\Documents and Settings\Roberto\Documenti\mioweb5\altri_tempi.htm --> ftp.interfree.it / altri_tempi.htm
108.08.08 12:09 B C:\Documents and Settings\Roberto\Documenti\mioweb5\cagliari.htm --> ftp.interfree.it / cagliari.htm
108.08.08 12:09 B C:\Documents and Settings\Roberto\Documenti\mioweb5\francia_spagna_2004_2005.htm --> ftp.interfree.it / francia_spagna_2004_2005.htm
108.08.08 12:09 B C:\Documents and Settings\Roberto\Documenti\mioweb5\index.htm --> ftp.interfree.it / index.htm
108.08.08 12:09 B C:\Documents and Settings\Roberto\Documenti\mioweb5\nuova_pagina_1.htm --> ftp.interfree.it / nuova_pagina_1.htm
108.08.08 12:09 B C:\Documents and Settings\Roberto\Documenti\mioweb5\nuova_pagina_3.htm --> ftp.interfree.it / nuova_pagina_3.htm
108.08.08 12:09 B C:\Documents and Settings\Roberto\Documenti\mioweb5\sardegna.htm --> ftp.interfree.it / sardegna.htm
108.08.08 12:09 B C:\Documents and Settings\Roberto\Documenti\mioweb5\viaggi.htm --> ftp.interfree.it / viaggi.htm
108.08.08 12:09 B C:\Documents and Settings\Roberto\Documenti\mioweb5\WS_FTP.LOG --> ftp.interfree.it / WS_FTP.LOG
108.08.09 16:01 B C:\Documents and Settings\Roberto\Documenti\mioweb5\altri_tempi.htm --> ftp.interfree.it / altri_tempi.htm
108.08.09 16:25 B C:\Documents and Settings\Roberto\Documenti\mioweb5\2008.htm --> ftp.interfree.it / 2008.htm
108.08.09 16:25 B C:\Documents and Settings\Roberto\Documenti\mioweb5\altre_foto.htm --> ftp.interfree.it / altre_foto.htm
108.08.09 16:25 B C:\Documents and Settings\Roberto\Documenti\mioweb5\altri_tempi.htm --> ftp.interfree.it / altri_tempi.htm
108.08.09 16:25 B C:\Documents and Settings\Roberto\Documenti\mioweb5\cagliari.htm --> ftp.interfree.it / cagliari.htm
108.08.09 16:25 B C:\Documents and Settings\Roberto\Documenti\mioweb5\francia_spagna_2004_2005.htm --> ftp.interfree.it / francia_spagna_2004_2005.htm
108.08.09 16:25 B C:\Documents and Settings\Roberto\Documenti\mioweb5\index.htm --> ftp.interfree.it / index.htm
108.08.09 16:25 B C:\Documents and Settings\Roberto\Documenti\mioweb5\nuova_pagina_1.htm --> ftp.interfree.it / nuova_pagina_1.htm
108.08.09 16:25 B C:\Documents and Settings\Roberto\Documenti\mioweb5\nuova_pagina_3.htm --> ftp.interfree.it / nuova_pagina_3.htm
108.08.09 16:25 B C:\Documents and Settings\Roberto\Documenti\mioweb5\sardegna.htm --> ftp.interfree.it / sardegna.htm
108.08.09 16:25 B C:\Documents and Settings\Roberto\Documenti\mioweb5\viaggi.htm --> ftp.interfree.it / viaggi.htm
108.08.09 16:25 B C:\Documents and Settings\Roberto\Documenti\mioweb5\WS_FTP.LOG --> ftp.interfree.it / WS_FTP.LOG
108.08.10 13:51 B C:\Documents and Settings\Roberto\Documenti\mioweb5\2008.htm --> ftp.interfree.it / 2008.htm
108.08.10 13:51 B C:\Documents and Settings\Roberto\Documenti\mioweb5\altre_foto.htm --> ftp.interfree.it / altre_foto.htm
108.08.10 13:51 B C:\Documents and Settings\Roberto\Documenti\mioweb5\altri_tempi.htm --> ftp.interfree.it / altri_tempi.htm
108.08.10 13:51 B C:\Documents and Settings\Roberto\Documenti\mioweb5\cagliari.htm --> ftp.interfree.it / cagliari.htm
108.08.10 13:51 B C:\Documents and Settings\Roberto\Documenti\mioweb5\francia_spagna_2004_2005.htm --> ftp.interfree.it / francia_spagna_2004_2005.htm
108.08.10 13:51 B C:\Documents and Settings\Roberto\Documenti\mioweb5\index.htm --> ftp.interfree.it / index.htm
108.08.10 13:51 B C:\Documents and Settings\Roberto\Documenti\mioweb5\nuova_pagina_1.htm --> ftp.interfree.it / nuova_pagina_1.htm
108.08.10 13:51 B C:\Documents and Settings\Roberto\Documenti\mioweb5\nuova_pagina_3.htm --> ftp.interfree.it / nuova_pagina_3.htm
108.08.10 13:51 B C:\Documents and Settings\Roberto\Documenti\mioweb5\sardegna.htm --> ftp.interfree.it / sardegna.htm
108.08.10 13:51 B C:\Documents and Settings\Roberto\Documenti\mioweb5\viaggi.htm --> ftp.interfree.it / viaggi.htm
108.08.10 13:51 B C:\Documents and Settings\Roberto\Documenti\mioweb5\WS_FTP.LOG --> ftp.interfree.it / WS_FTP.LOG
108.08.10 16:58 B C:\Documents and Settings\Roberto\Documenti\mioweb5\2008.htm --> ftp.interfree.it / 2008.htm
108.08.10 16:58 B C:\Documents and Settings\Roberto\Documenti\mioweb5\altre_foto.htm --> ftp.interfree.it / altre_foto.htm
108.08.10 16:58 B C:\Documents and Settings\Roberto\Documenti\mioweb5\altri_tempi.htm --> ftp.interfree.it / altri_tempi.htm
108.08.10 16:58 B C:\Documents and Settings\Roberto\Documenti\mioweb5\cagliari.htm --> ftp.interfree.it / cagliari.htm
108.08.10 16:59 B C:\Documents and Settings\Roberto\Documenti\mioweb5\Come_passa_il_tempo.mp3 --> ftp.interfree.it / Come_passa_il_tempo.mp3
108.08.10 16:59 B C:\Documents and Settings\Roberto\Documenti\mioweb5\francia_spagna_2004_2005.htm --> ftp.interfree.it / francia_spagna_2004_2005.htm
108.08.10 16:59 B C:\Documents and Settings\Roberto\Documenti\mioweb5\index.htm --> ftp.interfree.it / index.htm
108.08.10 16:59 B C:\Documents and Settings\Roberto\Documenti\mioweb5\nuova_pagina_1.htm --> ftp.interfree.it / nuova_pagina_1.htm
108.08.10 16:59 B C:\Documents and Settings\Roberto\Documenti\mioweb5\nuova_pagina_3.htm --> ftp.interfree.it / nuova_pagina_3.htm
108.08.10 16:59 B C:\Documents and Settings\Roberto\Documenti\mioweb5\sardegna.htm --> ftp.interfree.it / sardegna.htm
108.08.10 16:59 B C:\Documents and Settings\Roberto\Documenti\mioweb5\viaggi.htm --> ftp.interfree.it / viaggi.htm
108.08.10 16:59 B C:\Documents and Settings\Roberto\Documenti\mioweb5\WS_FTP.LOG --> ftp.interfree.it / WS_FTP.LOG
108.08.10 19:00 B C:\Documents and Settings\Roberto\Documenti\mioweb5\2008.htm --> ftp.interfree.it / 2008.htm
108.08.10 19:00 B C:\Documents and Settings\Roberto\Documenti\mioweb5\altre_foto.htm --> ftp.interfree.it / altre_foto.htm
108.08.10 19:00 B C:\Documents and Settings\Roberto\Documenti\mioweb5\altri_tempi.htm --> ftp.interfree.it / altri_tempi.htm
108.08.10 19:01 B C:\Documents and Settings\Roberto\Documenti\mioweb5\Beach_On_The_Beach.mp3 --> ftp.interfree.it / Beach_On_The_Beach.mp3
108.08.10 19:01 B C:\Documents and Settings\Roberto\Documenti\mioweb5\cagliari.htm --> ftp.interfree.it / cagliari.htm
108.08.10 19:02 B C:\Documents and Settings\Roberto\Documenti\mioweb5\Come_passa_il_tempo.mp3 --> ftp.interfree.it / Come_passa_il_tempo.mp3
108.08.10 19:02 B C:\Documents and Settings\Roberto\Documenti\mioweb5\francia_spagna_2004_2005.htm --> ftp.interfree.it / francia_spagna_2004_2005.htm
108.08.10 19:03 B C:\Documents and Settings\Roberto\Documenti\mioweb5\Il_clan_dei_siciliani.mp3 --> ftp.interfree.it / Il_clan_dei_siciliani.mp3
108.08.10 19:03 B C:\Documents and Settings\Roberto\Documenti\mioweb5\index.htm --> ftp.interfree.it / index.htm
108.08.10 19:03 B C:\Documents and Settings\Roberto\Documenti\mioweb5\la_vita_e_bella.mp3 --> ftp.interfree.it / la_vita_e_bella.mp3
108.08.10 19:03 B C:\Documents and Settings\Roberto\Documenti\mioweb5\nuova_pagina_1.htm --> ftp.interfree.it / nuova_pagina_1.htm
108.08.10 19:03 B C:\Documents and Settings\Roberto\Documenti\mioweb5\nuova_pagina_3.htm --> ftp.interfree.it / nuova_pagina_3.htm
108.08.10 19:04 B C:\Documents and Settings\Roberto\Documenti\mioweb5\pinocchio.mp3 --> ftp.interfree.it / pinocchio.mp3
108.08.10 19:04 B C:\Documents and Settings\Roberto\Documenti\mioweb5\sardegna.htm --> ftp.interfree.it / sardegna.htm
108.08.10 19:04 B C:\Documents and Settings\Roberto\Documenti\mioweb5\viaggi.htm --> ftp.interfree.it / viaggi.htm
108.08.10 19:04 B C:\Documents and Settings\Roberto\Documenti\mioweb5\WS_FTP.LOG --> ftp.interfree.it / WS_FTP.LOG
108.08.16 23:58 B C:\Documents and Settings\Roberto\Documenti\mioweb5\2008.htm --> ftp.interfree.it / 2008.htm
108.08.16 23:58 B C:\Documents and Settings\Roberto\Documenti\mioweb5\altre_foto.htm --> ftp.interfree.it / altre_foto.htm
108.08.16 23:58 B C:\Documents and Settings\Roberto\Documenti\mioweb5\altri_tempi.htm --> ftp.interfree.it / altri_tempi.htm
108.08.16 23:58 B C:\Documents and Settings\Roberto\Documenti\mioweb5\Beach_On_The_Beach.mp3 --> ftp.interfree.it / Beach_On_The_Beach.mp3
108.08.16 23:58 B C:\Documents and Settings\Roberto\Documenti\mioweb5\cagliari.htm --> ftp.interfree.it / cagliari.htm
108.08.16 23:59 B C:\Documents and Settings\Roberto\Documenti\mioweb5\Come_passa_il_tempo.mp3 --> ftp.interfree.it / Come_passa_il_tempo.mp3
108.08.16 23:59 B C:\Documents and Settings\Roberto\Documenti\mioweb5\francia_spagna_2004_2005.htm --> ftp.interfree.it / francia_spagna_2004_2005.htm
108.08.17 00:00 B C:\Documents and Settings\Roberto\Documenti\mioweb5\Il_clan_dei_siciliani.mp3 --> ftp.interfree.it / Il_clan_dei_siciliani.mp3
108.08.17 00:00 B C:\Documents and Settings\Roberto\Documenti\mioweb5\index.htm --> ftp.interfree.it / index.htm
108.08.17 00:01 B C:\Documents and Settings\Roberto\Documenti\mioweb5\la_vita_e_bella.mp3 --> ftp.interfree.it / la_vita_e_bella.mp3
108.08.17 00:01 B C:\Documents and Settings\Roberto\Documenti\mioweb5\nuova_pagina_1.htm --> ftp.interfree.it / nuova_pagina_1.htm
108.08.17 00:01 B C:\Documents and Settings\Roberto\Documenti\mioweb5\nuova_pagina_3.htm --> ftp.interfree.it / nuova_pagina_3.htm
108.08.17 00:02 B C:\Documents and Settings\Roberto\Documenti\mioweb5\pinocchio.mp3 --> ftp.interfree.it / pinocchio.mp3
108.08.17 00:02 B C:\Documents and Settings\Roberto\Documenti\mioweb5\sardegna.htm --> ftp.interfree.it / sardegna.htm
108.08.17 00:02 B C:\Documents and Settings\Roberto\Documenti\mioweb5\viaggi.htm --> ftp.interfree.it / viaggi.htm
108.08.17 00:02 B C:\Documents and Settings\Roberto\Documenti\mioweb5\WS_FTP.LOG --> ftp.interfree.it / WS_FTP.LOG
108.08.19 13:16 B C:\Documents and Settings\Roberto\Documenti\mioweb5\2008.htm --> ftp.interfree.it / 2008.htm
108.08.19 13:16 B C:\Documents and Settings\Roberto\Documenti\mioweb5\altre_foto.htm --> ftp.interfree.it / altre_foto.htm
108.08.19 13:16 B C:\Documents and Settings\Roberto\Documenti\mioweb5\altri_tempi.htm --> ftp.interfree.it / altri_tempi.htm
108.08.19 13:17 B C:\Documents and Settings\Roberto\Documenti\mioweb5\Beach_On_The_Beach.mp3 --> ftp.interfree.it / Beach_On_The_Beach.mp3
108.08.19 13:17 B C:\Documents and Settings\Roberto\Documenti\mioweb5\cagliari.htm --> ftp.interfree.it / cagliari.htm
108.08.19 13:18 B C:\Documents and Settings\Roberto\Documenti\mioweb5\Come_passa_il_tempo.mp3 --> ftp.interfree.it / Come_passa_il_tempo.mp3
108.08.19 13:18 B C:\Documents and Settings\Roberto\Documenti\mioweb5\francia_spagna_2004_2005.htm --> ftp.interfree.it / francia_spagna_2004_2005.htm
108.08.19 13:19 B C:\Documents and Settings\Roberto\Documenti\mioweb5\Il_clan_dei_siciliani.mp3 --> ftp.interfree.it / Il_clan_dei_siciliani.mp3
108.08.19 13:19 B C:\Documents and Settings\Roberto\Documenti\mioweb5\index.htm --> ftp.interfree.it / index.htm
108.08.19 13:20 B C:\Documents and Settings\Roberto\Documenti\mioweb5\la_vita_e_bella.mp3 --> ftp.interfree.it / la_vita_e_bella.mp3
108.08.19 13:20 B C:\Documents and Settings\Roberto\Documenti\mioweb5\nuova_pagina_1.htm --> ftp.interfree.it / nuova_pagina_1.htm
108.08.19 13:20 B C:\Documents and Settings\Roberto\Documenti\mioweb5\nuova_pagina_3.htm --> ftp.interfree.it / nuova_pagina_3.htm
108.08.19 13:20 B C:\Documents and Settings\Roberto\Documenti\mioweb5\pinocchio.mp3 --> ftp.interfree.it / pinocchio.mp3
108.08.19 13:20 B C:\Documents and Settings\Roberto\Documenti\mioweb5\sardegna.htm --> ftp.interfree.it / sardegna.htm
108.08.19 13:20 B C:\Documents and Settings\Roberto\Documenti\mioweb5\viaggi.htm --> ftp.interfree.it / viaggi.htm
108.08.19 13:20 B C:\Documents and Settings\Roberto\Documenti\mioweb5\WS_FTP.LOG --> ftp.interfree.it / WS_FTP.LOG
108.08.19 16:34 B C:\Documents and Settings\Roberto\Documenti\mioweb5\2008.htm --> ftp.interfree.it / 2008.htm
108.08.19 16:35 B C:\Documents and Settings\Roberto\Documenti\mioweb5\altre_foto.htm --> ftp.interfree.it / altre_foto.htm
108.08.19 16:35 B C:\Documents and Settings\Roberto\Documenti\mioweb5\altri_tempi.htm --> ftp.interfree.it / altri_tempi.htm
108.08.19 16:35 B C:\Documents and Settings\Roberto\Documenti\mioweb5\Beach_On_The_Beach.mp3 --> ftp.interfree.it / Beach_On_The_Beach.mp3
108.08.19 16:35 B C:\Documents and Settings\Roberto\Documenti\mioweb5\cagliari.htm --> ftp.interfree.it / cagliari.htm
108.08.19 16:36 B C:\Documents and Settings\Roberto\Documenti\mioweb5\Come_passa_il_tempo.mp3 --> ftp.interfree.it / Come_passa_il_tempo.mp3
108.08.19 16:36 B C:\Documents and Settings\Roberto\Documenti\mioweb5\francia_spagna_2004_2005.htm --> ftp.interfree.it / francia_spagna_2004_2005.htm
108.08.19 16:37 B C:\Documents and Settings\Roberto\Documenti\mioweb5\Il_clan_dei_siciliani.mp3 --> ftp.interfree.it / Il_clan_dei_siciliani.mp3
108.08.19 16:37 B C:\Documents and Settings\Roberto\Documenti\mioweb5\index.htm --> ftp.interfree.it / index.htm
108.08.19 16:38 B C:\Documents and Settings\Roberto\Documenti\mioweb5\la_vita_e_bella.mp3 --> ftp.interfree.it / la_vita_e_bella.mp3
108.08.19 16:38 B C:\Documents and Settings\Roberto\Documenti\mioweb5\nuova_pagina_1.htm --> ftp.interfree.it / nuova_pagina_1.htm
108.08.19 16:38 B C:\Documents and Settings\Roberto\Documenti\mioweb5\nuova_pagina_3.htm --> ftp.interfree.it / nuova_pagina_3.htm
108.08.19 16:39 B C:\Documents and Settings\Roberto\Documenti\mioweb5\pinocchio.mp3 --> ftp.interfree.it / pinocchio.mp3
108.08.19 16:39 B C:\Documents and Settings\Roberto\Documenti\mioweb5\sardegna.htm --> ftp.interfree.it / sardegna.htm
108.08.19 16:39 B C:\Documents and Settings\Roberto\Documenti\mioweb5\viaggi.htm --> ftp.interfree.it / viaggi.htm
108.08.19 16:39 B C:\Documents and Settings\Roberto\Documenti\mioweb5\WS_FTP.LOG --> ftp.interfree.it / WS_FTP.LOG
108.08.24 18:23 B C:\Documents and Settings\Roberto\Documenti\mioweb5\2008.htm --> ftp.interfree.it / 2008.htm
108.08.24 18:23 B C:\Documents and Settings\Roberto\Documenti\mioweb5\altre_foto.htm --> ftp.interfree.it / altre_foto.htm
108.08.24 18:23 B C:\Documents and Settings\Roberto\Documenti\mioweb5\altri_tempi.htm --> ftp.interfree.it / altri_tempi.htm
108.08.24 18:24 B C:\Documents and Settings\Roberto\Documenti\mioweb5\Beach_On_The_Beach.mp3 --> ftp.interfree.it / Beach_On_The_Beach.mp3
108.08.24 18:24 B C:\Documents and Settings\Roberto\Documenti\mioweb5\cagliari.htm --> ftp.interfree.it / cagliari.htm
108.08.24 18:25 B C:\Documents and Settings\Roberto\Documenti\mioweb5\Come_passa_il_tempo.mp3 --> ftp.interfree.it / Come_passa_il_tempo.mp3
108.08.24 18:25 B C:\Documents and Settings\Roberto\Documenti\mioweb5\francia_spagna_2004_2005.htm --> ftp.interfree.it / francia_spagna_2004_2005.htm
108.08.24 18:26 B C:\Documents and Settings\Roberto\Documenti\mioweb5\Il_clan_dei_siciliani.mp3 --> ftp.interfree.it / Il_clan_dei_siciliani.mp3
108.08.24 18:26 B C:\Documents and Settings\Roberto\Documenti\mioweb5\index.htm --> ftp.interfree.it / index.htm
108.08.24 18:27 B C:\Documents and Settings\Roberto\Documenti\mioweb5\la_vita_e_bella.mp3 --> ftp.interfree.it / la_vita_e_bella.mp3
108.08.24 18:27 B C:\Documents and Settings\Roberto\Documenti\mioweb5\nuova_pagina_1.htm --> ftp.interfree.it / nuova_pagina_1.htm
108.08.24 18:27 B C:\Documents and Settings\Roberto\Documenti\mioweb5\nuova_pagina_3.htm --> ftp.interfree.it / nuova_pagina_3.htm
108.08.24 18:27 B C:\Documents and Settings\Roberto\Documenti\mioweb5\pinocchio.mp3 --> ftp.interfree.it / pinocchio.mp3
108.08.24 18:27 B C:\Documents and Settings\Roberto\Documenti\mioweb5\sardegna.htm --> ftp.interfree.it / sardegna.htm
108.08.24 18:27 B C:\Documents and Settings\Roberto\Documenti\mioweb5\viaggi.htm --> ftp.interfree.it / viaggi.htm
108.08.24 18:27 B C:\Documents and Settings\Roberto\Documenti\mioweb5\WS_FTP.LOG --> ftp.interfree.it / WS_FTP.LOG
108.08.24 19:37 B C:\Documents and Settings\Roberto\Documenti\mioweb5\sardegna.htm --> ftp.interfree.it / sardegna.htm
108.09.01 18:06 B C:\Documents and Settings\Roberto\Documenti\mioweb5\2008.htm --> ftp.interfree.it / 2008.htm
108.09.01 18:06 B C:\Documents and Settings\Roberto\Documenti\mioweb5\altre_foto.htm --> ftp.interfree.it / altre_foto.htm
108.09.01 18:06 B C:\Documents and Settings\Roberto\Documenti\mioweb5\altri_tempi.htm --> ftp.interfree.it / altri_tempi.htm
108.09.01 18:06 B C:\Documents and Settings\Roberto\Documenti\mioweb5\Beach_On_The_Beach.mp3 --> ftp.interfree.it / Beach_On_The_Beach.mp3
108.09.01 18:06 B C:\Documents and Settings\Roberto\Documenti\mioweb5\cagliari.htm --> ftp.interfree.it / cagliari.htm
108.09.01 18:07 B C:\Documents and Settings\Roberto\Documenti\mioweb5\Come_passa_il_tempo.mp3 --> ftp.interfree.it / Come_passa_il_tempo.mp3
108.09.01 18:08 B C:\Documents and Settings\Roberto\Documenti\mioweb5\francia_spagna_2004_2005.htm --> ftp.interfree.it / francia_spagna_2004_2005.htm
108.09.01 18:08 B C:\Documents and Settings\Roberto\Documenti\mioweb5\Il_clan_dei_siciliani.mp3 --> ftp.interfree.it / Il_clan_dei_siciliani.mp3
108.09.01 18:08 B C:\Documents and Settings\Roberto\Documenti\mioweb5\index.htm --> ftp.interfree.it / index.htm
108.09.01 18:09 B C:\Documents and Settings\Roberto\Documenti\mioweb5\la_vita_e_bella.mp3 --> ftp.interfree.it / la_vita_e_bella.mp3
108.09.01 18:09 B C:\Documents and Settings\Roberto\Documenti\mioweb5\nuova_pagina_1.htm --> ftp.interfree.it / nuova_pagina_1.htm
108.09.01 18:09 B C:\Documents and Settings\Roberto\Documenti\mioweb5\nuova_pagina_3.htm --> ftp.interfree.it / nuova_pagina_3.htm
108.09.01 18:10 B C:\Documents and Settings\Roberto\Documenti\mioweb5\pinocchio.mp3 --> ftp.interfree.it / pinocchio.mp3
108.09.01 18:10 B C:\Documents and Settings\Roberto\Documenti\mioweb5\sardegna.htm --> ftp.interfree.it / sardegna.htm
108.09.01 18:10 B C:\Documents and Settings\Roberto\Documenti\mioweb5\viaggi.htm --> ftp.interfree.it / viaggi.htm
108.09.01 18:10 B C:\Documents and Settings\Roberto\Documenti\mioweb5\WS_FTP.LOG --> ftp.interfree.it / WS_FTP.LOG
108.09.10 17:08 B C:\Documents and Settings\Roberto\Documenti\mioweb5\2008.htm --> ftp.interfree.it / 2008.htm
108.09.10 17:08 B C:\Documents and Settings\Roberto\Documenti\mioweb5\altre_foto.htm --> ftp.interfree.it / altre_foto.htm
108.09.10 17:08 B C:\Documents and Settings\Roberto\Documenti\mioweb5\altri_tempi.htm --> ftp.interfree.it / altri_tempi.htm
108.09.10 17:08 B C:\Documents and Settings\Roberto\Documenti\mioweb5\Beach_On_The_Beach.mp3 --> ftp.interfree.it / Beach_On_The_Beach.mp3
108.09.10 17:08 B C:\Documents and Settings\Roberto\Documenti\mioweb5\cagliari.htm --> ftp.interfree.it / cagliari.htm
108.09.10 17:09 B C:\Documents and Settings\Roberto\Documenti\mioweb5\Come_passa_il_tempo.mp3 --> ftp.interfree.it / Come_passa_il_tempo.mp3
108.09.10 17:10 B C:\Documents and Settings\Roberto\Documenti\mioweb5\francia_spagna_2004_2005.htm --> ftp.interfree.it / francia_spagna_2004_2005.htm
108.09.10 17:10 B C:\Documents and Settings\Roberto\Documenti\mioweb5\Il_clan_dei_siciliani.mp3 --> ftp.interfree.it / Il_clan_dei_siciliani.mp3
108.09.10 17:10 B C:\Documents and Settings\Roberto\Documenti\mioweb5\index.htm --> ftp.interfree.it / index.htm
108.09.10 17:11 B C:\Documents and Settings\Roberto\Documenti\mioweb5\la_vita_e_bella.mp3 --> ftp.interfree.it / la_vita_e_bella.mp3
108.09.10 17:11 B C:\Documents and Settings\Roberto\Documenti\mioweb5\nuova_pagina_1.htm --> ftp.interfree.it / nuova_pagina_1.htm
108.09.10 17:11 B C:\Documents and Settings\Roberto\Documenti\mioweb5\nuova_pagina_3.htm --> ftp.interfree.it / nuova_pagina_3.htm
108.09.10 17:12 B C:\Documents and Settings\Roberto\Documenti\mioweb5\pinocchio.mp3 --> ftp.interfree.it / pinocchio.mp3
108.09.10 17:12 B C:\Documents and Settings\Roberto\Documenti\mioweb5\sardegna.htm --> ftp.interfree.it / sardegna.htm
108.09.10 17:12 B C:\Documents and Settings\Roberto\Documenti\mioweb5\viaggi.htm --> ftp.interfree.it / viaggi.htm
108.09.10 20:14 B C:\Documents and Settings\Roberto\Documenti\mioweb5\WS_FTP.LOG <-- Casamuscas / WS_FTP.LOG
108.09.11 11:41 B C:\Documents and Settings\Roberto\Documenti\mioweb5\altre_foto.htm --> ftp.interfree.it / altre_foto.htm
108.09.11 11:49 B C:\Documents and Settings\Roberto\Documenti\mioweb5\altre_foto.htm --> ftp.interfree.it / altre_foto.htm
108.09.11 12:00 B C:\Documents and Settings\Roberto\Documenti\mioweb5\altre_foto.htm --> ftp.interfree.it / altre_foto.htm
108.09.13 19:40 B C:\Documents and Settings\Roberto\Documenti\mioweb5\altre_foto.htm --> ftp.interfree.it / altre_foto.htm
108.09.13 19:41 B C:\Documents and Settings\Roberto\Documenti\mioweb5\2008.htm --> ftp.interfree.it / 2008.htm
108.09.14 12:11 B C:\Documents and Settings\Roberto\Documenti\mioweb5\sardegna.htm --> ftp.interfree.it / sardegna.htm
108.09.15 11:05 B C:\Documents and Settings\Roberto\Documenti\mioweb5\2008.htm --> ftp.interfree.it / 2008.htm
108.10.26 21:53 B C:\Documents and Settings\Roberto\Documenti\mioweb5\2008.htm --> ftp.interfree.it / 2008.htm
108.11.01 22:42 B C:\Documents and Settings\Roberto\Documenti\mioweb5\900.htm --> ftp.interfree.it / 900.htm
108.11.02 00:32 B C:\Documents and Settings\Roberto\Documenti\mioweb5\2008.htm --> ftp.interfree.it / 2008.htm
108.11.02 00:32 B C:\Documents and Settings\Roberto\Documenti\mioweb5\900.htm --> ftp.interfree.it / 900.htm
108.11.02 00:32 B C:\Documents and Settings\Roberto\Documenti\mioweb5\altre_foto.htm --> ftp.interfree.it / altre_foto.htm
108.11.02 00:32 B C:\Documents and Settings\Roberto\Documenti\mioweb5\altri_tempi.htm --> ftp.interfree.it / altri_tempi.htm
108.11.02 00:32 B C:\Documents and Settings\Roberto\Documenti\mioweb5\Beach_On_The_Beach.mp3 --> ftp.interfree.it / Beach_On_The_Beach.mp3
108.11.02 00:32 B C:\Documents and Settings\Roberto\Documenti\mioweb5\cagliari.htm --> ftp.interfree.it / cagliari.htm
108.11.02 00:33 B C:\Documents and Settings\Roberto\Documenti\mioweb5\Come_passa_il_tempo.mp3 --> ftp.interfree.it / Come_passa_il_tempo.mp3
108.11.02 00:33 B C:\Documents and Settings\Roberto\Documenti\mioweb5\francia_spagna_2004_2005.htm --> ftp.interfree.it / francia_spagna_2004_2005.htm
108.11.02 00:34 B C:\Documents and Settings\Roberto\Documenti\mioweb5\Il_clan_dei_siciliani.mp3 --> ftp.interfree.it / Il_clan_dei_siciliani.mp3
108.11.02 00:34 B C:\Documents and Settings\Roberto\Documenti\mioweb5\index.htm --> ftp.interfree.it / index.htm
108.11.02 00:35 B C:\Documents and Settings\Roberto\Documenti\mioweb5\la_vita_e_bella.mp3 --> ftp.interfree.it / la_vita_e_bella.mp3
108.11.02 00:35 B C:\Documents and Settings\Roberto\Documenti\mioweb5\lavori_in_corso.htm --> ftp.interfree.it / lavori_in_corso.htm
108.11.02 00:36 B C:\Documents and Settings\Roberto\Documenti\mioweb5\Lili_Marlene.mp3 --> ftp.interfree.it / Lili_Marlene.mp3
108.11.02 00:36 B C:\Documents and Settings\Roberto\Documenti\mioweb5\nuova_pagina_1.htm --> ftp.interfree.it / nuova_pagina_1.htm
108.11.02 00:36 B C:\Documents and Settings\Roberto\Documenti\mioweb5\nuova_pagina_3.htm --> ftp.interfree.it / nuova_pagina_3.htm
108.11.02 00:36 B C:\Documents and Settings\Roberto\Documenti\mioweb5\pinocchio.mp3 --> ftp.interfree.it / pinocchio.mp3
108.11.02 00:36 B C:\Documents and Settings\Roberto\Documenti\mioweb5\sardegna.htm --> ftp.interfree.it / sardegna.htm
108.11.02 00:36 B C:\Documents and Settings\Roberto\Documenti\mioweb5\Thumbs.db --> ftp.interfree.it / Thumbs.db
108.11.02 00:36 B C:\Documents and Settings\Roberto\Documenti\mioweb5\viaggi.htm --> ftp.interfree.it / viaggi.htm
108.11.02 00:36 B C:\Documents and Settings\Roberto\Documenti\mioweb5\WS_FTP.LOG --> ftp.interfree.it / WS_FTP.LOG
108.11.03 00:35 B C:\Documents and Settings\Roberto\Documenti\mioweb5\2008.htm --> ftp.interfree.it / 2008.htm
108.11.03 00:35 B C:\Documents and Settings\Roberto\Documenti\mioweb5\900.htm --> ftp.interfree.it / 900.htm
108.11.03 00:35 B C:\Documents and Settings\Roberto\Documenti\mioweb5\altre_foto.htm --> ftp.interfree.it / altre_foto.htm
108.11.03 00:35 B C:\Documents and Settings\Roberto\Documenti\mioweb5\altri_tempi.htm --> ftp.interfree.it / altri_tempi.htm
108.11.03 00:36 B C:\Documents and Settings\Roberto\Documenti\mioweb5\Beach_On_The_Beach.mp3 --> ftp.interfree.it / Beach_On_The_Beach.mp3
108.11.03 00:36 B C:\Documents and Settings\Roberto\Documenti\mioweb5\cagliari.htm --> ftp.interfree.it / cagliari.htm
108.11.03 00:37 B C:\Documents and Settings\Roberto\Documenti\mioweb5\Come_passa_il_tempo.mp3 --> ftp.interfree.it / Come_passa_il_tempo.mp3
108.11.03 00:37 B C:\Documents and Settings\Roberto\Documenti\mioweb5\francia_spagna_2004_2005.htm --> ftp.interfree.it / francia_spagna_2004_2005.htm
108.11.03 00:38 B C:\Documents and Settings\Roberto\Documenti\mioweb5\Il_clan_dei_siciliani.mp3 --> ftp.interfree.it / Il_clan_dei_siciliani.mp3
108.11.03 00:38 B C:\Documents and Settings\Roberto\Documenti\mioweb5\index.htm --> ftp.interfree.it / index.htm
108.11.03 00:39 B C:\Documents and Settings\Roberto\Documenti\mioweb5\la_vita_e_bella.mp3 --> ftp.interfree.it / la_vita_e_bella.mp3
108.11.03 00:39 B C:\Documents and Settings\Roberto\Documenti\mioweb5\lavori_in_corso.htm --> ftp.interfree.it / lavori_in_corso.htm
108.11.03 00:39 B C:\Documents and Settings\Roberto\Documenti\mioweb5\Lili_Marlene.mp3 --> ftp.interfree.it / Lili_Marlene.mp3
108.11.03 00:39 B C:\Documents and Settings\Roberto\Documenti\mioweb5\nuova_pagina_1.htm --> ftp.interfree.it / nuova_pagina_1.htm
108.11.03 00:39 B C:\Documents and Settings\Roberto\Documenti\mioweb5\nuova_pagina_3.htm --> ftp.interfree.it / nuova_pagina_3.htm
108.11.03 00:40 B C:\Documents and Settings\Roberto\Documenti\mioweb5\pinocchio.mp3 --> ftp.interfree.it / pinocchio.mp3
108.11.03 00:40 B C:\Documents and Settings\Roberto\Documenti\mioweb5\sardegna.htm --> ftp.interfree.it / sardegna.htm
108.11.03 00:40 B C:\Documents and Settings\Roberto\Documenti\mioweb5\Thumbs.db --> ftp.interfree.it / Thumbs.db
108.11.03 00:41 B C:\Documents and Settings\Roberto\Documenti\mioweb5\TV_Theme_-_Ennio_Morricone_-_Bud_Spencer__Terence_Hill_-_Lo_Chiamavano_Trinita.mp3 --> ftp.interfree.it / TV_Theme_-_Ennio_Morricone_-_Bud_Spencer__Terence_Hill_-_Lo_Chiamavano_Trinita.mp3
108.11.03 00:41 B C:\Documents and Settings\Roberto\Documenti\mioweb5\viaggi.htm --> ftp.interfree.it / viaggi.htm
108.11.03 00:41 B C:\Documents and Settings\Roberto\Documenti\mioweb5\WS_FTP.LOG --> ftp.interfree.it / WS_FTP.LOG
108.11.03 00:49 B C:\Documents and Settings\Roberto\Documenti\mioweb5\900.htm --> ftp.interfree.it / 900.htm
108.11.03 00:49 B C:\Documents and Settings\Roberto\Documenti\mioweb5\index.htm --> ftp.interfree.it / index.htm
108.11.03 00:49 B C:\Documents and Settings\Roberto\Documenti\mioweb5\index.htm --> ftp.interfree.it / index.htm
108.11.03 02:49 B C:\Documents and Settings\Roberto\Documenti\mioweb5\2008.htm --> ftp.interfree.it / 2008.htm
108.11.03 02:49 B C:\Documents and Settings\Roberto\Documenti\mioweb5\900.htm --> ftp.interfree.it / 900.htm
108.11.03 02:49 B C:\Documents and Settings\Roberto\Documenti\mioweb5\altre_foto.htm --> ftp.interfree.it / altre_foto.htm
108.11.03 02:49 B C:\Documents and Settings\Roberto\Documenti\mioweb5\altri_tempi.htm --> ftp.interfree.it / altri_tempi.htm
108.11.03 02:50 B C:\Documents and Settings\Roberto\Documenti\mioweb5\Beach_On_The_Beach.mp3 --> ftp.interfree.it / Beach_On_The_Beach.mp3
108.11.03 02:50 B C:\Documents and Settings\Roberto\Documenti\mioweb5\cagliari.htm --> ftp.interfree.it / cagliari.htm
108.11.03 02:51 B C:\Documents and Settings\Roberto\Documenti\mioweb5\Come_passa_il_tempo.mp3 --> ftp.interfree.it / Come_passa_il_tempo.mp3
108.11.03 02:51 B C:\Documents and Settings\Roberto\Documenti\mioweb5\francia_spagna_2004_2005.htm --> ftp.interfree.it / francia_spagna_2004_2005.htm
108.11.03 02:51 B C:\Documents and Settings\Roberto\Documenti\mioweb5\Il_clan_dei_siciliani.mp3 --> ftp.interfree.it / Il_clan_dei_siciliani.mp3
108.11.03 02:51 B C:\Documents and Settings\Roberto\Documenti\mioweb5\index.htm --> ftp.interfree.it / index.htm
108.11.03 02:52 B C:\Documents and Settings\Roberto\Documenti\mioweb5\la_vita_e_bella.mp3 --> ftp.interfree.it / la_vita_e_bella.mp3
108.11.03 02:52 B C:\Documents and Settings\Roberto\Documenti\mioweb5\lavori_in_corso.htm --> ftp.interfree.it / lavori_in_corso.htm
108.11.03 02:53 B C:\Documents and Settings\Roberto\Documenti\mioweb5\Lili_Marlene.mp3 --> ftp.interfree.it / Lili_Marlene.mp3
108.11.03 02:53 B C:\Documents and Settings\Roberto\Documenti\mioweb5\nuova_pagina_1.htm --> ftp.interfree.it / nuova_pagina_1.htm
108.11.03 02:53 B C:\Documents and Settings\Roberto\Documenti\mioweb5\nuova_pagina_3.htm --> ftp.interfree.it / nuova_pagina_3.htm
108.11.03 02:53 B C:\Documents and Settings\Roberto\Documenti\mioweb5\pinocchio.mp3 --> ftp.interfree.it / pinocchio.mp3
108.11.03 02:53 B C:\Documents and Settings\Roberto\Documenti\mioweb5\sardegna.htm --> ftp.interfree.it / sardegna.htm
108.11.03 02:53 B C:\Documents and Settings\Roberto\Documenti\mioweb5\Thumbs.db --> ftp.interfree.it / Thumbs.db
108.11.03 02:55 B C:\Documents and Settings\Roberto\Documenti\mioweb5\TV_Theme_-_Ennio_Morricone_-_Bud_Spencer__Terence_Hill_-_Lo_Chiamavano_Trinita.mp3 --> ftp.interfree.it / TV_Theme_-_Ennio_Morricone_-_Bud_Spencer__Terence_Hill_-_Lo_Chiamavano_Trinita.mp3
108.11.03 02:55 B C:\Documents and Settings\Roberto\Documenti\mioweb5\viaggi.htm --> ftp.interfree.it / viaggi.htm
108.11.03 02:55 B C:\Documents and Settings\Roberto\Documenti\mioweb5\WS_FTP.LOG --> ftp.interfree.it / WS_FTP.LOG
108.11.03 13:26 B C:\Documents and Settings\Roberto\Documenti\mioweb5\2008.htm --> ftp.interfree.it /images 2008.htm
108.11.03 13:34 B C:\Documents and Settings\Roberto\Documenti\mioweb5\2008.htm --> ftp.interfree.it / 2008.htm
108.11.04 22:51 B C:\Documents and Settings\Roberto\Documenti\mioweb5\2008.htm --> ftp.interfree.it / 2008.htm
108.11.04 23:03 B C:\Documents and Settings\Roberto\Documenti\mioweb5\2008.htm --> ftp.interfree.it / 2008.htm
108.11.09 17:29 B C:\Documents and Settings\Roberto\Documenti\mioweb5\viaggi.htm --> ftp.interfree.it / viaggi.htm
108.11.09 17:29 B C:\Documents and Settings\Roberto\Documenti\mioweb5\nuova_pagina_1.htm --> ftp.interfree.it / nuova_pagina_1.htm
108.11.09 17:29 B C:\Documents and Settings\Roberto\Documenti\mioweb5\nuova_pagina_3.htm --> ftp.interfree.it / nuova_pagina_3.htm
108.11.09 17:29 B C:\Documents and Settings\Roberto\Documenti\mioweb5\900.htm --> ftp.interfree.it / 900.htm
108.11.09 17:36 B C:\Documents and Settings\Roberto\Documenti\mioweb5\altre_foto.htm --> ftp.interfree.it / altre_foto.htm
108.11.09 17:54 B C:\Documents and Settings\Roberto\Documenti\mioweb5\2008.htm --> ftp.interfree.it / 2008.htm
108.11.09 17:55 B C:\Documents and Settings\Roberto\Documenti\mioweb5\altre_foto.htm --> ftp.interfree.it / altre_foto.htm
108.11.09 17:55 B C:\Documents and Settings\Roberto\Documenti\mioweb5\900.htm --> ftp.interfree.it / 900.htm
108.11.09 17:55 B C:\Documents and Settings\Roberto\Documenti\mioweb5\2008.htm --> ftp.interfree.it / 2008.htm
108.11.09 17:56 B C:\Documents and Settings\Roberto\Documenti\mioweb5\regno unito.htm --> ftp.interfree.it / regno unito.htm
108.11.09 17:56 B C:\Documents and Settings\Roberto\Documenti\mioweb5\sardegna.htm --> ftp.interfree.it / sardegna.htm
108.11.09 18:51 B C:\Documents and Settings\Roberto\Documenti\mioweb5\2008.htm --> ftp.interfree.it / 2008.htm
108.11.09 18:51 B C:\Documents and Settings\Roberto\Documenti\mioweb5\cagliari.htm --> ftp.interfree.it / cagliari.htm
108.11.09 18:58 B C:\Documents and Settings\Roberto\Documenti\mioweb5\900.htm --> ftp.interfree.it / 900.htm
108.11.09 20:54 B C:\Documents and Settings\Roberto\Documenti\mioweb5\2008.htm --> ftp.interfree.it / 2008.htm
108.11.09 21:00 B C:\Documents and Settings\Roberto\Documenti\mioweb5\2008.htm --> ftp.interfree.it / 2008.htm
108.11.09 21:30 B C:\Documents and Settings\Roberto\Documenti\mioweb5\2008.htm --> ftp.interfree.it / 2008.htm
108.11.10 14:31 B C:\Documents and Settings\Roberto\Documenti\mioweb5\cagliari.htm --> ftp.interfree.it / cagliari.htm
108.11.12 00:19 B C:\Documents and Settings\Roberto\Documenti\mioweb5\cagliari.htm --> ftp.interfree.it / cagliari.htm
108.11.12 22:34 B C:\Documents and Settings\Roberto\Documenti\mioweb5\regno unito.htm --> ftp.interfree.it / regno unito.htm
108.11.12 23:29 B C:\Documents and Settings\Roberto\Documenti\mioweb5\2008.htm --> ftp.interfree.it / 2008.htm
108.11.12 23:29 B C:\Documents and Settings\Roberto\Documenti\mioweb5\900.htm --> ftp.interfree.it / 900.htm
108.11.12 23:29 B C:\Documents and Settings\Roberto\Documenti\mioweb5\altre_foto.htm --> ftp.interfree.it / altre_foto.htm
108.11.12 23:29 B C:\Documents and Settings\Roberto\Documenti\mioweb5\altri_tempi.htm --> ftp.interfree.it / altri_tempi.htm
108.11.12 23:30 B C:\Documents and Settings\Roberto\Documenti\mioweb5\Beach_On_The_Beach.mp3 --> ftp.interfree.it / Beach_On_The_Beach.mp3
108.11.12 23:30 B C:\Documents and Settings\Roberto\Documenti\mioweb5\cagliari.htm --> ftp.interfree.it / cagliari.htm
108.11.12 23:31 B C:\Documents and Settings\Roberto\Documenti\mioweb5\Come_passa_il_tempo.mp3 --> ftp.interfree.it / Come_passa_il_tempo.mp3
108.11.12 23:31 B C:\Documents and Settings\Roberto\Documenti\mioweb5\francia_spagna_2004_2005.htm --> ftp.interfree.it / francia_spagna_2004_2005.htm
108.11.12 23:31 B C:\Documents and Settings\Roberto\Documenti\mioweb5\Il_clan_dei_siciliani.mp3 --> ftp.interfree.it / Il_clan_dei_siciliani.mp3
108.11.12 23:31 B C:\Documents and Settings\Roberto\Documenti\mioweb5\index.htm --> ftp.interfree.it / index.htm
108.11.12 23:32 B C:\Documents and Settings\Roberto\Documenti\mioweb5\la_vita_e_bella.mp3 --> ftp.interfree.it / la_vita_e_bella.mp3
108.11.12 23:32 B C:\Documents and Settings\Roberto\Documenti\mioweb5\lavori_in_corso.htm --> ftp.interfree.it / lavori_in_corso.htm
108.11.12 23:33 B C:\Documents and Settings\Roberto\Documenti\mioweb5\Lili_Marlene.mp3 --> ftp.interfree.it / Lili_Marlene.mp3
108.11.12 23:33 B C:\Documents and Settings\Roberto\Documenti\mioweb5\nuova_pagina_1.htm --> ftp.interfree.it / nuova_pagina_1.htm
108.11.12 23:33 B C:\Documents and Settings\Roberto\Documenti\mioweb5\pinocchio.mp3 --> ftp.interfree.it / pinocchio.mp3
108.11.12 23:33 B C:\Documents and Settings\Roberto\Documenti\mioweb5\regno unito.htm --> ftp.interfree.it / regno unito.htm
108.11.12 23:33 B C:\Documents and Settings\Roberto\Documenti\mioweb5\sardegna.htm --> ftp.interfree.it / sardegna.htm
108.11.12 23:33 B C:\Documents and Settings\Roberto\Documenti\mioweb5\Thumbs.db --> ftp.interfree.it / Thumbs.db
108.11.12 23:35 B C:\Documents and Settings\Roberto\Documenti\mioweb5\TV_Theme_-_Ennio_Morricone_-_Bud_Spencer__Terence_Hill_-_Lo_Chiamavano_Trinita.mp3 --> ftp.interfree.it / TV_Theme_-_Ennio_Morricone_-_Bud_Spencer__Terence_Hill_-_Lo_Chiamavano_Trinita.mp3
108.11.12 23:35 B C:\Documents and Settings\Roberto\Documenti\mioweb5\viaggi.htm --> ftp.interfree.it / viaggi.htm
108.11.12 23:35 B C:\Documents and Settings\Roberto\Documenti\mioweb5\WS_FTP.LOG --> ftp.interfree.it / WS_FTP.LOG
108.12.09 01:47 B C:\Documents and Settings\Roberto\Documenti\mioweb5\altri_tempi.htm --> ftp.interfree.it / altri_tempi.htm
108.12.09 23:45 B C:\Documents and Settings\Roberto\Documenti\mioweb5\altri_tempi.htm --> ftp.interfree.it / altri_tempi.htm
108.12.10 00:14 B C:\Documents and Settings\Roberto\Documenti\mioweb5\altri_tempi.htm --> ftp.interfree.it / altri_tempi.htm
108.12.10 00:20 B C:\Documents and Settings\Roberto\Documenti\mioweb5\altri_tempi.htm --> ftp.interfree.it / altri_tempi.htm
108.12.13 22:32 B C:\Documents and Settings\Roberto\Documenti\mioweb5\altri_tempi.htm --> ftp.interfree.it / altri_tempi.htm
108.12.13 23:09 B C:\Documents and Settings\Roberto\Documenti\mioweb5\altri_tempi.htm --> ftp.interfree.it / altri_tempi.htm
108.12.14 20:12 B C:\Documents and Settings\Roberto\Documenti\mioweb5\altre_foto.htm --> ftp.interfree.it / altre_foto.htm
108.12.14 21:30 B C:\Documents and Settings\Roberto\Documenti\mioweb5\altre_foto.htm --> ftp.interfree.it / altre_foto.htm
108.12.14 21:47 B C:\Documents and Settings\Roberto\Documenti\mioweb5\altri_tempi.htm --> ftp.interfree.it / altri_tempi.htm
108.12.19 22:34 B C:\Documents and Settings\Roberto\Documenti\mioweb5\altri_tempi.htm --> ftp.interfree.it / altri_tempi.htm
108.12.19 23:00 B C:\Documents and Settings\Roberto\Documenti\mioweb5\900.htm --> ftp.interfree.it / 900.htm
108.12.25 17:44 B C:\Documents and Settings\Roberto\Documenti\mioweb5\altri_tempi.htm --> ftp.interfree.it / altri_tempi.htm
108.12.26 19:54 B C:\Documents and Settings\Roberto\Documenti\mioweb5\altri_tempi.htm --> ftp.interfree.it / altri_tempi.htm
108.12.26 20:26 B C:\Documents and Settings\Roberto\Documenti\mioweb5\900.htm --> ftp.interfree.it / 900.htm
108.12.27 18:35 B C:\Documents and Settings\Roberto\Documenti\mioweb5\2008.htm --> ftp.interfree.it / 2008.htm
108.12.27 18:35 B C:\Documents and Settings\Roberto\Documenti\mioweb5\altri_tempi.htm --> ftp.interfree.it / altri_tempi.htm
108.12.27 19:30 B C:\Documents and Settings\Roberto\Documenti\mioweb5\altri_tempi.htm --> ftp.interfree.it / altri_tempi.htm
108.12.27 19:49 B C:\Documents and Settings\Roberto\Documenti\mioweb5\altri_tempi.htm --> ftp.interfree.it / altri_tempi.htm
108.12.27 19:59 B C:\Documents and Settings\Roberto\Documenti\mioweb5\altri_tempi.htm --> ftp.interfree.it / altri_tempi.htm
108.12.28 17:23 B C:\Documents and Settings\Roberto\Documenti\mioweb5\altre_foto.htm --> ftp.interfree.it / altre_foto.htm
109.01.03 12:24 B C:\Documents and Settings\Roberto\Documenti\mioweb5\altre_foto.htm --> ftp.interfree.it / altre_foto.htm
109.01.03 12:24 B C:\Documents and Settings\Roberto\Documenti\mioweb5\regno unito.htm --> ftp.interfree.it / regno unito.htm
109.01.05 19:34 B C:\Documents and Settings\Roberto\Documenti\mioweb5\2009.htm --> ftp.interfree.it / 2009.htm
109.01.05 20:25 B C:\Documents and Settings\Roberto\Documenti\mioweb5\2008.htm --> ftp.interfree.it / 2008.htm
109.01.05 20:25 B C:\Documents and Settings\Roberto\Documenti\mioweb5\2009.htm --> ftp.interfree.it / 2009.htm
109.01.05 20:25 B C:\Documents and Settings\Roberto\Documenti\mioweb5\900.htm --> ftp.interfree.it / 900.htm
109.01.05 20:25 B C:\Documents and Settings\Roberto\Documenti\mioweb5\altre_foto.htm --> ftp.interfree.it / altre_foto.htm
109.01.05 20:25 B C:\Documents and Settings\Roberto\Documenti\mioweb5\altri_tempi.htm --> ftp.interfree.it / altri_tempi.htm
109.01.05 20:25 B C:\Documents and Settings\Roberto\Documenti\mioweb5\Beach_On_The_Beach.mp3 --> ftp.interfree.it / Beach_On_The_Beach.mp3
109.01.05 20:26 B C:\Documents and Settings\Roberto\Documenti\mioweb5\cagliari.htm --> ftp.interfree.it / cagliari.htm
109.01.05 20:26 B C:\Documents and Settings\Roberto\Documenti\mioweb5\Capril.mp3 --> ftp.interfree.it / Capril.mp3
109.01.05 20:27 B C:\Documents and Settings\Roberto\Documenti\mioweb5\Come_passa_il_tempo.mp3 --> ftp.interfree.it / Come_passa_il_tempo.mp3
109.01.05 20:27 B C:\Documents and Settings\Roberto\Documenti\mioweb5\francia_spagna_2004_2005.htm --> ftp.interfree.it / francia_spagna_2004_2005.htm
109.01.05 20:28 B C:\Documents and Settings\Roberto\Documenti\mioweb5\Il_clan_dei_siciliani.mp3 --> ftp.interfree.it / Il_clan_dei_siciliani.mp3
109.01.05 20:28 B C:\Documents and Settings\Roberto\Documenti\mioweb5\index.htm --> ftp.interfree.it / index.htm
109.01.05 20:29 B C:\Documents and Settings\Roberto\Documenti\mioweb5\la_vita_e_bella.mp3 --> ftp.interfree.it / la_vita_e_bella.mp3
109.01.05 20:29 B C:\Documents and Settings\Roberto\Documenti\mioweb5\lavori_in_corso.htm --> ftp.interfree.it / lavori_in_corso.htm
109.01.05 20:29 B C:\Documents and Settings\Roberto\Documenti\mioweb5\Lili_Marlene.mp3 --> ftp.interfree.it / Lili_Marlene.mp3
109.01.05 20:29 B C:\Documents and Settings\Roberto\Documenti\mioweb5\nuova_pagina_1.htm --> ftp.interfree.it / nuova_pagina_1.htm
109.01.05 20:30 B C:\Documents and Settings\Roberto\Documenti\mioweb5\pinocchio.mp3 --> ftp.interfree.it / pinocchio.mp3
109.01.05 20:30 B C:\Documents and Settings\Roberto\Documenti\mioweb5\regno unito.htm --> ftp.interfree.it / regno unito.htm
109.01.05 20:30 B C:\Documents and Settings\Roberto\Documenti\mioweb5\sardegna.htm --> ftp.interfree.it / sardegna.htm
109.01.05 20:30 B C:\Documents and Settings\Roberto\Documenti\mioweb5\Thumbs.db --> ftp.interfree.it / Thumbs.db
109.01.05 20:31 B C:\Documents and Settings\Roberto\Documenti\mioweb5\TV_Theme_-_Ennio_Morricone_-_Bud_Spencer__Terence_Hill_-_Lo_Chiamavano_Trinita.mp3 --> ftp.interfree.it / TV_Theme_-_Ennio_Morricone_-_Bud_Spencer__Terence_Hill_-_Lo_Chiamavano_Trinita.mp3
109.01.05 20:31 B C:\Documents and Settings\Roberto\Documenti\mioweb5\viaggi.htm --> ftp.interfree.it / viaggi.htm
109.01.05 20:31 B C:\Documents and Settings\Roberto\Documenti\mioweb5\WS_FTP.LOG --> ftp.interfree.it / WS_FTP.LOG
109.02.01 12:23 B C:\Documents and Settings\Roberto\Documenti\mioweb5\900.htm --> ftp.interfree.it / 900.htm
109.02.01 12:23 B C:\Documents and Settings\Roberto\Documenti\mioweb5\altri_tempi.htm --> ftp.interfree.it / altri_tempi.htm
109.02.21 14:30 B C:\Documents and Settings\Roberto\Documenti\mioweb5\sardegna.htm --> ftp.interfree.it / sardegna.htm
109.02.21 14:30 B C:\Documents and Settings\Roberto\Documenti\mioweb5\2009.htm --> ftp.interfree.it / 2009.htm
109.03.12 23:08 B C:\Documents and Settings\Roberto\Documenti\mioweb5\altri_tempi.htm --> ftp.interfree.it / altri_tempi.htm
109.03.12 23:14 B C:\Documents and Settings\Roberto\Documenti\mioweb5\altri_tempi.htm --> ftp.interfree.it / altri_tempi.htm
109.05.03 23:38 B C:\Documents and Settings\Roberto\Documenti\mioweb5\altre_foto.htm --> ftp.interfree.it / altre_foto.htm
109.05.03 23:38 B C:\Documents and Settings\Roberto\Documenti\mioweb5\altri_tempi.htm --> ftp.interfree.it / altri_tempi.htm
109.05.03 23:38 B C:\Documents and Settings\Roberto\Documenti\mioweb5\sardegna.htm --> ftp.interfree.it / sardegna.htm
109.07.09 00:02 B C:\Users\RM\Desktop\mioweb5\2009.htm --> ftp.interfree.it / 2009.htm
109.07.09 00:02 B C:\Users\RM\Desktop\mioweb5\900.htm --> ftp.interfree.it / 900.htm
109.07.11 19:47 B C:\Users\RM\Desktop\mioweb5\2009.htm --> ftp.interfree.it / 2009.htm
109.07.12 01:26 B C:\Users\RM\Desktop\mioweb5\index.htm --> ftp.interfree.it / index.htm
109.08.03 22:55 B C:\Users\RM\Desktop\mioweb5\altre_foto.htm --> ftp.interfree.it / altre_foto.htm
109.08.03 23:04 B C:\Users\RM\Desktop\mioweb5\2009.htm --> ftp.interfree.it / 2009.htm
109.08.10 01:47 B C:\Users\RM\Desktop\mioweb5\2009.htm --> ftp.interfree.it / 2009.htm
109.08.17 12:03 B C:\Users\RM\Desktop\mioweb5\2009.htm --> ftp.interfree.it / 2009.htm
109.08.17 12:18 B C:\Users\RM\Desktop\mioweb5\sardegna.htm --> ftp.interfree.it / sardegna.htm
109.08.17 12:29 B C:\Users\RM\Desktop\mioweb5\sardegna.htm --> ftp.interfree.it / sardegna.htm
109.08.17 12:33 B C:\Users\RM\Desktop\mioweb5\sardegna.htm --> ftp.interfree.it / sardegna.htm
109.08.17 12:35 B C:\Users\RM\Desktop\mioweb5\sardegna.htm --> ftp.interfree.it / sardegna.htm
109.08.17 12:38 B C:\Users\RM\Desktop\mioweb5\sardegna.htm --> ftp.interfree.it / sardegna.htm
109.08.17 12:43 B C:\Users\RM\Desktop\mioweb5\sardegna.htm --> ftp.interfree.it / sardegna.htm
109.08.17 20:27 B C:\Users\RM\Desktop\mioweb5\2009.htm --> ftp.interfree.it / 2009.htm
109.08.17 21:36 B C:\Users\RM\Desktop\mioweb5\2009.htm --> ftp.interfree.it / 2009.htm
109.08.18 00:48 B C:\Users\RM\Desktop\mioweb5\2009.htm --> ftp.interfree.it / 2009.htm
109.08.18 18:00 B C:\Users\RM\Desktop\mioweb5\2009.htm --> ftp.interfree.it / 2009.htm
109.08.21 17:47 B C:\Users\RM\Desktop\mioweb5\altre_foto.htm --> ftp.interfree.it / altre_foto.htm
109.08.21 18:05 B C:\Users\RM\Desktop\mioweb5\altre_foto.htm --> ftp.interfree.it / altre_foto.htm
109.11.01 13:11 B C:\Users\RM\Desktop\mioweb5\2009.htm --> ftp.interfree.it / 2009.htm
109.11.01 13:12 B C:\Users\RM\Desktop\mioweb5\altri_tempi.htm --> ftp.interfree.it / altri_tempi.htm
109.12.23 17:27 B C:\Users\RM\Desktop\mioweb5\2009.htm --> ftp.interfree.it / 2009.htm
110.01.05 00:30 B C:\Users\RM\Desktop\mioweb5\2009.htm --> ftp.interfree.it / 2009.htm
110.01.06 11:20 B C:\Users\RM\Desktop\mioweb5\2010.mp3 --> ftp.interfree.it / 2010.mp3
110.01.06 11:20 B C:\Users\RM\Desktop\mioweb5\2010.htm --> ftp.interfree.it / 2010.htm
110.01.06 11:27 B C:\Users\RM\Desktop\mioweb5\2010.htm --> ftp.interfree.it / 2010.htm
110.01.06 11:28 B C:\Users\RM\Desktop\mioweb5\2010.mp3 --> ftp.interfree.it / 2010.mp3
110.01.06 11:32 B C:\Users\RM\Desktop\mioweb5\2010.htm <-- casamuscas / 2010.htm
110.01.06 11:33 B C:\Users\RM\Desktop\mioweb5\2010.htm --> ftp.interfree.it / 2010.htm
110.01.06 11:33 B C:\Users\RM\Desktop\mioweb5\2010.htm --> ftp.interfree.it / 2010.htm
110.01.06 11:34 B C:\Users\RM\Desktop\mioweb5\2010.mp3 --> ftp.interfree.it / 2010.mp3
110.01.06 12:46 B C:\Users\RM\Desktop\mioweb5\TV_Theme_-_Ennio_Morricone_-_Bud_Spencer__Terence_Hill_-_Lo_Chiamavano_Trinita.mp3 --> ftp.interfree.it / TV_Theme_-_Ennio_Morricone_-_Bud_Spencer__Terence_Hill_-_Lo_Chiamavano_Trinita.mp3
110.01.06 12:46 B C:\Users\RM\Desktop\mioweb5\2010.htm --> ftp.interfree.it / 2010.htm
110.01.06 12:47 B C:\Users\RM\Desktop\mioweb5\2010.mp3 --> ftp.interfree.it / 2010.mp3
110.02.21 16:55 B C:\Users\RM\Desktop\mioweb5\2009.htm --> ftp.interfree.it / 2009.htm
110.02.21 16:55 B C:\Users\RM\Desktop\mioweb5\2010.htm --> ftp.interfree.it / 2010.htm
110.05.15 22:12 B C:\Users\RM\Desktop\mioweb5\2010.mp3 --> ftp.interfree.it / 2010.mp3
110.05.15 22:12 B C:\Users\RM\Desktop\mioweb5\2010.htm --> ftp.interfree.it / 2010.htm
110.06.02 15:43 B C:\Users\RM\Desktop\mioweb5\2010.htm --> ftp.interfree.it / 2010.htm
110.06.19 19:23 B C:\Users\RM\Desktop\mioweb5\2010.htm --> ftp.interfree.it / 2010.htm
110.07.18 22:43 B C:\Users\RM\Desktop\mioweb5\2010.htm --> ftp.interfree.it / 2010.htm
110.08.03 12:26 B D:\mioweb5\2010.htm --> ftp.interfree.it / 2010.htm
110.08.03 12:39 B D:\mioweb5\2010.htm --> ftp.interfree.it / 2010.htm
110.08.03 12:46 B D:\mioweb5\2010.htm --> ftp.interfree.it / 2010.htm
110.08.03 12:46 B D:\mioweb5\0308101.gif --> ftp.interfree.it /images 0308101.gif
110.08.03 12:50 B D:\mioweb5\2010.htm --> ftp.interfree.it / 2010.htm
110.08.26 16:25 B D:\mioweb5\2010.htm --> ftp.interfree.it / 2010.htm
110.08.26 16:35 B D:\mioweb5\2010.htm --> ftp.interfree.it / 2010.htm
110.08.27 19:23 B D:\mioweb5\2010.htm --> ftp.interfree.it / 2010.htm
110.09.03 17:25 B D:\mioweb5\altri_tempi.htm --> ftp.interfree.it / altri_tempi.htm
110.09.03 17:26 B D:\mioweb5\cagliari.htm --> ftp.interfree.it / cagliari.htm
110.09.03 19:05 B D:\mioweb5\altri_tempi.htm --> ftp.interfree.it / altri_tempi.htm
110.09.18 11:53 B D:\mioweb5\2010.htm --> ftp.interfree.it / 2010.htm
110.09.25 16:42 B D:\mioweb5\2010.htm --> ftp.interfree.it / 2010.htm
111.01.09 22:26 B D:\mioweb5\2011.mp3 --> ftp.interfree.it / 2011.mp3
111.01.09 22:36 B D:\mioweb5\nuova_pagina_1.htm --> ftp.interfree.it / nuova_pagina_1.htm
111.01.09 22:36 B D:\mioweb5\nuova_pagina_3.htm --> ftp.interfree.it / nuova_pagina_3.htm
111.01.09 22:39 B D:\mioweb5\2011.htm --> ftp.interfree.it / 2011.htm
111.01.09 22:41 B D:\mioweb5\2011.mp3 --> ftp.interfree.it /images 2011.mp3
111.01.09 23:44 B D:\mioweb5\0308101.gif --> ftp.interfree.it / 0308101.gif
111.01.09 23:44 B D:\mioweb5\2008.htm --> ftp.interfree.it / 2008.htm
111.01.09 23:44 B D:\mioweb5\2009.htm --> ftp.interfree.it / 2009.htm
111.01.09 23:44 B D:\mioweb5\2010.htm --> ftp.interfree.it / 2010.htm
111.01.09 23:45 B D:\mioweb5\2010.mp3 --> ftp.interfree.it / 2010.mp3
111.01.09 23:45 B D:\mioweb5\2011.htm --> ftp.interfree.it / 2011.htm
111.01.09 23:46 B D:\mioweb5\2011.mp3 --> ftp.interfree.it / 2011.mp3
111.01.09 23:46 B D:\mioweb5\900.htm --> ftp.interfree.it / 900.htm
111.01.09 23:46 B D:\mioweb5\altre_foto.htm --> ftp.interfree.it / altre_foto.htm
111.01.09 23:46 B D:\mioweb5\altri_tempi.htm --> ftp.interfree.it / altri_tempi.htm
111.01.09 23:46 B D:\mioweb5\Beach_On_The_Beach.mp3 --> ftp.interfree.it / Beach_On_The_Beach.mp3
111.01.09 23:46 B D:\mioweb5\cagliari.htm --> ftp.interfree.it / cagliari.htm
111.01.09 23:47 B D:\mioweb5\Capril.mp3 --> ftp.interfree.it / Capril.mp3
111.01.09 23:48 B D:\mioweb5\Come_passa_il_tempo.mp3 --> ftp.interfree.it / Come_passa_il_tempo.mp3
111.01.09 23:48 B D:\mioweb5\francia_spagna_2004_2005.htm --> ftp.interfree.it / francia_spagna_2004_2005.htm
111.01.09 23:49 B D:\mioweb5\Il_clan_dei_siciliani.mp3 --> ftp.interfree.it / Il_clan_dei_siciliani.mp3
111.01.09 23:49 B D:\mioweb5\index.htm --> ftp.interfree.it / index.htm
111.01.09 23:50 B D:\mioweb5\la_vita_e_bella.mp3 --> ftp.interfree.it / la_vita_e_bella.mp3
111.01.09 23:50 B D:\mioweb5\lavori_in_corso.htm --> ftp.interfree.it / lavori_in_corso.htm
111.01.09 23:50 B D:\mioweb5\Lili_Marlene.mp3 --> ftp.interfree.it / Lili_Marlene.mp3
111.01.09 23:50 B D:\mioweb5\nuova_pagina_1.htm --> ftp.interfree.it / nuova_pagina_1.htm
111.01.09 23:51 B D:\mioweb5\pinocchio.mp3 --> ftp.interfree.it / pinocchio.mp3
111.01.09 23:51 B D:\mioweb5\regno unito.htm --> ftp.interfree.it / regno unito.htm
111.01.09 23:51 B D:\mioweb5\sardegna.htm --> ftp.interfree.it / sardegna.htm
111.01.09 23:51 B D:\mioweb5\Thumbs.db --> ftp.interfree.it / Thumbs.db
111.01.09 23:52 B D:\mioweb5\TV_Theme_-_Ennio_Morricone_-_Bud_Spencer__Terence_Hill_-_Lo_Chiamavano_Trinita.mp3 --> ftp.interfree.it / TV_Theme_-_Ennio_Morricone_-_Bud_Spencer__Terence_Hill_-_Lo_Chiamavano_Trinita.mp3
111.01.09 23:52 B D:\mioweb5\viaggi.htm --> ftp.interfree.it / viaggi.htm
111.01.09 23:52 B D:\mioweb5\WS_FTP.LOG --> ftp.interfree.it / WS_FTP.LOG
111.01.16 13:49 B D:\mioweb5\2011.htm --> ftp.interfree.it / 2011.htm
111.01.16 16:40 B D:\mioweb5\2011.htm --> ftp.interfree.it / 2011.htm
111.01.16 17:46 B D:\mioweb5\2008.htm --> ftp.interfree.it / 2008.htm
111.01.16 22:05 B D:\mioweb5\2011.htm --> ftp.interfree.it / 2011.htm
111.01.16 22:11 B D:\mioweb5\2011.htm --> ftp.interfree.it / 2011.htm
111.01.16 22:41 B D:\mioweb5\2011.htm --> ftp.interfree.it / 2011.htm
111.01.16 22:49 B D:\mioweb5\cagliari.htm --> ftp.interfree.it / cagliari.htm
111.01.21 23:30 B D:\mioweb5\2010.htm --> ftp.interfree.it / 2010.htm
111.01.22 09:21 B D:\mioweb5\2010.htm --> ftp.interfree.it / 2010.htm
111.02.03 22:17 B D:\mioweb5\2011.htm --> ftp.interfree.it / 2011.htm
111.02.06 19:29 B D:\mioweb5\900.htm --> ftp.interfree.it / 900.htm
111.02.19 19:10 B D:\mioweb5\2008.htm --> ftp.interfree.it / 2008.htm
111.02.26 16:47 B D:\mioweb5\2011.htm --> ftp.interfree.it / 2011.htm
111.02.26 16:47 B D:\mioweb5\cagliari.htm --> ftp.interfree.it / cagliari.htm
111.02.26 16:50 B D:\mioweb5\2011.htm --> ftp.interfree.it / 2011.htm
111.02.26 16:51 B D:\mioweb5\cagliari.htm --> ftp.interfree.it / cagliari.htm
111.03.13 19:44 B D:\mioweb5\altre_foto.htm --> ftp.interfree.it / altre_foto.htm
111.03.13 19:44 B D:\mioweb5\sardegna.htm --> ftp.interfree.it / sardegna.htm
111.03.13 19:45 B D:\mioweb5\viaggi.htm --> ftp.interfree.it / viaggi.htm
111.03.13 21:49 B D:\mioweb5\2011.htm --> ftp.interfree.it / 2011.htm
111.03.13 21:49 B D:\mioweb5\cagliari.htm --> ftp.interfree.it / cagliari.htm
111.03.13 21:59 B D:\mioweb5\2011.htm --> ftp.interfree.it / 2011.htm
111.03.13 21:59 B D:\mioweb5\cagliari.htm --> ftp.interfree.it / cagliari.htm
111.03.13 22:03 B D:\mioweb5\2011.htm --> ftp.interfree.it / 2011.htm
111.03.13 22:04 B D:\mioweb5\cagliari.htm --> ftp.interfree.it / cagliari.htm
111.03.13 22:13 B D:\mioweb5\2011.htm --> ftp.interfree.it / 2011.htm
111.03.13 22:13 B D:\mioweb5\cagliari.htm --> ftp.interfree.it / cagliari.htm
111.03.20 23:07 B D:\mioweb5\2011.htm --> ftp.interfree.it / 2011.htm
111.04.03 23:04 B D:\mioweb5\2011.htm --> ftp.interfree.it / 2011.htm
111.04.25 17:26 B D:\mioweb5\2011.htm --> ftp.interfree.it / 2011.htm
111.04.25 17:26 B D:\mioweb5\sardegna.htm --> ftp.interfree.it / sardegna.htm
111.04.25 17:28 B D:\mioweb5\2011.htm --> ftp.interfree.it / 2011.htm
111.04.25 17:29 B D:\mioweb5\sardegna.htm --> ftp.interfree.it / sardegna.htm
111.04.25 17:53 B D:\mioweb5\2011.htm --> ftp.interfree.it / 2011.htm
111.04.25 17:53 B D:\mioweb5\sardegna.htm --> ftp.interfree.it / sardegna.htm
111.04.25 18:11 B D:\mioweb5\sardegna.htm --> ftp.interfree.it / sardegna.htm
111.04.25 18:11 B D:\mioweb5\2011.htm --> ftp.interfree.it / 2011.htm
111.05.01 20:09 B D:\mioweb5\sardegna.htm --> ftp.interfree.it / sardegna.htm
111.05.15 22:07 B D:\mioweb5\2011.htm --> ftp.interfree.it / 2011.htm
111.07.07 22:40 B D:\mioweb5\2011.htm --> ftp.interfree.it / 2011.htm
111.07.25 19:12 B D:\mioweb5\2011.htm --> ftp.interfree.it / 2011.htm
111.08.03 19:45 B D:\mioweb5\2011.htm --> ftp.interfree.it / 2011.htm
111.11.01 19:10 B D:\mioweb5\2011.htm --> ftp.interfree.it / 2011.htm
111.11.01 19:51 B D:\mioweb5\Come_passa_il_tempo.mp3 --> ftp.interfree.it / Come_passa_il_tempo.mp3
111.11.06 12:00 B D:\mioweb5\2011.htm --> ftp.interfree.it / 2011.htm
111.12.27 13:40 B D:\mioweb5\2011.htm --> ftp.interfree.it / 2011.htm
112.01.13 23:23 B D:\mioweb5\francia_2012.htm --> ftp.interfree.it / francia_2012.htm
112.01.13 23:33 B D:\mioweb5\francia_2012.htm --> ftp.interfree.it / francia_2012.htm
112.01.13 23:39 B D:\mioweb5\viaggi.htm --> ftp.interfree.it / viaggi.htm
112.01.13 23:40 B D:\mioweb5\francia_2012.htm --> ftp.interfree.it /images francia_2012.htm
112.01.14 00:27 B D:\mioweb5\0308101.gif --> ftp.interfree.it / 0308101.gif
112.01.14 00:27 B D:\mioweb5\2008.htm --> ftp.interfree.it / 2008.htm
112.01.14 00:27 B D:\mioweb5\2009.htm --> ftp.interfree.it / 2009.htm
112.01.14 00:27 B D:\mioweb5\2010.htm --> ftp.interfree.it / 2010.htm
112.01.14 00:28 B D:\mioweb5\2010.mp3 --> ftp.interfree.it / 2010.mp3
112.01.14 00:28 B D:\mioweb5\2011.htm --> ftp.interfree.it / 2011.htm
112.01.14 00:28 B D:\mioweb5\2011.mp3 --> ftp.interfree.it / 2011.mp3
112.01.14 00:28 B D:\mioweb5\900.htm --> ftp.interfree.it / 900.htm
112.01.14 00:28 B D:\mioweb5\altre_foto.htm --> ftp.interfree.it / altre_foto.htm
112.01.14 00:28 B D:\mioweb5\altri_tempi.htm --> ftp.interfree.it / altri_tempi.htm
112.01.14 00:28 B D:\mioweb5\Beach_On_The_Beach.mp3 --> ftp.interfree.it / Beach_On_The_Beach.mp3
112.01.14 00:28 B D:\mioweb5\cagliari.htm --> ftp.interfree.it / cagliari.htm
112.01.14 00:28 B D:\mioweb5\Capril.mp3 --> ftp.interfree.it / Capril.mp3
112.01.14 00:29 B D:\mioweb5\Come_passa_il_tempo.mp3 --> ftp.interfree.it / Come_passa_il_tempo.mp3
112.01.14 00:29 B D:\mioweb5\francia_2012.htm --> ftp.interfree.it / francia_2012.htm
112.01.14 00:29 B D:\mioweb5\francia_spagna_2004_2005.htm --> ftp.interfree.it / francia_spagna_2004_2005.htm
112.01.14 00:29 B D:\mioweb5\Il_clan_dei_siciliani.mp3 --> ftp.interfree.it / Il_clan_dei_siciliani.mp3
112.01.14 00:29 B D:\mioweb5\index.htm --> ftp.interfree.it / index.htm
112.01.14 00:29 B D:\mioweb5\la_vita_e_bella.mp3 --> ftp.interfree.it / la_vita_e_bella.mp3
112.01.14 00:29 B D:\mioweb5\lavori_in_corso.htm --> ftp.interfree.it / lavori_in_corso.htm
112.01.14 00:30 B D:\mioweb5\Lili_Marlene.mp3 --> ftp.interfree.it / Lili_Marlene.mp3
112.01.14 00:30 B D:\mioweb5\nuova_pagina_1.htm --> ftp.interfree.it / nuova_pagina_1.htm
112.01.14 00:30 B D:\mioweb5\nuova_pagina_2.htm --> ftp.interfree.it / nuova_pagina_2.htm
112.01.14 00:30 B D:\mioweb5\pinocchio.mp3 --> ftp.interfree.it / pinocchio.mp3
112.01.14 00:30 B D:\mioweb5\regno unito.htm --> ftp.interfree.it / regno unito.htm
112.01.14 00:30 B D:\mioweb5\sardegna.htm --> ftp.interfree.it / sardegna.htm
112.01.14 00:30 B D:\mioweb5\Thumbs.db --> ftp.interfree.it / Thumbs.db
112.01.14 00:31 B D:\mioweb5\TV_Theme_-_Ennio_Morricone_-_Bud_Spencer__Terence_Hill_-_Lo_Chiamavano_Trinita.mp3 --> ftp.interfree.it / TV_Theme_-_Ennio_Morricone_-_Bud_Spencer__Terence_Hill_-_Lo_Chiamavano_Trinita.mp3
112.01.14 00:31 B D:\mioweb5\viaggi.htm --> ftp.interfree.it / viaggi.htm
112.01.14 00:31 B D:\mioweb5\WS_FTP.LOG --> ftp.interfree.it / WS_FTP.LOG
112.01.14 00:36 B D:\mioweb5\francia_2012.htm --> ftp.interfree.it / francia_2012.htm
112.01.14 00:48 B D:\mioweb5\2012.htm --> ftp.interfree.it / 2012.htm
112.01.14 00:53 B D:\mioweb5\index.htm --> ftp.interfree.it / index.htm
112.01.14 00:53 B D:\mioweb5\la_vita_e_bella.mp3 --> ftp.interfree.it / la_vita_e_bella.mp3
112.01.14 00:54 B D:\mioweb5\viaggi.htm --> ftp.interfree.it / viaggi.htm
112.01.14 01:03 B D:\mioweb5\2012.htm --> ftp.interfree.it / 2012.htm
112.01.14 01:03 B D:\mioweb5\index.htm --> ftp.interfree.it / index.htm
112.01.14 01:03 B D:\mioweb5\francia_2012.htm --> ftp.interfree.it / francia_2012.htm
112.01.14 01:03 B D:\mioweb5\la_vita_e_bella.mp3 --> ftp.interfree.it / la_vita_e_bella.mp3
112.01.14 01:13 B D:\mioweb5\2012.htm --> ftp.interfree.it / 2012.htm
112.01.14 01:15 B D:\mioweb5\Elisa.mp3 --> ftp.interfree.it / Elisa.mp3
112.01.14 01:15 B D:\mioweb5\index.htm --> ftp.interfree.it / index.htm
112.01.14 01:21 B D:\mioweb5\2012.htm --> ftp.interfree.it / 2012.htm
112.01.14 01:23 B D:\mioweb5\Elisa.mp3 --> ftp.interfree.it / Elisa.mp3
112.01.14 01:23 B D:\mioweb5\index.htm --> ftp.interfree.it / index.htm
112.01.14 02:11 B D:\mioweb5\0308101.gif --> ftp.interfree.it / 0308101.gif
112.01.14 02:11 B D:\mioweb5\2008.htm --> ftp.interfree.it / 2008.htm
112.01.14 02:11 B D:\mioweb5\2009.htm --> ftp.interfree.it / 2009.htm
112.01.14 02:11 B D:\mioweb5\2010.htm --> ftp.interfree.it / 2010.htm
112.01.14 02:12 B D:\mioweb5\2010.mp3 --> ftp.interfree.it / 2010.mp3
112.01.14 02:12 B D:\mioweb5\2011.htm --> ftp.interfree.it / 2011.htm
112.01.14 02:12 B D:\mioweb5\2011.mp3 --> ftp.interfree.it / 2011.mp3
112.01.14 02:12 B D:\mioweb5\2012.htm --> ftp.interfree.it / 2012.htm
112.01.14 02:12 B D:\mioweb5\900.htm --> ftp.interfree.it / 900.htm
112.01.14 02:12 B D:\mioweb5\altre_foto.htm --> ftp.interfree.it / altre_foto.htm
112.01.14 02:12 B D:\mioweb5\altri_tempi.htm --> ftp.interfree.it / altri_tempi.htm
112.01.14 02:12 B D:\mioweb5\Beach_On_The_Beach.mp3 --> ftp.interfree.it / Beach_On_The_Beach.mp3
112.01.14 02:12 B D:\mioweb5\cagliari.htm --> ftp.interfree.it / cagliari.htm
112.01.14 02:12 B D:\mioweb5\Capril.mp3 --> ftp.interfree.it / Capril.mp3
112.01.14 02:13 B D:\mioweb5\Come_passa_il_tempo.mp3 --> ftp.interfree.it / Come_passa_il_tempo.mp3
112.01.14 02:14 B D:\mioweb5\Elisa.mp3 --> ftp.interfree.it / Elisa.mp3
112.01.14 02:14 B D:\mioweb5\francia_2012.htm --> ftp.interfree.it / francia_2012.htm
112.01.14 02:14 B D:\mioweb5\francia_spagna_2004_2005.htm --> ftp.interfree.it / francia_spagna_2004_2005.htm
112.01.14 02:15 B D:\mioweb5\Il_clan_dei_siciliani.mp3 --> ftp.interfree.it / Il_clan_dei_siciliani.mp3
112.01.14 02:15 B D:\mioweb5\index.htm --> ftp.interfree.it / index.htm
112.01.14 02:15 B D:\mioweb5\la_vita_e_bella.mp3 --> ftp.interfree.it / la_vita_e_bella.mp3
112.01.14 02:15 B D:\mioweb5\lavori_in_corso.htm --> ftp.interfree.it / lavori_in_corso.htm
112.01.14 02:15 B D:\mioweb5\Lili_Marlene.mp3 --> ftp.interfree.it / Lili_Marlene.mp3
112.01.14 02:15 B D:\mioweb5\nuova_pagina_1.htm --> ftp.interfree.it / nuova_pagina_1.htm
112.01.14 02:15 B D:\mioweb5\nuova_pagina_2.htm --> ftp.interfree.it / nuova_pagina_2.htm
112.01.14 02:16 B D:\mioweb5\pinocchio.mp3 --> ftp.interfree.it / pinocchio.mp3
112.01.14 02:16 B D:\mioweb5\regno unito.htm --> ftp.interfree.it / regno unito.htm
112.01.14 02:16 B D:\mioweb5\sardegna.htm --> ftp.interfree.it / sardegna.htm
112.01.14 02:16 B D:\mioweb5\Thumbs.db --> ftp.interfree.it / Thumbs.db
112.01.14 02:16 B D:\mioweb5\TV_Theme_-_Ennio_Morricone_-_Bud_Spencer__Terence_Hill_-_Lo_Chiamavano_Trinita.mp3 --> ftp.interfree.it / TV_Theme_-_Ennio_Morricone_-_Bud_Spencer__Terence_Hill_-_Lo_Chiamavano_Trinita.mp3
112.01.14 02:16 B D:\mioweb5\viaggi.htm --> ftp.interfree.it / viaggi.htm
112.01.14 02:16 B D:\mioweb5\WS_FTP.LOG --> ftp.interfree.it / WS_FTP.LOG
112.01.14 11:42 B D:\mioweb5\2012.htm --> ftp.interfree.it / 2012.htm
112.01.15 19:04 B D:\mioweb5\2012.htm --> ftp.interfree.it / 2012.htm
112.01.26 14:04 B D:\mioweb5\francia_2012.htm --> ftp.interfree.it / francia_2012.htm
112.02.05 19:11 B D:\mioweb5\2012.htm --> ftp.interfree.it / 2012.htm
112.06.02 20:18 B D:\mioweb5\2012.htm --> ftp.interfree.it / 2012.htm
114.04.26 12:32 B D:\mioweb5\0308101.gif --> ftp.patatebollite.altervista.org / 0308101.gif
114.04.26 12:32 B D:\mioweb5\2008.htm --> ftp.patatebollite.altervista.org / 2008.htm
114.04.26 12:32 B D:\mioweb5\2009.htm --> ftp.patatebollite.altervista.org / 2009.htm
114.04.26 12:32 B D:\mioweb5\2010.htm --> ftp.patatebollite.altervista.org / 2010.htm
114.04.26 12:33 B D:\mioweb5\2010.mp3 --> ftp.patatebollite.altervista.org / 2010.mp3
114.04.26 12:33 B D:\mioweb5\2011.htm --> ftp.patatebollite.altervista.org / 2011.htm
114.04.26 12:33 B D:\mioweb5\2011.mp3 --> ftp.patatebollite.altervista.org / 2011.mp3
114.04.26 12:33 B D:\mioweb5\2012.htm --> ftp.patatebollite.altervista.org / 2012.htm
114.04.26 12:33 B D:\mioweb5\900.htm --> ftp.patatebollite.altervista.org / 900.htm
114.04.26 12:33 B D:\mioweb5\altre_foto.htm --> ftp.patatebollite.altervista.org / altre_foto.htm
114.04.26 12:33 B D:\mioweb5\altri_tempi.htm --> ftp.patatebollite.altervista.org / altri_tempi.htm
114.04.26 12:33 B D:\mioweb5\Beach_On_The_Beach.mp3 --> ftp.patatebollite.altervista.org / Beach_On_The_Beach.mp3
114.04.26 12:33 B D:\mioweb5\cagliari.htm --> ftp.patatebollite.altervista.org / cagliari.htm
114.04.26 12:33 B D:\mioweb5\Capril.mp3 --> ftp.patatebollite.altervista.org / Capril.mp3
114.04.26 12:34 B D:\mioweb5\Come_passa_il_tempo.mp3 --> ftp.patatebollite.altervista.org / Come_passa_il_tempo.mp3
114.04.26 12:35 B D:\mioweb5\Elisa.mp3 --> ftp.patatebollite.altervista.org / Elisa.mp3
114.04.26 12:35 B D:\mioweb5\francia_2012.htm --> ftp.patatebollite.altervista.org / francia_2012.htm
114.04.26 12:35 B D:\mioweb5\francia_spagna_2004_2005.htm --> ftp.patatebollite.altervista.org / francia_spagna_2004_2005.htm
114.04.26 12:36 B D:\mioweb5\Il_clan_dei_siciliani.mp3 --> ftp.patatebollite.altervista.org / Il_clan_dei_siciliani.mp3
114.04.26 12:36 B D:\mioweb5\index.htm --> ftp.patatebollite.altervista.org / index.htm
114.04.26 12:36 B D:\mioweb5\la_vita_e_bella.mp3 --> ftp.patatebollite.altervista.org / la_vita_e_bella.mp3
114.04.26 12:36 B D:\mioweb5\lavori_in_corso.htm --> ftp.patatebollite.altervista.org / lavori_in_corso.htm
114.04.26 12:36 B D:\mioweb5\Lili_Marlene.mp3 --> ftp.patatebollite.altervista.org / Lili_Marlene.mp3
114.04.26 12:36 B D:\mioweb5\nuova_pagina_1.htm --> ftp.patatebollite.altervista.org / nuova_pagina_1.htm
114.04.26 12:36 B D:\mioweb5\nuova_pagina_2.htm --> ftp.patatebollite.altervista.org / nuova_pagina_2.htm
114.04.26 12:36 B D:\mioweb5\pinocchio.mp3 --> ftp.patatebollite.altervista.org / pinocchio.mp3
114.04.26 12:36 B D:\mioweb5\regno unito.htm --> ftp.patatebollite.altervista.org / regno unito.htm
114.04.26 12:37 B D:\mioweb5\sardegna.htm --> ftp.patatebollite.altervista.org / sardegna.htm
114.04.26 12:37 B D:\mioweb5\Thumbs.db --> ftp.patatebollite.altervista.org / Thumbs.db
114.04.26 12:37 B D:\mioweb5\TV_Theme_-_Ennio_Morricone_-_Bud_Spencer__Terence_Hill_-_Lo_Chiamavano_Trinita.mp3 --> ftp.patatebollite.altervista.org / TV_Theme_-_Ennio_Morricone_-_Bud_Spencer__Terence_Hill_-_Lo_Chiamavano_Trinita.mp3
114.04.26 12:37 B D:\mioweb5\viaggi.htm --> ftp.patatebollite.altervista.org / viaggi.htm
114.04.26 12:37 B D:\mioweb5\WS_FTP.LOG --> ftp.patatebollite.altervista.org / WS_FTP.LOG
114.04.26 14:08 B D:\mioweb5\0308101.gif --> ftp.patatebollite.altervista.org / 0308101.gif
114.04.26 14:08 B D:\mioweb5\2008.htm --> ftp.patatebollite.altervista.org / 2008.htm
114.04.26 14:08 B D:\mioweb5\2009.htm --> ftp.patatebollite.altervista.org / 2009.htm
114.04.26 14:08 B D:\mioweb5\2010.htm --> ftp.patatebollite.altervista.org / 2010.htm
114.04.26 14:09 B D:\mioweb5\2010.mp3 --> ftp.patatebollite.altervista.org / 2010.mp3
114.04.26 14:09 B D:\mioweb5\2011.htm --> ftp.patatebollite.altervista.org / 2011.htm
114.04.26 14:09 B D:\mioweb5\2011.mp3 --> ftp.patatebollite.altervista.org / 2011.mp3
114.04.26 14:09 B D:\mioweb5\2012.htm --> ftp.patatebollite.altervista.org / 2012.htm
114.04.26 14:09 B D:\mioweb5\900.htm --> ftp.patatebollite.altervista.org / 900.htm
114.04.26 14:09 B D:\mioweb5\altre_foto.htm --> ftp.patatebollite.altervista.org / altre_foto.htm
114.04.26 14:09 B D:\mioweb5\altri_tempi.htm --> ftp.patatebollite.altervista.org / altri_tempi.htm
114.04.26 14:09 B D:\mioweb5\Beach_On_The_Beach.mp3 --> ftp.patatebollite.altervista.org / Beach_On_The_Beach.mp3
114.04.26 14:09 B D:\mioweb5\cagliari.htm --> ftp.patatebollite.altervista.org / cagliari.htm
114.04.26 14:09 B D:\mioweb5\Capril.mp3 --> ftp.patatebollite.altervista.org / Capril.mp3
114.04.26 14:10 B D:\mioweb5\Come_passa_il_tempo.mp3 --> ftp.patatebollite.altervista.org / Come_passa_il_tempo.mp3
114.04.26 14:11 B D:\mioweb5\Elisa.mp3 --> ftp.patatebollite.altervista.org / Elisa.mp3
114.04.26 14:11 B D:\mioweb5\francia_2012.htm --> ftp.patatebollite.altervista.org / francia_2012.htm
114.04.26 14:11 B D:\mioweb5\francia_spagna_2004_2005.htm --> ftp.patatebollite.altervista.org / francia_spagna_2004_2005.htm
114.04.26 14:12 B D:\mioweb5\Il_clan_dei_siciliani.mp3 --> ftp.patatebollite.altervista.org / Il_clan_dei_siciliani.mp3
114.04.26 14:12 B D:\mioweb5\index.htm --> ftp.patatebollite.altervista.org / index.htm
114.04.26 14:12 B D:\mioweb5\la_vita_e_bella.mp3 --> ftp.patatebollite.altervista.org / la_vita_e_bella.mp3
114.04.26 14:12 B D:\mioweb5\lavori_in_corso.htm --> ftp.patatebollite.altervista.org / lavori_in_corso.htm
114.04.26 14:12 B D:\mioweb5\Lili_Marlene.mp3 --> ftp.patatebollite.altervista.org / Lili_Marlene.mp3
114.04.26 14:12 B D:\mioweb5\nuova_pagina_1.htm --> ftp.patatebollite.altervista.org / nuova_pagina_1.htm
114.04.26 14:12 B D:\mioweb5\nuova_pagina_2.htm --> ftp.patatebollite.altervista.org / nuova_pagina_2.htm
114.04.26 14:12 B D:\mioweb5\pinocchio.mp3 --> ftp.patatebollite.altervista.org / pinocchio.mp3
114.04.26 14:13 B D:\mioweb5\regno unito.htm --> ftp.patatebollite.altervista.org / regno unito.htm
114.04.26 14:13 B D:\mioweb5\sardegna.htm --> ftp.patatebollite.altervista.org / sardegna.htm
114.04.26 14:13 B D:\mioweb5\Thumbs.db --> ftp.patatebollite.altervista.org / Thumbs.db
114.04.26 14:13 B D:\mioweb5\TV_Theme_-_Ennio_Morricone_-_Bud_Spencer__Terence_Hill_-_Lo_Chiamavano_Trinita.mp3 --> ftp.patatebollite.altervista.org / TV_Theme_-_Ennio_Morricone_-_Bud_Spencer__Terence_Hill_-_Lo_Chiamavano_Trinita.mp3
114.04.26 14:13 B D:\mioweb5\viaggi.htm --> ftp.patatebollite.altervista.org / viaggi.htm
114.04.26 14:13 B D:\mioweb5\WS_FTP.LOG --> ftp.patatebollite.altervista.org / WS_FTP.LOG
114.05.20 20:44 B D:\mioweb5\0308101.gif --> ftp.jokermonello.altervista.org / 0308101.gif
114.05.20 20:44 B D:\mioweb5\2008.htm --> ftp.jokermonello.altervista.org / 2008.htm
114.05.20 20:44 B D:\mioweb5\2009.htm --> ftp.jokermonello.altervista.org / 2009.htm
114.05.20 20:44 B D:\mioweb5\2010.htm --> ftp.jokermonello.altervista.org / 2010.htm
114.05.20 20:44 B D:\mioweb5\2010.mp3 --> ftp.jokermonello.altervista.org / 2010.mp3
114.05.20 20:44 B D:\mioweb5\2011.htm --> ftp.jokermonello.altervista.org / 2011.htm
114.05.20 20:44 B D:\mioweb5\2011.mp3 --> ftp.jokermonello.altervista.org / 2011.mp3
114.05.20 20:44 B D:\mioweb5\2012.htm --> ftp.jokermonello.altervista.org / 2012.htm
114.05.20 20:44 B D:\mioweb5\900.htm --> ftp.jokermonello.altervista.org / 900.htm
114.05.20 20:45 B D:\mioweb5\altre_foto.htm --> ftp.jokermonello.altervista.org / altre_foto.htm
114.05.20 20:45 B D:\mioweb5\altri_tempi.htm --> ftp.jokermonello.altervista.org / altri_tempi.htm
114.05.20 20:45 B D:\mioweb5\Beach_On_The_Beach.mp3 --> ftp.jokermonello.altervista.org / Beach_On_The_Beach.mp3
114.05.20 20:45 B D:\mioweb5\cagliari.htm --> ftp.jokermonello.altervista.org / cagliari.htm
114.05.20 20:45 B D:\mioweb5\Capril.mp3 --> ftp.jokermonello.altervista.org / Capril.mp3
114.05.20 20:46 B D:\mioweb5\Come_passa_il_tempo.mp3 --> ftp.jokermonello.altervista.org / Come_passa_il_tempo.mp3
114.05.20 20:47 B D:\mioweb5\Elisa.mp3 --> ftp.jokermonello.altervista.org / Elisa.mp3
114.05.20 20:47 B D:\mioweb5\francia_2012.htm --> ftp.jokermonello.altervista.org / francia_2012.htm
114.05.20 20:47 B D:\mioweb5\francia_spagna_2004_2005.htm --> ftp.jokermonello.altervista.org / francia_spagna_2004_2005.htm
114.05.20 20:47 B D:\mioweb5\Il_clan_dei_siciliani.mp3 --> ftp.jokermonello.altervista.org / Il_clan_dei_siciliani.mp3
114.05.20 20:48 B D:\mioweb5\index.htm --> ftp.jokermonello.altervista.org / index.htm
114.05.20 20:48 B D:\mioweb5\la_vita_e_bella.mp3 --> ftp.jokermonello.altervista.org / la_vita_e_bella.mp3
114.05.20 20:48 B D:\mioweb5\lavori_in_corso.htm --> ftp.jokermonello.altervista.org / lavori_in_corso.htm
114.05.20 20:48 B D:\mioweb5\Lili_Marlene.mp3 --> ftp.jokermonello.altervista.org / Lili_Marlene.mp3
114.05.20 20:48 B D:\mioweb5\nuova_pagina_1.htm --> ftp.jokermonello.altervista.org / nuova_pagina_1.htm
114.05.20 20:48 B D:\mioweb5\nuova_pagina_2.htm --> ftp.jokermonello.altervista.org / nuova_pagina_2.htm
114.05.20 20:48 B D:\mioweb5\pinocchio.mp3 --> ftp.jokermonello.altervista.org / pinocchio.mp3
114.05.20 20:48 B D:\mioweb5\regno unito.htm --> ftp.jokermonello.altervista.org / regno unito.htm
114.05.20 20:48 B D:\mioweb5\sardegna.htm --> ftp.jokermonello.altervista.org / sardegna.htm
114.05.20 20:48 B D:\mioweb5\Thumbs.db --> ftp.jokermonello.altervista.org / Thumbs.db
114.05.20 20:49 B D:\mioweb5\TV_Theme_-_Ennio_Morricone_-_Bud_Spencer__Terence_Hill_-_Lo_Chiamavano_Trinita.mp3 --> ftp.jokermonello.altervista.org / TV_Theme_-_Ennio_Morricone_-_Bud_Spencer__Terence_Hill_-_Lo_Chiamavano_Trinita.mp3
114.05.20 20:49 B D:\mioweb5\viaggi.htm --> ftp.jokermonello.altervista.org / viaggi.htm
114.05.20 20:49 B D:\mioweb5\WS_FTP.LOG --> ftp.jokermonello.altervista.org / WS_FTP.LOG
