105.03.14 15:16 B C:\Documents and Settings\-\Documenti\Web\mioweb5\_vti_pvt\_vti_cnf\_x_todo.htm --> ftp.muscas.it /_vti_pvt/_vti_cnf _x_todo.htm
105.03.14 15:16 B C:\Documents and Settings\-\Documenti\Web\mioweb5\_vti_pvt\_vti_cnf\_x_todoh.htm --> ftp.muscas.it /_vti_pvt/_vti_cnf _x_todoh.htm
105.03.15 21:49 B C:\Documents and Settings\-\Documenti\Web\mioweb5\_vti_pvt\_vti_cnf\_x_todo.htm --> ftp.muscas.it /_vti_pvt/_vti_cnf _x_todo.htm
105.03.15 21:49 B C:\Documents and Settings\-\Documenti\Web\mioweb5\_vti_pvt\_vti_cnf\_x_todoh.htm --> ftp.muscas.it /_vti_pvt/_vti_cnf _x_todoh.htm
105.03.15 21:49 B C:\Documents and Settings\-\Documenti\Web\mioweb5\_vti_pvt\_vti_cnf\WS_FTP.LOG --> ftp.muscas.it /_vti_pvt/_vti_cnf WS_FTP.LOG
105.03.15 22:00 B C:\Documents and Settings\-\Documenti\Web\mioweb5\_vti_pvt\_vti_cnf\_x_todo.htm --> ftp.muscas.it /_vti_pvt/_vti_cnf _x_todo.htm
105.03.15 22:00 B C:\Documents and Settings\-\Documenti\Web\mioweb5\_vti_pvt\_vti_cnf\_x_todoh.htm --> ftp.muscas.it /_vti_pvt/_vti_cnf _x_todoh.htm
105.03.15 22:00 B C:\Documents and Settings\-\Documenti\Web\mioweb5\_vti_pvt\_vti_cnf\WS_FTP.LOG --> ftp.muscas.it /_vti_pvt/_vti_cnf WS_FTP.LOG
105.03.15 22:43 B C:\Documents and Settings\-\Documenti\Web\mioweb5\_vti_pvt\_vti_cnf\_x_todo.htm --> ftp.muscas.it /_vti_pvt/_vti_cnf _x_todo.htm
105.03.15 22:43 B C:\Documents and Settings\-\Documenti\Web\mioweb5\_vti_pvt\_vti_cnf\_x_todoh.htm --> ftp.muscas.it /_vti_pvt/_vti_cnf _x_todoh.htm
105.03.15 22:43 B C:\Documents and Settings\-\Documenti\Web\mioweb5\_vti_pvt\_vti_cnf\WS_FTP.LOG --> ftp.muscas.it /_vti_pvt/_vti_cnf WS_FTP.LOG
107.09.05 18:45 B C:\Documents and Settings\-\Documenti\Web\mioweb5\_vti_pvt\_vti_cnf\_x_todo.htm --> ftp.interfree.it /_vti_pvt/_vti_cnf _x_todo.htm
107.09.05 18:45 B C:\Documents and Settings\-\Documenti\Web\mioweb5\_vti_pvt\_vti_cnf\_x_todoh.htm --> ftp.interfree.it /_vti_pvt/_vti_cnf _x_todoh.htm
107.09.05 18:45 B C:\Documents and Settings\-\Documenti\Web\mioweb5\_vti_pvt\_vti_cnf\WS_FTP.LOG --> ftp.interfree.it /_vti_pvt/_vti_cnf WS_FTP.LOG
107.09.12 02:04 B C:\Documents and Settings\-\Documenti\Web\mioweb5\_vti_pvt\_vti_cnf\_x_todo.htm --> ftp.interfree.it /_vti_pvt/_vti_cnf _x_todo.htm
107.09.12 02:04 B C:\Documents and Settings\-\Documenti\Web\mioweb5\_vti_pvt\_vti_cnf\_x_todoh.htm --> ftp.interfree.it /_vti_pvt/_vti_cnf _x_todoh.htm
107.09.12 02:04 B C:\Documents and Settings\-\Documenti\Web\mioweb5\_vti_pvt\_vti_cnf\WS_FTP.LOG --> ftp.interfree.it /_vti_pvt/_vti_cnf WS_FTP.LOG
107.09.16 19:52 B C:\Documents and Settings\-\Documenti\Web\mioweb5\_vti_pvt\_vti_cnf\_x_todo.htm --> ftp.interfree.it /_vti_pvt/_vti_cnf _x_todo.htm
107.09.16 19:52 B C:\Documents and Settings\-\Documenti\Web\mioweb5\_vti_pvt\_vti_cnf\_x_todoh.htm --> ftp.interfree.it /_vti_pvt/_vti_cnf _x_todoh.htm
107.09.16 19:52 B C:\Documents and Settings\-\Documenti\Web\mioweb5\_vti_pvt\_vti_cnf\WS_FTP.LOG --> ftp.interfree.it /_vti_pvt/_vti_cnf WS_FTP.LOG
108.02.03 16:10 B C:\Documents and Settings\-\Documenti\Web\mioweb5\_vti_pvt\_vti_cnf\_x_todo.htm --> ftp.interfree.it /_vti_pvt/_vti_cnf _x_todo.htm
108.02.03 16:10 B C:\Documents and Settings\-\Documenti\Web\mioweb5\_vti_pvt\_vti_cnf\_x_todoh.htm --> ftp.interfree.it /_vti_pvt/_vti_cnf _x_todoh.htm
108.02.03 16:10 B C:\Documents and Settings\-\Documenti\Web\mioweb5\_vti_pvt\_vti_cnf\WS_FTP.LOG --> ftp.interfree.it /_vti_pvt/_vti_cnf WS_FTP.LOG
108.02.03 19:46 B C:\Documents and Settings\-\Documenti\Web\mioweb5\_vti_pvt\_vti_cnf\_x_todo.htm --> ftp.interfree.it /_vti_pvt/_vti_cnf _x_todo.htm
108.02.03 19:46 B C:\Documents and Settings\-\Documenti\Web\mioweb5\_vti_pvt\_vti_cnf\_x_todoh.htm --> ftp.interfree.it /_vti_pvt/_vti_cnf _x_todoh.htm
108.02.03 19:46 B C:\Documents and Settings\-\Documenti\Web\mioweb5\_vti_pvt\_vti_cnf\WS_FTP.LOG --> ftp.interfree.it /_vti_pvt/_vti_cnf WS_FTP.LOG
108.02.04 12:43 B C:\Documents and Settings\-\Documenti\Web\mioweb5\_vti_pvt\_vti_cnf\_x_todo.htm --> ftp.interfree.it /_vti_pvt/_vti_cnf _x_todo.htm
108.02.04 12:43 B C:\Documents and Settings\-\Documenti\Web\mioweb5\_vti_pvt\_vti_cnf\_x_todoh.htm --> ftp.interfree.it /_vti_pvt/_vti_cnf _x_todoh.htm
108.02.04 12:43 B C:\Documents and Settings\-\Documenti\Web\mioweb5\_vti_pvt\_vti_cnf\WS_FTP.LOG --> ftp.interfree.it /_vti_pvt/_vti_cnf WS_FTP.LOG
108.02.04 12:58 B C:\Documents and Settings\-\Documenti\Web\mioweb5\_vti_pvt\_vti_cnf\_x_todo.htm --> ftp.interfree.it /_vti_pvt/_vti_cnf _x_todo.htm
108.02.04 12:58 B C:\Documents and Settings\-\Documenti\Web\mioweb5\_vti_pvt\_vti_cnf\_x_todoh.htm --> ftp.interfree.it /_vti_pvt/_vti_cnf _x_todoh.htm
108.02.04 12:58 B C:\Documents and Settings\-\Documenti\Web\mioweb5\_vti_pvt\_vti_cnf\WS_FTP.LOG --> ftp.interfree.it /_vti_pvt/_vti_cnf WS_FTP.LOG
108.02.04 13:51 B C:\Documents and Settings\-\Documenti\Web\mioweb5\_vti_pvt\_vti_cnf\_x_todo.htm --> ftp.interfree.it /_vti_pvt/_vti_cnf _x_todo.htm
108.02.04 13:51 B C:\Documents and Settings\-\Documenti\Web\mioweb5\_vti_pvt\_vti_cnf\_x_todoh.htm --> ftp.interfree.it /_vti_pvt/_vti_cnf _x_todoh.htm
108.02.04 13:51 B C:\Documents and Settings\-\Documenti\Web\mioweb5\_vti_pvt\_vti_cnf\WS_FTP.LOG --> ftp.interfree.it /_vti_pvt/_vti_cnf WS_FTP.LOG
108.02.04 15:38 B C:\Documents and Settings\-\Documenti\Web\mioweb5\_vti_pvt\_vti_cnf\_x_todo.htm --> ftp.interfree.it /_vti_pvt/_vti_cnf _x_todo.htm
108.02.04 15:38 B C:\Documents and Settings\-\Documenti\Web\mioweb5\_vti_pvt\_vti_cnf\_x_todoh.htm --> ftp.interfree.it /_vti_pvt/_vti_cnf _x_todoh.htm
108.02.04 15:38 B C:\Documents and Settings\-\Documenti\Web\mioweb5\_vti_pvt\_vti_cnf\WS_FTP.LOG --> ftp.interfree.it /_vti_pvt/_vti_cnf WS_FTP.LOG
108.02.04 16:17 B C:\Documents and Settings\-\Documenti\Web\mioweb5\_vti_pvt\_vti_cnf\_x_todo.htm --> ftp.interfree.it /_vti_pvt/_vti_cnf _x_todo.htm
108.02.04 16:17 B C:\Documents and Settings\-\Documenti\Web\mioweb5\_vti_pvt\_vti_cnf\_x_todoh.htm --> ftp.interfree.it /_vti_pvt/_vti_cnf _x_todoh.htm
108.02.04 16:17 B C:\Documents and Settings\-\Documenti\Web\mioweb5\_vti_pvt\_vti_cnf\WS_FTP.LOG --> ftp.interfree.it /_vti_pvt/_vti_cnf WS_FTP.LOG
108.02.04 23:16 B C:\Documents and Settings\-\Documenti\Web\mioweb5\_vti_pvt\_vti_cnf\_x_todo.htm --> ftp.interfree.it /_vti_pvt/_vti_cnf _x_todo.htm
108.02.04 23:16 B C:\Documents and Settings\-\Documenti\Web\mioweb5\_vti_pvt\_vti_cnf\_x_todoh.htm --> ftp.interfree.it /_vti_pvt/_vti_cnf _x_todoh.htm
108.02.04 23:16 B C:\Documents and Settings\-\Documenti\Web\mioweb5\_vti_pvt\_vti_cnf\WS_FTP.LOG --> ftp.interfree.it /_vti_pvt/_vti_cnf WS_FTP.LOG
108.02.07 15:53 B C:\Documents and Settings\-\Documenti\Web\mioweb5\_vti_pvt\_vti_cnf\_x_todo.htm --> ftp.interfree.it /_vti_pvt/_vti_cnf _x_todo.htm
108.02.07 15:53 B C:\Documents and Settings\-\Documenti\Web\mioweb5\_vti_pvt\_vti_cnf\_x_todoh.htm --> ftp.interfree.it /_vti_pvt/_vti_cnf _x_todoh.htm
108.02.07 15:53 B C:\Documents and Settings\-\Documenti\Web\mioweb5\_vti_pvt\_vti_cnf\WS_FTP.LOG --> ftp.interfree.it /_vti_pvt/_vti_cnf WS_FTP.LOG
108.02.07 20:08 B C:\Documents and Settings\-\Documenti\Web\mioweb5\_vti_pvt\_vti_cnf\_x_todo.htm --> ftp.interfree.it /_derived/_vti_cnf/_vti_pvt/_vti_cnf _x_todo.htm
108.02.07 20:08 B C:\Documents and Settings\-\Documenti\Web\mioweb5\_vti_pvt\_vti_cnf\_x_todoh.htm --> ftp.interfree.it /_derived/_vti_cnf/_vti_pvt/_vti_cnf _x_todoh.htm
108.02.07 20:08 B C:\Documents and Settings\-\Documenti\Web\mioweb5\_vti_pvt\_vti_cnf\WS_FTP.LOG --> ftp.interfree.it /_derived/_vti_cnf/_vti_pvt/_vti_cnf WS_FTP.LOG
108.02.19 12:51 B C:\Documents and Settings\-\Documenti\Web\mioweb5\_vti_pvt\_vti_cnf\_x_todo.htm --> ftp.interfree.it /_vti_pvt/_vti_cnf _x_todo.htm
108.02.19 12:51 B C:\Documents and Settings\-\Documenti\Web\mioweb5\_vti_pvt\_vti_cnf\_x_todoh.htm --> ftp.interfree.it /_vti_pvt/_vti_cnf _x_todoh.htm
108.02.19 12:51 B C:\Documents and Settings\-\Documenti\Web\mioweb5\_vti_pvt\_vti_cnf\WS_FTP.LOG --> ftp.interfree.it /_vti_pvt/_vti_cnf WS_FTP.LOG
108.03.02 17:10 B C:\Documents and Settings\-\Documenti\Web\mioweb5\_vti_pvt\_vti_cnf\_x_todo.htm --> ftp.interfree.it /_vti_pvt/_vti_cnf _x_todo.htm
108.03.02 17:10 B C:\Documents and Settings\-\Documenti\Web\mioweb5\_vti_pvt\_vti_cnf\_x_todoh.htm --> ftp.interfree.it /_vti_pvt/_vti_cnf _x_todoh.htm
108.03.02 17:10 B C:\Documents and Settings\-\Documenti\Web\mioweb5\_vti_pvt\_vti_cnf\WS_FTP.LOG --> ftp.interfree.it /_vti_pvt/_vti_cnf WS_FTP.LOG
108.04.19 17:46 B C:\Documents and Settings\-\Documenti\Web\mioweb5\_vti_pvt\_vti_cnf\_x_todo.htm --> ftp.interfree.it /_vti_pvt/_vti_cnf _x_todo.htm
108.04.19 17:46 B C:\Documents and Settings\-\Documenti\Web\mioweb5\_vti_pvt\_vti_cnf\_x_todoh.htm --> ftp.interfree.it /_vti_pvt/_vti_cnf _x_todoh.htm
108.04.19 17:46 B C:\Documents and Settings\-\Documenti\Web\mioweb5\_vti_pvt\_vti_cnf\WS_FTP.LOG --> ftp.interfree.it /_vti_pvt/_vti_cnf WS_FTP.LOG
108.04.19 18:38 B C:\Documents and Settings\-\Documenti\Web\mioweb5\_vti_pvt\_vti_cnf\_x_todo.htm --> ftp.interfree.it /_vti_pvt/_vti_cnf _x_todo.htm
108.04.19 18:38 B C:\Documents and Settings\-\Documenti\Web\mioweb5\_vti_pvt\_vti_cnf\_x_todoh.htm --> ftp.interfree.it /_vti_pvt/_vti_cnf _x_todoh.htm
108.04.19 18:38 B C:\Documents and Settings\-\Documenti\Web\mioweb5\_vti_pvt\_vti_cnf\WS_FTP.LOG --> ftp.interfree.it /_vti_pvt/_vti_cnf WS_FTP.LOG
108.05.23 20:25 B C:\Documents and Settings\-\Documenti\Web\mioweb5\_vti_pvt\_vti_cnf\_x_todo.htm --> ftp.interfree.it /_vti_pvt/_vti_cnf _x_todo.htm
108.05.23 20:25 B C:\Documents and Settings\-\Documenti\Web\mioweb5\_vti_pvt\_vti_cnf\_x_todoh.htm --> ftp.interfree.it /_vti_pvt/_vti_cnf _x_todoh.htm
108.05.23 20:25 B C:\Documents and Settings\-\Documenti\Web\mioweb5\_vti_pvt\_vti_cnf\WS_FTP.LOG --> ftp.interfree.it /_vti_pvt/_vti_cnf WS_FTP.LOG
108.05.23 23:12 B C:\Documents and Settings\-\Documenti\Web\mioweb5\_vti_pvt\_vti_cnf\_x_todo.htm --> ftp.interfree.it /_vti_pvt/_vti_cnf _x_todo.htm
108.05.23 23:12 B C:\Documents and Settings\-\Documenti\Web\mioweb5\_vti_pvt\_vti_cnf\_x_todoh.htm --> ftp.interfree.it /_vti_pvt/_vti_cnf _x_todoh.htm
108.05.23 23:12 B C:\Documents and Settings\-\Documenti\Web\mioweb5\_vti_pvt\_vti_cnf\WS_FTP.LOG --> ftp.interfree.it /_vti_pvt/_vti_cnf WS_FTP.LOG
108.06.14 13:01 B C:\Documents and Settings\Alessadra\Desktop\Casamuscas\mioweb5\_vti_pvt\_vti_cnf\_x_todo.htm --> ftp.interfree.it /_vti_pvt/_vti_cnf _x_todo.htm
108.06.14 13:01 B C:\Documents and Settings\Alessadra\Desktop\Casamuscas\mioweb5\_vti_pvt\_vti_cnf\_x_todoh.htm --> ftp.interfree.it /_vti_pvt/_vti_cnf _x_todoh.htm
108.06.14 13:01 B C:\Documents and Settings\Alessadra\Desktop\Casamuscas\mioweb5\_vti_pvt\_vti_cnf\WS_FTP.LOG --> ftp.interfree.it /_vti_pvt/_vti_cnf WS_FTP.LOG
108.06.14 13:32 B C:\Documents and Settings\Alessadra\Desktop\Casamuscas\mioweb5\_vti_pvt\_vti_cnf\_x_todo.htm --> ftp.interfree.it /_vti_pvt/_vti_cnf _x_todo.htm
108.06.14 13:32 B C:\Documents and Settings\Alessadra\Desktop\Casamuscas\mioweb5\_vti_pvt\_vti_cnf\_x_todoh.htm --> ftp.interfree.it /_vti_pvt/_vti_cnf _x_todoh.htm
108.06.14 13:32 B C:\Documents and Settings\Alessadra\Desktop\Casamuscas\mioweb5\_vti_pvt\_vti_cnf\WS_FTP.LOG --> ftp.interfree.it /_vti_pvt/_vti_cnf WS_FTP.LOG
108.08.02 01:00 B C:\Documents and Settings\Alessadra\Desktop\Casamuscas\mioweb5\_vti_pvt\_vti_cnf\_x_todo.htm --> ftp.interfree.it /_vti_pvt/_vti_cnf _x_todo.htm
108.08.02 01:00 B C:\Documents and Settings\Alessadra\Desktop\Casamuscas\mioweb5\_vti_pvt\_vti_cnf\_x_todoh.htm --> ftp.interfree.it /_vti_pvt/_vti_cnf _x_todoh.htm
108.08.02 01:00 B C:\Documents and Settings\Alessadra\Desktop\Casamuscas\mioweb5\_vti_pvt\_vti_cnf\WS_FTP.LOG --> ftp.interfree.it /_vti_pvt/_vti_cnf WS_FTP.LOG
108.08.07 23:41 B C:\Documents and Settings\Alessadra\Desktop\Casamuscas\mioweb5\_vti_pvt\_vti_cnf\_x_todo.htm --> ftp.interfree.it /_vti_pvt/_vti_cnf _x_todo.htm
108.08.07 23:41 B C:\Documents and Settings\Alessadra\Desktop\Casamuscas\mioweb5\_vti_pvt\_vti_cnf\_x_todoh.htm --> ftp.interfree.it /_vti_pvt/_vti_cnf _x_todoh.htm
108.08.07 23:41 B C:\Documents and Settings\Alessadra\Desktop\Casamuscas\mioweb5\_vti_pvt\_vti_cnf\WS_FTP.LOG --> ftp.interfree.it /_vti_pvt/_vti_cnf WS_FTP.LOG
108.08.08 11:55 B C:\Documents and Settings\Roberto\Documenti\mioweb5\_vti_pvt\_vti_cnf\_x_todo.htm --> ftp.interfree.it /_vti_pvt/_vti_cnf _x_todo.htm
108.08.08 11:55 B C:\Documents and Settings\Roberto\Documenti\mioweb5\_vti_pvt\_vti_cnf\_x_todoh.htm --> ftp.interfree.it /_vti_pvt/_vti_cnf _x_todoh.htm
108.08.08 11:55 B C:\Documents and Settings\Roberto\Documenti\mioweb5\_vti_pvt\_vti_cnf\WS_FTP.LOG --> ftp.interfree.it /_vti_pvt/_vti_cnf WS_FTP.LOG
108.08.09 16:10 B C:\Documents and Settings\Roberto\Documenti\mioweb5\_vti_pvt\_vti_cnf\_x_todo.htm --> ftp.interfree.it /_vti_pvt/_vti_cnf _x_todo.htm
108.08.09 16:10 B C:\Documents and Settings\Roberto\Documenti\mioweb5\_vti_pvt\_vti_cnf\_x_todoh.htm --> ftp.interfree.it /_vti_pvt/_vti_cnf _x_todoh.htm
108.08.09 16:10 B C:\Documents and Settings\Roberto\Documenti\mioweb5\_vti_pvt\_vti_cnf\WS_FTP.LOG --> ftp.interfree.it /_vti_pvt/_vti_cnf WS_FTP.LOG
108.08.10 13:38 B C:\Documents and Settings\Roberto\Documenti\mioweb5\_vti_pvt\_vti_cnf\_x_todo.htm --> ftp.interfree.it /_vti_pvt/_vti_cnf _x_todo.htm
108.08.10 13:38 B C:\Documents and Settings\Roberto\Documenti\mioweb5\_vti_pvt\_vti_cnf\_x_todoh.htm --> ftp.interfree.it /_vti_pvt/_vti_cnf _x_todoh.htm
108.08.10 13:38 B C:\Documents and Settings\Roberto\Documenti\mioweb5\_vti_pvt\_vti_cnf\WS_FTP.LOG --> ftp.interfree.it /_vti_pvt/_vti_cnf WS_FTP.LOG
108.08.10 16:43 B C:\Documents and Settings\Roberto\Documenti\mioweb5\_vti_pvt\_vti_cnf\_x_todo.htm --> ftp.interfree.it /_vti_pvt/_vti_cnf _x_todo.htm
108.08.10 16:43 B C:\Documents and Settings\Roberto\Documenti\mioweb5\_vti_pvt\_vti_cnf\_x_todoh.htm --> ftp.interfree.it /_vti_pvt/_vti_cnf _x_todoh.htm
108.08.10 16:43 B C:\Documents and Settings\Roberto\Documenti\mioweb5\_vti_pvt\_vti_cnf\WS_FTP.LOG --> ftp.interfree.it /_vti_pvt/_vti_cnf WS_FTP.LOG
108.08.10 18:46 B C:\Documents and Settings\Roberto\Documenti\mioweb5\_vti_pvt\_vti_cnf\_x_todo.htm --> ftp.interfree.it /_vti_pvt/_vti_cnf _x_todo.htm
108.08.10 18:46 B C:\Documents and Settings\Roberto\Documenti\mioweb5\_vti_pvt\_vti_cnf\_x_todoh.htm --> ftp.interfree.it /_vti_pvt/_vti_cnf _x_todoh.htm
108.08.10 18:46 B C:\Documents and Settings\Roberto\Documenti\mioweb5\_vti_pvt\_vti_cnf\WS_FTP.LOG --> ftp.interfree.it /_vti_pvt/_vti_cnf WS_FTP.LOG
108.08.16 23:42 B C:\Documents and Settings\Roberto\Documenti\mioweb5\_vti_pvt\_vti_cnf\_x_todo.htm --> ftp.interfree.it /_vti_pvt/_vti_cnf _x_todo.htm
108.08.16 23:42 B C:\Documents and Settings\Roberto\Documenti\mioweb5\_vti_pvt\_vti_cnf\_x_todoh.htm --> ftp.interfree.it /_vti_pvt/_vti_cnf _x_todoh.htm
108.08.16 23:42 B C:\Documents and Settings\Roberto\Documenti\mioweb5\_vti_pvt\_vti_cnf\WS_FTP.LOG --> ftp.interfree.it /_vti_pvt/_vti_cnf WS_FTP.LOG
108.08.19 12:59 B C:\Documents and Settings\Roberto\Documenti\mioweb5\_vti_pvt\_vti_cnf\_x_todo.htm --> ftp.interfree.it /_vti_pvt/_vti_cnf _x_todo.htm
108.08.19 12:59 B C:\Documents and Settings\Roberto\Documenti\mioweb5\_vti_pvt\_vti_cnf\_x_todoh.htm --> ftp.interfree.it /_vti_pvt/_vti_cnf _x_todoh.htm
108.08.19 12:59 B C:\Documents and Settings\Roberto\Documenti\mioweb5\_vti_pvt\_vti_cnf\WS_FTP.LOG --> ftp.interfree.it /_vti_pvt/_vti_cnf WS_FTP.LOG
108.08.19 16:18 B C:\Documents and Settings\Roberto\Documenti\mioweb5\_vti_pvt\_vti_cnf\_x_todo.htm --> ftp.interfree.it /_vti_pvt/_vti_cnf _x_todo.htm
108.08.19 16:18 B C:\Documents and Settings\Roberto\Documenti\mioweb5\_vti_pvt\_vti_cnf\_x_todoh.htm --> ftp.interfree.it /_vti_pvt/_vti_cnf _x_todoh.htm
108.08.19 16:18 B C:\Documents and Settings\Roberto\Documenti\mioweb5\_vti_pvt\_vti_cnf\WS_FTP.LOG --> ftp.interfree.it /_vti_pvt/_vti_cnf WS_FTP.LOG
108.08.24 18:04 B C:\Documents and Settings\Roberto\Documenti\mioweb5\_vti_pvt\_vti_cnf\_x_todo.htm --> ftp.interfree.it /_vti_pvt/_vti_cnf _x_todo.htm
108.08.24 18:04 B C:\Documents and Settings\Roberto\Documenti\mioweb5\_vti_pvt\_vti_cnf\_x_todoh.htm --> ftp.interfree.it /_vti_pvt/_vti_cnf _x_todoh.htm
108.08.24 18:04 B C:\Documents and Settings\Roberto\Documenti\mioweb5\_vti_pvt\_vti_cnf\WS_FTP.LOG --> ftp.interfree.it /_vti_pvt/_vti_cnf WS_FTP.LOG
108.08.24 19:13 B C:\Documents and Settings\Roberto\Documenti\mioweb5\_vti_pvt\_vti_cnf\_x_todo.htm --> ftp.interfree.it /_vti_pvt/_vti_cnf _x_todo.htm
108.08.24 19:13 B C:\Documents and Settings\Roberto\Documenti\mioweb5\_vti_pvt\_vti_cnf\_x_todoh.htm --> ftp.interfree.it /_vti_pvt/_vti_cnf _x_todoh.htm
108.08.24 19:13 B C:\Documents and Settings\Roberto\Documenti\mioweb5\_vti_pvt\_vti_cnf\WS_FTP.LOG --> ftp.interfree.it /_vti_pvt/_vti_cnf WS_FTP.LOG
108.09.01 17:46 B C:\Documents and Settings\Roberto\Documenti\mioweb5\_vti_pvt\_vti_cnf\_x_todo.htm --> ftp.interfree.it /_vti_pvt/_vti_cnf _x_todo.htm
108.09.01 17:46 B C:\Documents and Settings\Roberto\Documenti\mioweb5\_vti_pvt\_vti_cnf\_x_todoh.htm --> ftp.interfree.it /_vti_pvt/_vti_cnf _x_todoh.htm
108.09.01 17:46 B C:\Documents and Settings\Roberto\Documenti\mioweb5\_vti_pvt\_vti_cnf\WS_FTP.LOG --> ftp.interfree.it /_vti_pvt/_vti_cnf WS_FTP.LOG
108.09.10 16:46 B C:\Documents and Settings\Roberto\Documenti\mioweb5\_vti_pvt\_vti_cnf\_x_todo.htm --> ftp.interfree.it /_vti_pvt/_vti_cnf _x_todo.htm
108.09.10 16:46 B C:\Documents and Settings\Roberto\Documenti\mioweb5\_vti_pvt\_vti_cnf\_x_todoh.htm --> ftp.interfree.it /_vti_pvt/_vti_cnf _x_todoh.htm
108.09.10 20:02 B C:\Documents and Settings\Roberto\Documenti\mioweb5\_vti_pvt\_vti_cnf\WS_FTP.LOG <-- Casamuscas /_vti_pvt/_vti_cnf WS_FTP.LOG
108.11.02 00:05 B C:\Documents and Settings\Roberto\Documenti\mioweb5\_vti_pvt\_vti_cnf\_x_todo.htm --> ftp.interfree.it /_vti_pvt/_vti_cnf _x_todo.htm
108.11.02 00:05 B C:\Documents and Settings\Roberto\Documenti\mioweb5\_vti_pvt\_vti_cnf\_x_todoh.htm --> ftp.interfree.it /_vti_pvt/_vti_cnf _x_todoh.htm
108.11.02 00:05 B C:\Documents and Settings\Roberto\Documenti\mioweb5\_vti_pvt\_vti_cnf\WS_FTP.LOG --> ftp.interfree.it /_vti_pvt/_vti_cnf WS_FTP.LOG
108.11.03 00:08 B C:\Documents and Settings\Roberto\Documenti\mioweb5\_vti_pvt\_vti_cnf\_x_todo.htm --> ftp.interfree.it /_vti_pvt/_vti_cnf _x_todo.htm
108.11.03 00:08 B C:\Documents and Settings\Roberto\Documenti\mioweb5\_vti_pvt\_vti_cnf\_x_todoh.htm --> ftp.interfree.it /_vti_pvt/_vti_cnf _x_todoh.htm
108.11.03 00:08 B C:\Documents and Settings\Roberto\Documenti\mioweb5\_vti_pvt\_vti_cnf\WS_FTP.LOG --> ftp.interfree.it /_vti_pvt/_vti_cnf WS_FTP.LOG
108.11.03 01:02 B C:\Documents and Settings\Roberto\Documenti\mioweb5\_vti_pvt\_vti_cnf\_x_todo.htm --> ftp.interfree.it /_vti_pvt/_vti_cnf _x_todo.htm
108.11.03 01:02 B C:\Documents and Settings\Roberto\Documenti\mioweb5\_vti_pvt\_vti_cnf\_x_todoh.htm --> ftp.interfree.it /_vti_pvt/_vti_cnf _x_todoh.htm
108.11.03 01:02 B C:\Documents and Settings\Roberto\Documenti\mioweb5\_vti_pvt\_vti_cnf\WS_FTP.LOG --> ftp.interfree.it /_vti_pvt/_vti_cnf WS_FTP.LOG
108.11.03 02:23 B C:\Documents and Settings\Roberto\Documenti\mioweb5\_vti_pvt\_vti_cnf\_x_todo.htm --> ftp.interfree.it /_vti_pvt/_vti_cnf _x_todo.htm
108.11.03 02:23 B C:\Documents and Settings\Roberto\Documenti\mioweb5\_vti_pvt\_vti_cnf\_x_todoh.htm --> ftp.interfree.it /_vti_pvt/_vti_cnf _x_todoh.htm
108.11.03 02:23 B C:\Documents and Settings\Roberto\Documenti\mioweb5\_vti_pvt\_vti_cnf\WS_FTP.LOG --> ftp.interfree.it /_vti_pvt/_vti_cnf WS_FTP.LOG
108.11.12 22:59 B C:\Documents and Settings\Roberto\Documenti\mioweb5\_vti_pvt\_vti_cnf\_x_todo.htm --> ftp.interfree.it /_vti_pvt/_vti_cnf _x_todo.htm
108.11.12 22:59 B C:\Documents and Settings\Roberto\Documenti\mioweb5\_vti_pvt\_vti_cnf\_x_todoh.htm --> ftp.interfree.it /_vti_pvt/_vti_cnf _x_todoh.htm
108.11.12 22:59 B C:\Documents and Settings\Roberto\Documenti\mioweb5\_vti_pvt\_vti_cnf\WS_FTP.LOG --> ftp.interfree.it /_vti_pvt/_vti_cnf WS_FTP.LOG
109.01.05 19:49 B C:\Documents and Settings\Roberto\Documenti\mioweb5\_vti_pvt\_vti_cnf\_x_todo.htm --> ftp.interfree.it /_vti_pvt/_vti_cnf _x_todo.htm
109.01.05 19:49 B C:\Documents and Settings\Roberto\Documenti\mioweb5\_vti_pvt\_vti_cnf\_x_todoh.htm --> ftp.interfree.it /_vti_pvt/_vti_cnf _x_todoh.htm
109.01.05 19:49 B C:\Documents and Settings\Roberto\Documenti\mioweb5\_vti_pvt\_vti_cnf\WS_FTP.LOG --> ftp.interfree.it /_vti_pvt/_vti_cnf WS_FTP.LOG
111.01.09 22:54 B D:\mioweb5\_vti_pvt\_vti_cnf\_x_todo.htm --> ftp.interfree.it /_vti_pvt/_vti_cnf _x_todo.htm
111.01.09 22:54 B D:\mioweb5\_vti_pvt\_vti_cnf\_x_todoh.htm --> ftp.interfree.it /_vti_pvt/_vti_cnf _x_todoh.htm
111.01.09 22:54 B D:\mioweb5\_vti_pvt\_vti_cnf\WS_FTP.LOG --> ftp.interfree.it /_vti_pvt/_vti_cnf WS_FTP.LOG
112.01.13 23:50 B D:\mioweb5\_vti_pvt\_vti_cnf\_x_todo.htm --> ftp.interfree.it /_vti_pvt/_vti_cnf _x_todo.htm
112.01.13 23:50 B D:\mioweb5\_vti_pvt\_vti_cnf\_x_todoh.htm --> ftp.interfree.it /_vti_pvt/_vti_cnf _x_todoh.htm
112.01.13 23:50 B D:\mioweb5\_vti_pvt\_vti_cnf\WS_FTP.LOG --> ftp.interfree.it /_vti_pvt/_vti_cnf WS_FTP.LOG
112.01.14 01:35 B D:\mioweb5\_vti_pvt\_vti_cnf\_x_todo.htm --> ftp.interfree.it /_vti_pvt/_vti_cnf _x_todo.htm
112.01.14 01:35 B D:\mioweb5\_vti_pvt\_vti_cnf\_x_todoh.htm --> ftp.interfree.it /_vti_pvt/_vti_cnf _x_todoh.htm
112.01.14 01:35 B D:\mioweb5\_vti_pvt\_vti_cnf\WS_FTP.LOG --> ftp.interfree.it /_vti_pvt/_vti_cnf WS_FTP.LOG
114.04.24 13:11 B D:\mioweb5\_vti_pvt\_vti_cnf\_x_todo.htm --> server41.000webhost.com /_vti_pvt/_vti_cnf _x_todo.htm
114.04.24 13:11 B D:\mioweb5\_vti_pvt\_vti_cnf\_x_todoh.htm --> server41.000webhost.com /_vti_pvt/_vti_cnf _x_todoh.htm
114.04.24 13:11 B D:\mioweb5\_vti_pvt\_vti_cnf\WS_FTP.LOG --> server41.000webhost.com /_vti_pvt/_vti_cnf WS_FTP.LOG
114.04.26 11:38 B D:\mioweb5\_vti_pvt\_vti_cnf\_x_todo.htm --> ftp.patatebollite.altervista.org /_vti_pvt/_vti_cnf _x_todo.htm
114.04.26 11:38 B D:\mioweb5\_vti_pvt\_vti_cnf\_x_todoh.htm --> ftp.patatebollite.altervista.org /_vti_pvt/_vti_cnf _x_todoh.htm
114.04.26 11:38 B D:\mioweb5\_vti_pvt\_vti_cnf\WS_FTP.LOG --> ftp.patatebollite.altervista.org /_vti_pvt/_vti_cnf WS_FTP.LOG
114.04.26 13:13 B D:\mioweb5\_vti_pvt\_vti_cnf\_x_todo.htm --> ftp.patatebollite.altervista.org /_vti_pvt/_vti_cnf _x_todo.htm
114.04.26 13:13 B D:\mioweb5\_vti_pvt\_vti_cnf\_x_todoh.htm --> ftp.patatebollite.altervista.org /_vti_pvt/_vti_cnf _x_todoh.htm
114.04.26 13:13 B D:\mioweb5\_vti_pvt\_vti_cnf\WS_FTP.LOG --> ftp.patatebollite.altervista.org /_vti_pvt/_vti_cnf WS_FTP.LOG
114.05.20 19:50 B D:\mioweb5\_vti_pvt\_vti_cnf\_x_todo.htm --> ftp.jokermonello.altervista.org /_vti_pvt/_vti_cnf _x_todo.htm
114.05.20 19:50 B D:\mioweb5\_vti_pvt\_vti_cnf\_x_todoh.htm --> ftp.jokermonello.altervista.org /_vti_pvt/_vti_cnf _x_todoh.htm
114.05.20 19:50 B D:\mioweb5\_vti_pvt\_vti_cnf\WS_FTP.LOG --> ftp.jokermonello.altervista.org /_vti_pvt/_vti_cnf WS_FTP.LOG
