vti_encoding:SR|utf8-nl
105.03.14 15:15 B C:\\Documents and Settings\\-\\Documenti\\Web\\mioweb5\\_themes\\_vti_cnf\\themes.inf --> ftp.muscas.it /_themes/_vti_cnf themes.inf
105.03.15 21:59 B C:\\Documents and Settings\\-\\Documenti\\Web\\mioweb5\\_themes\\_vti_cnf\\WS_FTP.LOG --> ftp.muscas.it /_themes/_vti_cnf WS_FTP.LOG
105.03.15 22:42 B C:\\Documents and Settings\\-\\Documenti\\Web\\mioweb5\\_themes\\_vti_cnf\\WS_FTP.LOG --> ftp.muscas.it /_themes/_vti_cnf WS_FTP.LOG
107.09.05 18:44 B C:\\Documents and Settings\\-\\Documenti\\Web\\mioweb5\\_themes\\_vti_cnf\\WS_FTP.LOG --> ftp.interfree.it /_themes/_vti_cnf WS_FTP.LOG
107.09.12 02:02 B C:\\Documents and Settings\\-\\Documenti\\Web\\mioweb5\\_themes\\_vti_cnf\\WS_FTP.LOG --> ftp.interfree.it /_themes/_vti_cnf WS_FTP.LOG
107.09.16 19:51 B C:\\Documents and Settings\\-\\Documenti\\Web\\mioweb5\\_themes\\_vti_cnf\\WS_FTP.LOG --> ftp.interfree.it /_themes/_vti_cnf WS_FTP.LOG
108.02.03 16:08 B C:\\Documents and Settings\\-\\Documenti\\Web\\mioweb5\\_themes\\_vti_cnf\\WS_FTP.LOG --> ftp.interfree.it /_themes/_vti_cnf WS_FTP.LOG
108.02.03 19:44 B C:\\Documents and Settings\\-\\Documenti\\Web\\mioweb5\\_themes\\_vti_cnf\\WS_FTP.LOG --> ftp.interfree.it /_themes/_vti_cnf WS_FTP.LOG
108.02.04 12:57 B C:\\Documents and Settings\\-\\Documenti\\Web\\mioweb5\\_themes\\_vti_cnf\\WS_FTP.LOG --> ftp.interfree.it /_themes/_vti_cnf WS_FTP.LOG
108.02.04 13:49 B C:\\Documents and Settings\\-\\Documenti\\Web\\mioweb5\\_themes\\_vti_cnf\\WS_FTP.LOG --> ftp.interfree.it /_themes/_vti_cnf WS_FTP.LOG
108.02.04 15:36 B C:\\Documents and Settings\\-\\Documenti\\Web\\mioweb5\\_themes\\_vti_cnf\\WS_FTP.LOG --> ftp.interfree.it /_themes/_vti_cnf WS_FTP.LOG
108.02.04 16:15 B C:\\Documents and Settings\\-\\Documenti\\Web\\mioweb5\\_themes\\_vti_cnf\\WS_FTP.LOG --> ftp.interfree.it /_themes/_vti_cnf WS_FTP.LOG
108.02.04 23:14 B C:\\Documents and Settings\\-\\Documenti\\Web\\mioweb5\\_themes\\_vti_cnf\\WS_FTP.LOG --> ftp.interfree.it /_themes/_vti_cnf WS_FTP.LOG
108.02.07 15:52 B C:\\Documents and Settings\\-\\Documenti\\Web\\mioweb5\\_themes\\_vti_cnf\\WS_FTP.LOG --> ftp.interfree.it /_themes/_vti_cnf WS_FTP.LOG
108.02.07 20:07 B C:\\Documents and Settings\\-\\Documenti\\Web\\mioweb5\\_themes\\_vti_cnf\\WS_FTP.LOG --> ftp.interfree.it /_derived/_vti_cnf/_themes/_vti_cnf WS_FTP.LOG
vti_timelastmodified:TR|07 Feb 2008 19:08:40 -0000
vti_extenderversion:SR|4.0.2.8912
vti_cacheddtm:TX|07 Feb 2008 19:08:40 -0000
vti_filesize:IR|4272
108.02.19 12:49 B C:\Documents and Settings\-\Documenti\Web\mioweb5\_themes\_vti_cnf\themes.inf --> ftp.interfree.it /_themes/_vti_cnf themes.inf
108.02.19 12:49 B C:\Documents and Settings\-\Documenti\Web\mioweb5\_themes\_vti_cnf\WS_FTP.LOG --> ftp.interfree.it /_themes/_vti_cnf WS_FTP.LOG
108.03.02 17:08 B C:\Documents and Settings\-\Documenti\Web\mioweb5\_themes\_vti_cnf\themes.inf --> ftp.interfree.it /_themes/_vti_cnf themes.inf
108.03.02 17:08 B C:\Documents and Settings\-\Documenti\Web\mioweb5\_themes\_vti_cnf\WS_FTP.LOG --> ftp.interfree.it /_themes/_vti_cnf WS_FTP.LOG
108.04.19 17:44 B C:\Documents and Settings\-\Documenti\Web\mioweb5\_themes\_vti_cnf\themes.inf --> ftp.interfree.it /_themes/_vti_cnf themes.inf
108.04.19 17:44 B C:\Documents and Settings\-\Documenti\Web\mioweb5\_themes\_vti_cnf\WS_FTP.LOG --> ftp.interfree.it /_themes/_vti_cnf WS_FTP.LOG
108.04.19 18:37 B C:\Documents and Settings\-\Documenti\Web\mioweb5\_themes\_vti_cnf\themes.inf --> ftp.interfree.it /_themes/_vti_cnf themes.inf
108.04.19 18:37 B C:\Documents and Settings\-\Documenti\Web\mioweb5\_themes\_vti_cnf\WS_FTP.LOG --> ftp.interfree.it /_themes/_vti_cnf WS_FTP.LOG
108.05.23 20:24 B C:\Documents and Settings\-\Documenti\Web\mioweb5\_themes\_vti_cnf\themes.inf --> ftp.interfree.it /_themes/_vti_cnf themes.inf
108.05.23 20:24 B C:\Documents and Settings\-\Documenti\Web\mioweb5\_themes\_vti_cnf\WS_FTP.LOG --> ftp.interfree.it /_themes/_vti_cnf WS_FTP.LOG
108.05.23 23:10 B C:\Documents and Settings\-\Documenti\Web\mioweb5\_themes\_vti_cnf\themes.inf --> ftp.interfree.it /_themes/_vti_cnf themes.inf
108.05.23 23:10 B C:\Documents and Settings\-\Documenti\Web\mioweb5\_themes\_vti_cnf\WS_FTP.LOG --> ftp.interfree.it /_themes/_vti_cnf WS_FTP.LOG
108.06.14 12:59 B C:\Documents and Settings\Alessadra\Desktop\Casamuscas\mioweb5\_themes\_vti_cnf\themes.inf --> ftp.interfree.it /_themes/_vti_cnf themes.inf
108.06.14 12:59 B C:\Documents and Settings\Alessadra\Desktop\Casamuscas\mioweb5\_themes\_vti_cnf\WS_FTP.LOG --> ftp.interfree.it /_themes/_vti_cnf WS_FTP.LOG
108.06.14 13:30 B C:\Documents and Settings\Alessadra\Desktop\Casamuscas\mioweb5\_themes\_vti_cnf\themes.inf --> ftp.interfree.it /_themes/_vti_cnf themes.inf
108.06.14 13:30 B C:\Documents and Settings\Alessadra\Desktop\Casamuscas\mioweb5\_themes\_vti_cnf\WS_FTP.LOG --> ftp.interfree.it /_themes/_vti_cnf WS_FTP.LOG
108.08.02 00:58 B C:\Documents and Settings\Alessadra\Desktop\Casamuscas\mioweb5\_themes\_vti_cnf\themes.inf --> ftp.interfree.it /_themes/_vti_cnf themes.inf
108.08.02 00:58 B C:\Documents and Settings\Alessadra\Desktop\Casamuscas\mioweb5\_themes\_vti_cnf\WS_FTP.LOG --> ftp.interfree.it /_themes/_vti_cnf WS_FTP.LOG
108.08.07 23:37 B C:\Documents and Settings\Alessadra\Desktop\Casamuscas\mioweb5\_themes\_vti_cnf\themes.inf --> ftp.interfree.it /_themes/_vti_cnf themes.inf
108.08.07 23:37 B C:\Documents and Settings\Alessadra\Desktop\Casamuscas\mioweb5\_themes\_vti_cnf\WS_FTP.LOG --> ftp.interfree.it /_themes/_vti_cnf WS_FTP.LOG
108.08.08 11:53 B C:\Documents and Settings\Roberto\Documenti\mioweb5\_themes\_vti_cnf\themes.inf --> ftp.interfree.it /_themes/_vti_cnf themes.inf
108.08.08 11:53 B C:\Documents and Settings\Roberto\Documenti\mioweb5\_themes\_vti_cnf\WS_FTP.LOG --> ftp.interfree.it /_themes/_vti_cnf WS_FTP.LOG
108.08.09 16:08 B C:\Documents and Settings\Roberto\Documenti\mioweb5\_themes\_vti_cnf\themes.inf --> ftp.interfree.it /_themes/_vti_cnf themes.inf
108.08.09 16:08 B C:\Documents and Settings\Roberto\Documenti\mioweb5\_themes\_vti_cnf\WS_FTP.LOG --> ftp.interfree.it /_themes/_vti_cnf WS_FTP.LOG
108.08.10 13:36 B C:\Documents and Settings\Roberto\Documenti\mioweb5\_themes\_vti_cnf\themes.inf --> ftp.interfree.it /_themes/_vti_cnf themes.inf
108.08.10 13:36 B C:\Documents and Settings\Roberto\Documenti\mioweb5\_themes\_vti_cnf\WS_FTP.LOG --> ftp.interfree.it /_themes/_vti_cnf WS_FTP.LOG
108.08.10 16:42 B C:\Documents and Settings\Roberto\Documenti\mioweb5\_themes\_vti_cnf\themes.inf --> ftp.interfree.it /_themes/_vti_cnf themes.inf
108.08.10 16:42 B C:\Documents and Settings\Roberto\Documenti\mioweb5\_themes\_vti_cnf\WS_FTP.LOG --> ftp.interfree.it /_themes/_vti_cnf WS_FTP.LOG
108.08.10 18:44 B C:\Documents and Settings\Roberto\Documenti\mioweb5\_themes\_vti_cnf\themes.inf --> ftp.interfree.it /_themes/_vti_cnf themes.inf
108.08.10 18:44 B C:\Documents and Settings\Roberto\Documenti\mioweb5\_themes\_vti_cnf\WS_FTP.LOG --> ftp.interfree.it /_themes/_vti_cnf WS_FTP.LOG
108.08.16 23:40 B C:\Documents and Settings\Roberto\Documenti\mioweb5\_themes\_vti_cnf\themes.inf --> ftp.interfree.it /_themes/_vti_cnf themes.inf
108.08.16 23:40 B C:\Documents and Settings\Roberto\Documenti\mioweb5\_themes\_vti_cnf\WS_FTP.LOG --> ftp.interfree.it /_themes/_vti_cnf WS_FTP.LOG
108.08.19 12:58 B C:\Documents and Settings\Roberto\Documenti\mioweb5\_themes\_vti_cnf\themes.inf --> ftp.interfree.it /_themes/_vti_cnf themes.inf
108.08.19 12:58 B C:\Documents and Settings\Roberto\Documenti\mioweb5\_themes\_vti_cnf\WS_FTP.LOG --> ftp.interfree.it /_themes/_vti_cnf WS_FTP.LOG
108.08.19 16:16 B C:\Documents and Settings\Roberto\Documenti\mioweb5\_themes\_vti_cnf\themes.inf --> ftp.interfree.it /_themes/_vti_cnf themes.inf
108.08.19 16:16 B C:\Documents and Settings\Roberto\Documenti\mioweb5\_themes\_vti_cnf\WS_FTP.LOG --> ftp.interfree.it /_themes/_vti_cnf WS_FTP.LOG
108.08.24 18:02 B C:\Documents and Settings\Roberto\Documenti\mioweb5\_themes\_vti_cnf\themes.inf --> ftp.interfree.it /_themes/_vti_cnf themes.inf
108.08.24 18:02 B C:\Documents and Settings\Roberto\Documenti\mioweb5\_themes\_vti_cnf\WS_FTP.LOG --> ftp.interfree.it /_themes/_vti_cnf WS_FTP.LOG
108.08.24 19:11 B C:\Documents and Settings\Roberto\Documenti\mioweb5\_themes\_vti_cnf\themes.inf --> ftp.interfree.it /_themes/_vti_cnf themes.inf
108.08.24 19:11 B C:\Documents and Settings\Roberto\Documenti\mioweb5\_themes\_vti_cnf\WS_FTP.LOG --> ftp.interfree.it /_themes/_vti_cnf WS_FTP.LOG
108.09.01 17:44 B C:\Documents and Settings\Roberto\Documenti\mioweb5\_themes\_vti_cnf\themes.inf --> ftp.interfree.it /_themes/_vti_cnf themes.inf
108.09.01 17:44 B C:\Documents and Settings\Roberto\Documenti\mioweb5\_themes\_vti_cnf\WS_FTP.LOG --> ftp.interfree.it /_themes/_vti_cnf WS_FTP.LOG
108.09.10 16:44 B C:\Documents and Settings\Roberto\Documenti\mioweb5\_themes\_vti_cnf\themes.inf --> ftp.interfree.it /_themes/_vti_cnf themes.inf
108.09.10 19:59 B C:\Documents and Settings\Roberto\Documenti\mioweb5\_themes\_vti_cnf\WS_FTP.LOG <-- Casamuscas /_themes/_vti_cnf WS_FTP.LOG
108.11.02 00:02 B C:\Documents and Settings\Roberto\Documenti\mioweb5\_themes\_vti_cnf\themes.inf --> ftp.interfree.it /_themes/_vti_cnf themes.inf
108.11.02 00:02 B C:\Documents and Settings\Roberto\Documenti\mioweb5\_themes\_vti_cnf\WS_FTP.LOG --> ftp.interfree.it /_themes/_vti_cnf WS_FTP.LOG
108.11.03 00:04 B C:\Documents and Settings\Roberto\Documenti\mioweb5\_themes\_vti_cnf\themes.inf --> ftp.interfree.it /_themes/_vti_cnf themes.inf
108.11.03 00:04 B C:\Documents and Settings\Roberto\Documenti\mioweb5\_themes\_vti_cnf\WS_FTP.LOG --> ftp.interfree.it /_themes/_vti_cnf WS_FTP.LOG
108.11.03 00:59 B C:\Documents and Settings\Roberto\Documenti\mioweb5\_themes\_vti_cnf\themes.inf --> ftp.interfree.it /_themes/_vti_cnf themes.inf
108.11.03 00:59 B C:\Documents and Settings\Roberto\Documenti\mioweb5\_themes\_vti_cnf\WS_FTP.LOG --> ftp.interfree.it /_themes/_vti_cnf WS_FTP.LOG
108.11.03 02:20 B C:\Documents and Settings\Roberto\Documenti\mioweb5\_themes\_vti_cnf\themes.inf --> ftp.interfree.it /_themes/_vti_cnf themes.inf
108.11.03 02:20 B C:\Documents and Settings\Roberto\Documenti\mioweb5\_themes\_vti_cnf\WS_FTP.LOG --> ftp.interfree.it /_themes/_vti_cnf WS_FTP.LOG
108.11.12 22:56 B C:\Documents and Settings\Roberto\Documenti\mioweb5\_themes\_vti_cnf\themes.inf --> ftp.interfree.it /_themes/_vti_cnf themes.inf
108.11.12 22:56 B C:\Documents and Settings\Roberto\Documenti\mioweb5\_themes\_vti_cnf\WS_FTP.LOG --> ftp.interfree.it /_themes/_vti_cnf WS_FTP.LOG
109.01.05 19:46 B C:\Documents and Settings\Roberto\Documenti\mioweb5\_themes\_vti_cnf\themes.inf --> ftp.interfree.it /_themes/_vti_cnf themes.inf
109.01.05 19:46 B C:\Documents and Settings\Roberto\Documenti\mioweb5\_themes\_vti_cnf\WS_FTP.LOG --> ftp.interfree.it /_themes/_vti_cnf WS_FTP.LOG
111.01.09 22:50 B D:\mioweb5\_themes\_vti_cnf\themes.inf --> ftp.interfree.it /_themes/_vti_cnf themes.inf
111.01.09 22:51 B D:\mioweb5\_themes\_vti_cnf\WS_FTP.LOG --> ftp.interfree.it /_themes/_vti_cnf WS_FTP.LOG
112.01.13 23:47 B D:\mioweb5\_themes\_vti_cnf\themes.inf --> ftp.interfree.it /_themes/_vti_cnf themes.inf
112.01.13 23:47 B D:\mioweb5\_themes\_vti_cnf\WS_FTP.LOG --> ftp.interfree.it /_themes/_vti_cnf WS_FTP.LOG
112.01.14 01:31 B D:\mioweb5\_themes\_vti_cnf\themes.inf --> ftp.interfree.it /_themes/_vti_cnf themes.inf
112.01.14 01:31 B D:\mioweb5\_themes\_vti_cnf\WS_FTP.LOG --> ftp.interfree.it /_themes/_vti_cnf WS_FTP.LOG
114.04.24 12:43 B D:\mioweb5\_themes\_vti_cnf\themes.inf --> server41.000webhost.com /_themes/_vti_cnf themes.inf
114.04.24 12:43 B D:\mioweb5\_themes\_vti_cnf\WS_FTP.LOG --> server41.000webhost.com /_themes/_vti_cnf WS_FTP.LOG
114.04.24 13:08 B D:\mioweb5\_themes\_vti_cnf\themes.inf --> server41.000webhost.com /_themes/_vti_cnf themes.inf
114.04.24 13:08 B D:\mioweb5\_themes\_vti_cnf\WS_FTP.LOG --> server41.000webhost.com /_themes/_vti_cnf WS_FTP.LOG
114.04.26 11:33 B D:\mioweb5\_themes\_vti_cnf\themes.inf --> ftp.patatebollite.altervista.org /_themes/_vti_cnf themes.inf
114.04.26 11:33 B D:\mioweb5\_themes\_vti_cnf\WS_FTP.LOG --> ftp.patatebollite.altervista.org /_themes/_vti_cnf WS_FTP.LOG
114.04.26 13:08 B D:\mioweb5\_themes\_vti_cnf\themes.inf --> ftp.patatebollite.altervista.org /_themes/_vti_cnf themes.inf
114.04.26 13:08 B D:\mioweb5\_themes\_vti_cnf\WS_FTP.LOG --> ftp.patatebollite.altervista.org /_themes/_vti_cnf WS_FTP.LOG
114.05.20 19:46 B D:\mioweb5\_themes\_vti_cnf\themes.inf --> ftp.jokermonello.altervista.org /_themes/_vti_cnf themes.inf
114.05.20 19:46 B D:\mioweb5\_themes\_vti_cnf\WS_FTP.LOG --> ftp.jokermonello.altervista.org /_themes/_vti_cnf WS_FTP.LOG
