vti_encoding:SR|utf8-nl
104.10.12 12:20 B C:\\Documents and Settings\\-\\Documenti\\Web\\mioweb5\\_vti_cnf\\index.htm --> ftp.muscas.it /_vti_cnf index.htm
vti_timelastmodified:TR|05 Feb 2012 18:11:07 -0000
vti_extenderversion:SR|4.0.2.8912
104.10.25 14:44 B C:
104.10.25 19:47 B C:
104.10.28 01:09 B C:
104.10.29 10:02 B C:
105.02.08 23:09 B C:
105.02.16 14:59 B C:
105.03.14 11:41 B C:
vti_cacheddtm:TX|07 Feb 2008 15:04:08 -0000
vti_filesize:IR|16339
105.03.14 15:16 B C:
105.03.15 21:49 B C:
105.03.15 22:43 B C:
107.09.05 18:45 B C:
107.09.12 02:03 B C:
107.09.16 19:52 B C:
108.02.03 16:10 B C:
108.02.03 19:46 B C:
108.02.04 12:58 B C:
108.02.04 13:51 B C:
108.02.04 15:38 B C:
108.02.04 16:17 B C:
108.02.04 23:16 B C:
108.02.07 15:53 B C:
108.02.07 20:08 B C:
108.02.19 12:51 B C:
108.03.02 17:10 B C:
108.04.19 17:46 B C:
108.04.19 18:38 B C:
108.05.23 20:25 B C:
108.05.23 23:12 B C:
108.06.14 13:32 B C:
108.08.02 00:59 B C:
108.08.02 01:00 B C:
108.08.07 23:41 B C:
108.08.08 11:54 B C:
108.08.09 16:09 B C:
108.08.10 13:38 B C:
108.08.10 16:43 B C:
108.08.10 18:46 B C:
108.08.16 23:41 B C:
108.08.19 12:59 B C:
108.08.19 16:18 B C:
108.08.24 18:03 B C:
108.08.24 19:12 B C:
108.09.01 17:46 B C:
108.09.10 16:46 B C:
108.09.10 20:02 B C:
108.11.02 00:05 B C:
108.11.03 00:08 B C:
108.11.03 01:02 B C:
108.11.03 02:23 B C:
108.11.12 22:59 B C:
109.01.05 19:49 B C:
111.01.09 22:54 B D:
112.01.13 23:50 B D:
112.01.14 01:34 B D:
114.04.24 13:10 B D:\mioweb5\_vti_cnf\0308101.gif --> server41.000webhost.com /_vti_cnf 0308101.gif
114.04.24 13:10 B D:\mioweb5\_vti_cnf\2008.htm --> server41.000webhost.com /_vti_cnf 2008.htm
114.04.24 13:10 B D:\mioweb5\_vti_cnf\2009.htm --> server41.000webhost.com /_vti_cnf 2009.htm
114.04.24 13:10 B D:\mioweb5\_vti_cnf\2010.htm --> server41.000webhost.com /_vti_cnf 2010.htm
114.04.24 13:10 B D:\mioweb5\_vti_cnf\2010.mp3 --> server41.000webhost.com /_vti_cnf 2010.mp3
114.04.24 13:11 B D:\mioweb5\_vti_cnf\2011.htm --> server41.000webhost.com /_vti_cnf 2011.htm
114.04.24 13:11 B D:\mioweb5\_vti_cnf\2011.mp3 --> server41.000webhost.com /_vti_cnf 2011.mp3
114.04.24 13:11 B D:\mioweb5\_vti_cnf\2012.htm --> server41.000webhost.com /_vti_cnf 2012.htm
114.04.24 13:11 B D:\mioweb5\_vti_cnf\900.htm --> server41.000webhost.com /_vti_cnf 900.htm
114.04.24 13:11 B D:\mioweb5\_vti_cnf\altre_foto.htm --> server41.000webhost.com /_vti_cnf altre_foto.htm
114.04.24 13:11 B D:\mioweb5\_vti_cnf\altri_tempi.htm --> server41.000webhost.com /_vti_cnf altri_tempi.htm
114.04.24 13:11 B D:\mioweb5\_vti_cnf\Beach_On_The_Beach.mp3 --> server41.000webhost.com /_vti_cnf Beach_On_The_Beach.mp3
114.04.24 13:11 B D:\mioweb5\_vti_cnf\cagliari.htm --> server41.000webhost.com /_vti_cnf cagliari.htm
114.04.24 13:11 B D:\mioweb5\_vti_cnf\Capril.mp3 --> server41.000webhost.com /_vti_cnf Capril.mp3
114.04.24 13:11 B D:\mioweb5\_vti_cnf\Come_passa_il_tempo.mp3 --> server41.000webhost.com /_vti_cnf Come_passa_il_tempo.mp3
114.04.24 13:11 B D:\mioweb5\_vti_cnf\Elisa.mp3 --> server41.000webhost.com /_vti_cnf Elisa.mp3
114.04.24 13:11 B D:\mioweb5\_vti_cnf\francia_2012.htm --> server41.000webhost.com /_vti_cnf francia_2012.htm
114.04.24 13:11 B D:\mioweb5\_vti_cnf\francia_spagna_2004_2005.htm --> server41.000webhost.com /_vti_cnf francia_spagna_2004_2005.htm
114.04.24 13:11 B D:\mioweb5\_vti_cnf\Il_clan_dei_siciliani.mp3 --> server41.000webhost.com /_vti_cnf Il_clan_dei_siciliani.mp3
114.04.24 13:11 B D:\mioweb5\_vti_cnf\index.htm --> server41.000webhost.com /_vti_cnf index.htm
114.04.24 13:11 B D:\mioweb5\_vti_cnf\la_vita_e_bella.mp3 --> server41.000webhost.com /_vti_cnf la_vita_e_bella.mp3
114.04.24 13:11 B D:\mioweb5\_vti_cnf\lavori_in_corso.htm --> server41.000webhost.com /_vti_cnf lavori_in_corso.htm
114.04.24 13:11 B D:\mioweb5\_vti_cnf\Lili_Marlene.mp3 --> server41.000webhost.com /_vti_cnf Lili_Marlene.mp3
114.04.24 13:11 B D:\mioweb5\_vti_cnf\Nuova_pagina_1.htm --> server41.000webhost.com /_vti_cnf Nuova_pagina_1.htm
114.04.24 13:11 B D:\mioweb5\_vti_cnf\Nuova_pagina_2.htm --> server41.000webhost.com /_vti_cnf Nuova_pagina_2.htm
114.04.24 13:11 B D:\mioweb5\_vti_cnf\pinocchio.mp3 --> server41.000webhost.com /_vti_cnf pinocchio.mp3
114.04.24 13:11 B D:\mioweb5\_vti_cnf\regno unito.htm --> server41.000webhost.com /_vti_cnf regno unito.htm
114.04.24 13:11 B D:\mioweb5\_vti_cnf\sardegna.htm --> server41.000webhost.com /_vti_cnf sardegna.htm
114.04.24 13:11 B D:\mioweb5\_vti_cnf\Thumbs.db --> server41.000webhost.com /_vti_cnf Thumbs.db
114.04.24 13:11 B D:\mioweb5\_vti_cnf\TV_Theme_-_Ennio_Morricone_-_Bud_Spencer__Terence_Hill_-_Lo_Chiamavano_Trinita.mp3 --> server41.000webhost.com /_vti_cnf TV_Theme_-_Ennio_Morricone_-_Bud_Spencer__Terence_Hill_-_Lo_Chiamavano_Trinita.mp3
114.04.24 13:11 B D:\mioweb5\_vti_cnf\viaggi.htm --> server41.000webhost.com /_vti_cnf viaggi.htm
114.04.24 13:11 B D:\mioweb5\_vti_cnf\WS_FTP.LOG --> server41.000webhost.com /_vti_cnf WS_FTP.LOG
114.04.26 11:37 B D:\mioweb5\_vti_cnf\0308101.gif --> ftp.patatebollite.altervista.org /_vti_cnf 0308101.gif
114.04.26 11:37 B D:\mioweb5\_vti_cnf\2008.htm --> ftp.patatebollite.altervista.org /_vti_cnf 2008.htm
114.04.26 11:37 B D:\mioweb5\_vti_cnf\2009.htm --> ftp.patatebollite.altervista.org /_vti_cnf 2009.htm
114.04.26 11:37 B D:\mioweb5\_vti_cnf\2010.htm --> ftp.patatebollite.altervista.org /_vti_cnf 2010.htm
114.04.26 11:37 B D:\mioweb5\_vti_cnf\2010.mp3 --> ftp.patatebollite.altervista.org /_vti_cnf 2010.mp3
114.04.26 11:37 B D:\mioweb5\_vti_cnf\2011.htm --> ftp.patatebollite.altervista.org /_vti_cnf 2011.htm
114.04.26 11:37 B D:\mioweb5\_vti_cnf\2011.mp3 --> ftp.patatebollite.altervista.org /_vti_cnf 2011.mp3
114.04.26 11:37 B D:\mioweb5\_vti_cnf\2012.htm --> ftp.patatebollite.altervista.org /_vti_cnf 2012.htm
114.04.26 11:37 B D:\mioweb5\_vti_cnf\900.htm --> ftp.patatebollite.altervista.org /_vti_cnf 900.htm
114.04.26 11:37 B D:\mioweb5\_vti_cnf\altre_foto.htm --> ftp.patatebollite.altervista.org /_vti_cnf altre_foto.htm
114.04.26 11:37 B D:\mioweb5\_vti_cnf\altri_tempi.htm --> ftp.patatebollite.altervista.org /_vti_cnf altri_tempi.htm
114.04.26 11:37 B D:\mioweb5\_vti_cnf\Beach_On_The_Beach.mp3 --> ftp.patatebollite.altervista.org /_vti_cnf Beach_On_The_Beach.mp3
114.04.26 11:37 B D:\mioweb5\_vti_cnf\cagliari.htm --> ftp.patatebollite.altervista.org /_vti_cnf cagliari.htm
114.04.26 11:37 B D:\mioweb5\_vti_cnf\Capril.mp3 --> ftp.patatebollite.altervista.org /_vti_cnf Capril.mp3
114.04.26 11:37 B D:\mioweb5\_vti_cnf\Come_passa_il_tempo.mp3 --> ftp.patatebollite.altervista.org /_vti_cnf Come_passa_il_tempo.mp3
114.04.26 11:37 B D:\mioweb5\_vti_cnf\Elisa.mp3 --> ftp.patatebollite.altervista.org /_vti_cnf Elisa.mp3
114.04.26 11:37 B D:\mioweb5\_vti_cnf\francia_2012.htm --> ftp.patatebollite.altervista.org /_vti_cnf francia_2012.htm
114.04.26 11:37 B D:\mioweb5\_vti_cnf\francia_spagna_2004_2005.htm --> ftp.patatebollite.altervista.org /_vti_cnf francia_spagna_2004_2005.htm
114.04.26 11:37 B D:\mioweb5\_vti_cnf\Il_clan_dei_siciliani.mp3 --> ftp.patatebollite.altervista.org /_vti_cnf Il_clan_dei_siciliani.mp3
114.04.26 11:37 B D:\mioweb5\_vti_cnf\index.htm --> ftp.patatebollite.altervista.org /_vti_cnf index.htm
114.04.26 11:37 B D:\mioweb5\_vti_cnf\la_vita_e_bella.mp3 --> ftp.patatebollite.altervista.org /_vti_cnf la_vita_e_bella.mp3
114.04.26 11:37 B D:\mioweb5\_vti_cnf\lavori_in_corso.htm --> ftp.patatebollite.altervista.org /_vti_cnf lavori_in_corso.htm
114.04.26 11:37 B D:\mioweb5\_vti_cnf\Lili_Marlene.mp3 --> ftp.patatebollite.altervista.org /_vti_cnf Lili_Marlene.mp3
114.04.26 11:37 B D:\mioweb5\_vti_cnf\Nuova_pagina_1.htm --> ftp.patatebollite.altervista.org /_vti_cnf Nuova_pagina_1.htm
114.04.26 11:37 B D:\mioweb5\_vti_cnf\Nuova_pagina_2.htm --> ftp.patatebollite.altervista.org /_vti_cnf Nuova_pagina_2.htm
114.04.26 11:37 B D:\mioweb5\_vti_cnf\pinocchio.mp3 --> ftp.patatebollite.altervista.org /_vti_cnf pinocchio.mp3
114.04.26 11:37 B D:\mioweb5\_vti_cnf\regno unito.htm --> ftp.patatebollite.altervista.org /_vti_cnf regno unito.htm
114.04.26 11:37 B D:\mioweb5\_vti_cnf\sardegna.htm --> ftp.patatebollite.altervista.org /_vti_cnf sardegna.htm
114.04.26 11:37 B D:\mioweb5\_vti_cnf\Thumbs.db --> ftp.patatebollite.altervista.org /_vti_cnf Thumbs.db
114.04.26 11:37 B D:\mioweb5\_vti_cnf\TV_Theme_-_Ennio_Morricone_-_Bud_Spencer__Terence_Hill_-_Lo_Chiamavano_Trinita.mp3 --> ftp.patatebollite.altervista.org /_vti_cnf TV_Theme_-_Ennio_Morricone_-_Bud_Spencer__Terence_Hill_-_Lo_Chiamavano_Trinita.mp3
114.04.26 11:37 B D:\mioweb5\_vti_cnf\viaggi.htm --> ftp.patatebollite.altervista.org /_vti_cnf viaggi.htm
114.04.26 11:38 B D:\mioweb5\_vti_cnf\WS_FTP.LOG --> ftp.patatebollite.altervista.org /_vti_cnf WS_FTP.LOG
114.04.26 13:12 B D:\mioweb5\_vti_cnf\0308101.gif --> ftp.patatebollite.altervista.org /_vti_cnf 0308101.gif
114.04.26 13:12 B D:\mioweb5\_vti_cnf\2008.htm --> ftp.patatebollite.altervista.org /_vti_cnf 2008.htm
114.04.26 13:12 B D:\mioweb5\_vti_cnf\2009.htm --> ftp.patatebollite.altervista.org /_vti_cnf 2009.htm
114.04.26 13:12 B D:\mioweb5\_vti_cnf\2010.htm --> ftp.patatebollite.altervista.org /_vti_cnf 2010.htm
114.04.26 13:12 B D:\mioweb5\_vti_cnf\2010.mp3 --> ftp.patatebollite.altervista.org /_vti_cnf 2010.mp3
114.04.26 13:12 B D:\mioweb5\_vti_cnf\2011.htm --> ftp.patatebollite.altervista.org /_vti_cnf 2011.htm
114.04.26 13:12 B D:\mioweb5\_vti_cnf\2011.mp3 --> ftp.patatebollite.altervista.org /_vti_cnf 2011.mp3
114.04.26 13:12 B D:\mioweb5\_vti_cnf\2012.htm --> ftp.patatebollite.altervista.org /_vti_cnf 2012.htm
114.04.26 13:12 B D:\mioweb5\_vti_cnf\900.htm --> ftp.patatebollite.altervista.org /_vti_cnf 900.htm
114.04.26 13:12 B D:\mioweb5\_vti_cnf\altre_foto.htm --> ftp.patatebollite.altervista.org /_vti_cnf altre_foto.htm
114.04.26 13:12 B D:\mioweb5\_vti_cnf\altri_tempi.htm --> ftp.patatebollite.altervista.org /_vti_cnf altri_tempi.htm
114.04.26 13:12 B D:\mioweb5\_vti_cnf\Beach_On_The_Beach.mp3 --> ftp.patatebollite.altervista.org /_vti_cnf Beach_On_The_Beach.mp3
114.04.26 13:12 B D:\mioweb5\_vti_cnf\cagliari.htm --> ftp.patatebollite.altervista.org /_vti_cnf cagliari.htm
114.04.26 13:12 B D:\mioweb5\_vti_cnf\Capril.mp3 --> ftp.patatebollite.altervista.org /_vti_cnf Capril.mp3
114.04.26 13:12 B D:\mioweb5\_vti_cnf\Come_passa_il_tempo.mp3 --> ftp.patatebollite.altervista.org /_vti_cnf Come_passa_il_tempo.mp3
114.04.26 13:12 B D:\mioweb5\_vti_cnf\Elisa.mp3 --> ftp.patatebollite.altervista.org /_vti_cnf Elisa.mp3
114.04.26 13:12 B D:\mioweb5\_vti_cnf\francia_2012.htm --> ftp.patatebollite.altervista.org /_vti_cnf francia_2012.htm
114.04.26 13:12 B D:\mioweb5\_vti_cnf\francia_spagna_2004_2005.htm --> ftp.patatebollite.altervista.org /_vti_cnf francia_spagna_2004_2005.htm
114.04.26 13:12 B D:\mioweb5\_vti_cnf\Il_clan_dei_siciliani.mp3 --> ftp.patatebollite.altervista.org /_vti_cnf Il_clan_dei_siciliani.mp3
114.04.26 13:12 B D:\mioweb5\_vti_cnf\index.htm --> ftp.patatebollite.altervista.org /_vti_cnf index.htm
114.04.26 13:12 B D:\mioweb5\_vti_cnf\la_vita_e_bella.mp3 --> ftp.patatebollite.altervista.org /_vti_cnf la_vita_e_bella.mp3
114.04.26 13:12 B D:\mioweb5\_vti_cnf\lavori_in_corso.htm --> ftp.patatebollite.altervista.org /_vti_cnf lavori_in_corso.htm
114.04.26 13:12 B D:\mioweb5\_vti_cnf\Lili_Marlene.mp3 --> ftp.patatebollite.altervista.org /_vti_cnf Lili_Marlene.mp3
114.04.26 13:12 B D:\mioweb5\_vti_cnf\Nuova_pagina_1.htm --> ftp.patatebollite.altervista.org /_vti_cnf Nuova_pagina_1.htm
114.04.26 13:12 B D:\mioweb5\_vti_cnf\Nuova_pagina_2.htm --> ftp.patatebollite.altervista.org /_vti_cnf Nuova_pagina_2.htm
114.04.26 13:12 B D:\mioweb5\_vti_cnf\pinocchio.mp3 --> ftp.patatebollite.altervista.org /_vti_cnf pinocchio.mp3
114.04.26 13:12 B D:\mioweb5\_vti_cnf\regno unito.htm --> ftp.patatebollite.altervista.org /_vti_cnf regno unito.htm
114.04.26 13:12 B D:\mioweb5\_vti_cnf\sardegna.htm --> ftp.patatebollite.altervista.org /_vti_cnf sardegna.htm
114.04.26 13:12 B D:\mioweb5\_vti_cnf\Thumbs.db --> ftp.patatebollite.altervista.org /_vti_cnf Thumbs.db
114.04.26 13:12 B D:\mioweb5\_vti_cnf\TV_Theme_-_Ennio_Morricone_-_Bud_Spencer__Terence_Hill_-_Lo_Chiamavano_Trinita.mp3 --> ftp.patatebollite.altervista.org /_vti_cnf TV_Theme_-_Ennio_Morricone_-_Bud_Spencer__Terence_Hill_-_Lo_Chiamavano_Trinita.mp3
114.04.26 13:12 B D:\mioweb5\_vti_cnf\viaggi.htm --> ftp.patatebollite.altervista.org /_vti_cnf viaggi.htm
114.04.26 13:12 B D:\mioweb5\_vti_cnf\WS_FTP.LOG --> ftp.patatebollite.altervista.org /_vti_cnf WS_FTP.LOG
114.05.20 19:49 B D:\mioweb5\_vti_cnf\0308101.gif --> ftp.jokermonello.altervista.org /_vti_cnf 0308101.gif
114.05.20 19:49 B D:\mioweb5\_vti_cnf\2008.htm --> ftp.jokermonello.altervista.org /_vti_cnf 2008.htm
114.05.20 19:49 B D:\mioweb5\_vti_cnf\2009.htm --> ftp.jokermonello.altervista.org /_vti_cnf 2009.htm
114.05.20 19:49 B D:\mioweb5\_vti_cnf\2010.htm --> ftp.jokermonello.altervista.org /_vti_cnf 2010.htm
114.05.20 19:49 B D:\mioweb5\_vti_cnf\2010.mp3 --> ftp.jokermonello.altervista.org /_vti_cnf 2010.mp3
114.05.20 19:49 B D:\mioweb5\_vti_cnf\2011.htm --> ftp.jokermonello.altervista.org /_vti_cnf 2011.htm
114.05.20 19:50 B D:\mioweb5\_vti_cnf\2011.mp3 --> ftp.jokermonello.altervista.org /_vti_cnf 2011.mp3
114.05.20 19:50 B D:\mioweb5\_vti_cnf\2012.htm --> ftp.jokermonello.altervista.org /_vti_cnf 2012.htm
114.05.20 19:50 B D:\mioweb5\_vti_cnf\900.htm --> ftp.jokermonello.altervista.org /_vti_cnf 900.htm
114.05.20 19:50 B D:\mioweb5\_vti_cnf\altre_foto.htm --> ftp.jokermonello.altervista.org /_vti_cnf altre_foto.htm
114.05.20 19:50 B D:\mioweb5\_vti_cnf\altri_tempi.htm --> ftp.jokermonello.altervista.org /_vti_cnf altri_tempi.htm
114.05.20 19:50 B D:\mioweb5\_vti_cnf\Beach_On_The_Beach.mp3 --> ftp.jokermonello.altervista.org /_vti_cnf Beach_On_The_Beach.mp3
114.05.20 19:50 B D:\mioweb5\_vti_cnf\cagliari.htm --> ftp.jokermonello.altervista.org /_vti_cnf cagliari.htm
114.05.20 19:50 B D:\mioweb5\_vti_cnf\Capril.mp3 --> ftp.jokermonello.altervista.org /_vti_cnf Capril.mp3
114.05.20 19:50 B D:\mioweb5\_vti_cnf\Come_passa_il_tempo.mp3 --> ftp.jokermonello.altervista.org /_vti_cnf Come_passa_il_tempo.mp3
114.05.20 19:50 B D:\mioweb5\_vti_cnf\Elisa.mp3 --> ftp.jokermonello.altervista.org /_vti_cnf Elisa.mp3
114.05.20 19:50 B D:\mioweb5\_vti_cnf\francia_2012.htm --> ftp.jokermonello.altervista.org /_vti_cnf francia_2012.htm
114.05.20 19:50 B D:\mioweb5\_vti_cnf\francia_spagna_2004_2005.htm --> ftp.jokermonello.altervista.org /_vti_cnf francia_spagna_2004_2005.htm
114.05.20 19:50 B D:\mioweb5\_vti_cnf\Il_clan_dei_siciliani.mp3 --> ftp.jokermonello.altervista.org /_vti_cnf Il_clan_dei_siciliani.mp3
114.05.20 19:50 B D:\mioweb5\_vti_cnf\index.htm --> ftp.jokermonello.altervista.org /_vti_cnf index.htm
114.05.20 19:50 B D:\mioweb5\_vti_cnf\la_vita_e_bella.mp3 --> ftp.jokermonello.altervista.org /_vti_cnf la_vita_e_bella.mp3
114.05.20 19:50 B D:\mioweb5\_vti_cnf\lavori_in_corso.htm --> ftp.jokermonello.altervista.org /_vti_cnf lavori_in_corso.htm
114.05.20 19:50 B D:\mioweb5\_vti_cnf\Lili_Marlene.mp3 --> ftp.jokermonello.altervista.org /_vti_cnf Lili_Marlene.mp3
114.05.20 19:50 B D:\mioweb5\_vti_cnf\Nuova_pagina_1.htm --> ftp.jokermonello.altervista.org /_vti_cnf Nuova_pagina_1.htm
114.05.20 19:50 B D:\mioweb5\_vti_cnf\Nuova_pagina_2.htm --> ftp.jokermonello.altervista.org /_vti_cnf Nuova_pagina_2.htm
114.05.20 19:50 B D:\mioweb5\_vti_cnf\pinocchio.mp3 --> ftp.jokermonello.altervista.org /_vti_cnf pinocchio.mp3
114.05.20 19:50 B D:\mioweb5\_vti_cnf\regno unito.htm --> ftp.jokermonello.altervista.org /_vti_cnf regno unito.htm
114.05.20 19:50 B D:\mioweb5\_vti_cnf\sardegna.htm --> ftp.jokermonello.altervista.org /_vti_cnf sardegna.htm
114.05.20 19:50 B D:\mioweb5\_vti_cnf\Thumbs.db --> ftp.jokermonello.altervista.org /_vti_cnf Thumbs.db
114.05.20 19:50 B D:\mioweb5\_vti_cnf\TV_Theme_-_Ennio_Morricone_-_Bud_Spencer__Terence_Hill_-_Lo_Chiamavano_Trinita.mp3 --> ftp.jokermonello.altervista.org /_vti_cnf TV_Theme_-_Ennio_Morricone_-_Bud_Spencer__Terence_Hill_-_Lo_Chiamavano_Trinita.mp3
114.05.20 19:50 B D:\mioweb5\_vti_cnf\viaggi.htm --> ftp.jokermonello.altervista.org /_vti_cnf viaggi.htm
114.05.20 19:50 B D:\mioweb5\_vti_cnf\WS_FTP.LOG --> ftp.jokermonello.altervista.org /_vti_cnf WS_FTP.LOG
